[2023-03-22T16:59:19.703+0300] {taskinstance.py:1084} INFO - Dependencies all met for dep_context=non-requeueable deps ti=<TaskInstance: car_price_prediction.model_creation scheduled__2022-08-18T15:00:00+00:00 [queued]>
[2023-03-22T16:59:19.716+0300] {taskinstance.py:1084} INFO - Dependencies all met for dep_context=requeueable deps ti=<TaskInstance: car_price_prediction.model_creation scheduled__2022-08-18T15:00:00+00:00 [queued]>
[2023-03-22T16:59:19.717+0300] {taskinstance.py:1282} INFO - 
--------------------------------------------------------------------------------
[2023-03-22T16:59:19.717+0300] {taskinstance.py:1283} INFO - Starting attempt 1 of 2
[2023-03-22T16:59:19.717+0300] {taskinstance.py:1284} INFO - 
--------------------------------------------------------------------------------
[2023-03-22T16:59:19.733+0300] {taskinstance.py:1303} INFO - Executing <Task(PythonOperator): model_creation> on 2022-08-18 15:00:00+00:00
[2023-03-22T16:59:19.740+0300] {standard_task_runner.py:55} INFO - Started process 11853 to run task
[2023-03-22T16:59:19.744+0300] {standard_task_runner.py:82} INFO - Running: ['airflow', 'tasks', 'run', 'car_price_prediction', 'model_creation', 'scheduled__2022-08-18T15:00:00+00:00', '--job-id', '903', '--raw', '--subdir', 'DAGS_FOLDER/hw_dag.py', '--cfg-path', '/tmp/tmp623hc6hp']
[2023-03-22T16:59:19.746+0300] {standard_task_runner.py:83} INFO - Job 903: Subtask model_creation
[2023-03-22T16:59:19.854+0300] {task_command.py:388} INFO - Running <TaskInstance: car_price_prediction.model_creation scheduled__2022-08-18T15:00:00+00:00 [running]> on host sgm-msi
[2023-03-22T16:59:19.962+0300] {taskinstance.py:1509} INFO - Exporting the following env vars:
AIRFLOW_CTX_DAG_OWNER=airflow
AIRFLOW_CTX_DAG_ID=car_price_prediction
AIRFLOW_CTX_TASK_ID=model_creation
AIRFLOW_CTX_EXECUTION_DATE=2022-08-18T15:00:00+00:00
AIRFLOW_CTX_TRY_NUMBER=1
AIRFLOW_CTX_DAG_RUN_ID=scheduled__2022-08-18T15:00:00+00:00
[2023-03-22T16:59:21.974+0300] {pipeline.py:121} INFO - model: LogisticRegression, acc_mean: 0.7591, acc_std: 0.0075
[2023-03-22T16:59:55.713+0300] {pipeline.py:121} INFO - model: RandomForestClassifier, acc_mean: 0.7782, acc_std: 0.0039
[2023-03-22T17:00:10.552+0300] {pipeline.py:121} INFO - model: SVC, acc_mean: 0.7871, acc_std: 0.0042
[2023-03-22T17:00:10.552+0300] {pipeline.py:126} INFO - best model: SVC, accuracy: 0.7871
[2023-03-22T17:00:17.635+0300] {pipeline.py:134} INFO - Model is saved as /home/sgm/PycharmProjects/33homework/data/models/cars_pipe.pkl
[2023-03-22T17:00:17.638+0300] {python.py:177} INFO - Done. Returned value was: None
[2023-03-22T17:00:17.656+0300] {taskinstance.py:1321} INFO - Marking task as SUCCESS. dag_id=car_price_prediction, task_id=model_creation, execution_date=20220818T150000, start_date=20230322T135919, end_date=20230322T140017
[2023-03-22T17:00:17.728+0300] {local_task_job.py:212} INFO - Task exited with return code 0
[2023-03-22T17:00:17.757+0300] {taskinstance.py:2585} INFO - 1 downstream tasks scheduled from follow-on schedule check
