[2023-03-22T17:03:14.445+0300] {taskinstance.py:1084} INFO - Dependencies all met for dep_context=non-requeueable deps ti=<TaskInstance: car_price_prediction.model_creation manual__2023-03-22T14:03:12.568716+00:00 [queued]>
[2023-03-22T17:03:14.455+0300] {taskinstance.py:1084} INFO - Dependencies all met for dep_context=requeueable deps ti=<TaskInstance: car_price_prediction.model_creation manual__2023-03-22T14:03:12.568716+00:00 [queued]>
[2023-03-22T17:03:14.455+0300] {taskinstance.py:1282} INFO - 
--------------------------------------------------------------------------------
[2023-03-22T17:03:14.455+0300] {taskinstance.py:1283} INFO - Starting attempt 1 of 2
[2023-03-22T17:03:14.456+0300] {taskinstance.py:1284} INFO - 
--------------------------------------------------------------------------------
[2023-03-22T17:03:14.469+0300] {taskinstance.py:1303} INFO - Executing <Task(PythonOperator): model_creation> on 2023-03-22 14:03:12.568716+00:00
[2023-03-22T17:03:14.477+0300] {standard_task_runner.py:55} INFO - Started process 17826 to run task
[2023-03-22T17:03:14.480+0300] {standard_task_runner.py:82} INFO - Running: ['airflow', 'tasks', 'run', 'car_price_prediction', 'model_creation', 'manual__2023-03-22T14:03:12.568716+00:00', '--job-id', '1003', '--raw', '--subdir', 'DAGS_FOLDER/hw_dag.py', '--cfg-path', '/tmp/tmp531ytgp8']
[2023-03-22T17:03:14.483+0300] {standard_task_runner.py:83} INFO - Job 1003: Subtask model_creation
[2023-03-22T17:03:14.570+0300] {task_command.py:388} INFO - Running <TaskInstance: car_price_prediction.model_creation manual__2023-03-22T14:03:12.568716+00:00 [running]> on host sgm-msi
[2023-03-22T17:03:14.660+0300] {taskinstance.py:1509} INFO - Exporting the following env vars:
AIRFLOW_CTX_DAG_OWNER=airflow
AIRFLOW_CTX_DAG_ID=car_price_prediction
AIRFLOW_CTX_TASK_ID=model_creation
AIRFLOW_CTX_EXECUTION_DATE=2023-03-22T14:03:12.568716+00:00
AIRFLOW_CTX_TRY_NUMBER=1
AIRFLOW_CTX_DAG_RUN_ID=manual__2023-03-22T14:03:12.568716+00:00
[2023-03-22T17:03:16.195+0300] {pipeline.py:121} INFO - model: LogisticRegression, acc_mean: 0.7591, acc_std: 0.0075
[2023-03-22T17:03:53.918+0300] {pipeline.py:121} INFO - model: RandomForestClassifier, acc_mean: 0.7782, acc_std: 0.0039
[2023-03-22T17:04:05.554+0300] {pipeline.py:121} INFO - model: SVC, acc_mean: 0.7871, acc_std: 0.0042
[2023-03-22T17:04:05.554+0300] {pipeline.py:126} INFO - best model: SVC, accuracy: 0.7871
[2023-03-22T17:04:08.306+0300] {pipeline.py:134} INFO - Model is saved as /home/sgm/PycharmProjects/33homework/data/models/cars_pipe.pkl
[2023-03-22T17:04:08.308+0300] {python.py:177} INFO - Done. Returned value was: None
[2023-03-22T17:04:08.317+0300] {taskinstance.py:1321} INFO - Marking task as SUCCESS. dag_id=car_price_prediction, task_id=model_creation, execution_date=20230322T140312, start_date=20230322T140314, end_date=20230322T140408
[2023-03-22T17:04:08.340+0300] {local_task_job.py:212} INFO - Task exited with return code 0
[2023-03-22T17:04:08.358+0300] {taskinstance.py:2585} INFO - 1 downstream tasks scheduled from follow-on schedule check
