[2023-03-22T16:58:33.257+0300] {taskinstance.py:1084} INFO - Dependencies all met for dep_context=non-requeueable deps ti=<TaskInstance: car_price_prediction.price_prediction scheduled__2022-07-23T15:00:00+00:00 [queued]>
[2023-03-22T16:58:33.269+0300] {taskinstance.py:1084} INFO - Dependencies all met for dep_context=requeueable deps ti=<TaskInstance: car_price_prediction.price_prediction scheduled__2022-07-23T15:00:00+00:00 [queued]>
[2023-03-22T16:58:33.269+0300] {taskinstance.py:1282} INFO - 
--------------------------------------------------------------------------------
[2023-03-22T16:58:33.269+0300] {taskinstance.py:1283} INFO - Starting attempt 1 of 2
[2023-03-22T16:58:33.269+0300] {taskinstance.py:1284} INFO - 
--------------------------------------------------------------------------------
[2023-03-22T16:58:33.283+0300] {taskinstance.py:1303} INFO - Executing <Task(PythonOperator): price_prediction> on 2022-07-23 15:00:00+00:00
[2023-03-22T16:58:33.290+0300] {standard_task_runner.py:55} INFO - Started process 10535 to run task
[2023-03-22T16:58:33.293+0300] {standard_task_runner.py:82} INFO - Running: ['airflow', 'tasks', 'run', 'car_price_prediction', 'price_prediction', 'scheduled__2022-07-23T15:00:00+00:00', '--job-id', '877', '--raw', '--subdir', 'DAGS_FOLDER/hw_dag.py', '--cfg-path', '/tmp/tmpbuisbna_']
[2023-03-22T16:58:33.295+0300] {standard_task_runner.py:83} INFO - Job 877: Subtask price_prediction
[2023-03-22T16:58:33.388+0300] {task_command.py:388} INFO - Running <TaskInstance: car_price_prediction.price_prediction scheduled__2022-07-23T15:00:00+00:00 [running]> on host sgm-msi
[2023-03-22T16:58:33.480+0300] {taskinstance.py:1509} INFO - Exporting the following env vars:
AIRFLOW_CTX_DAG_OWNER=airflow
AIRFLOW_CTX_DAG_ID=car_price_prediction
AIRFLOW_CTX_TASK_ID=price_prediction
AIRFLOW_CTX_EXECUTION_DATE=2022-07-23T15:00:00+00:00
AIRFLOW_CTX_TRY_NUMBER=1
AIRFLOW_CTX_DAG_RUN_ID=scheduled__2022-07-23T15:00:00+00:00
[2023-03-22T16:58:33.598+0300] {predict.py:44} INFO - Model is saved as /home/sgm/PycharmProjects/33homework/data/predictions/preds_202303221658.csv
[2023-03-22T16:58:33.598+0300] {python.py:177} INFO - Done. Returned value was: None
[2023-03-22T16:58:33.614+0300] {taskinstance.py:1321} INFO - Marking task as SUCCESS. dag_id=car_price_prediction, task_id=price_prediction, execution_date=20220723T150000, start_date=20230322T135833, end_date=20230322T135833
[2023-03-22T16:58:33.665+0300] {local_task_job.py:212} INFO - Task exited with return code 0
[2023-03-22T16:58:33.692+0300] {taskinstance.py:2585} INFO - 0 downstream tasks scheduled from follow-on schedule check
