[2023-03-22T17:04:31.751+0300] {taskinstance.py:1084} INFO - Dependencies all met for dep_context=non-requeueable deps ti=<TaskInstance: car_price_prediction.model_creation scheduled__2022-10-17T15:00:00+00:00 [queued]>
[2023-03-22T17:04:31.763+0300] {taskinstance.py:1084} INFO - Dependencies all met for dep_context=requeueable deps ti=<TaskInstance: car_price_prediction.model_creation scheduled__2022-10-17T15:00:00+00:00 [queued]>
[2023-03-22T17:04:31.764+0300] {taskinstance.py:1282} INFO - 
--------------------------------------------------------------------------------
[2023-03-22T17:04:31.764+0300] {taskinstance.py:1283} INFO - Starting attempt 1 of 2
[2023-03-22T17:04:31.764+0300] {taskinstance.py:1284} INFO - 
--------------------------------------------------------------------------------
[2023-03-22T17:04:31.780+0300] {taskinstance.py:1303} INFO - Executing <Task(PythonOperator): model_creation> on 2022-10-17 15:00:00+00:00
[2023-03-22T17:04:31.787+0300] {standard_task_runner.py:55} INFO - Started process 19522 to run task
[2023-03-22T17:04:31.790+0300] {standard_task_runner.py:82} INFO - Running: ['airflow', 'tasks', 'run', 'car_price_prediction', 'model_creation', 'scheduled__2022-10-17T15:00:00+00:00', '--job-id', '1032', '--raw', '--subdir', 'DAGS_FOLDER/hw_dag.py', '--cfg-path', '/tmp/tmpn3f4rc9s']
[2023-03-22T17:04:31.792+0300] {standard_task_runner.py:83} INFO - Job 1032: Subtask model_creation
[2023-03-22T17:04:31.926+0300] {task_command.py:388} INFO - Running <TaskInstance: car_price_prediction.model_creation scheduled__2022-10-17T15:00:00+00:00 [running]> on host sgm-msi
[2023-03-22T17:04:32.043+0300] {taskinstance.py:1509} INFO - Exporting the following env vars:
AIRFLOW_CTX_DAG_OWNER=airflow
AIRFLOW_CTX_DAG_ID=car_price_prediction
AIRFLOW_CTX_TASK_ID=model_creation
AIRFLOW_CTX_EXECUTION_DATE=2022-10-17T15:00:00+00:00
AIRFLOW_CTX_TRY_NUMBER=1
AIRFLOW_CTX_DAG_RUN_ID=scheduled__2022-10-17T15:00:00+00:00
[2023-03-22T17:04:33.690+0300] {pipeline.py:121} INFO - model: LogisticRegression, acc_mean: 0.7591, acc_std: 0.0075
[2023-03-22T17:05:07.945+0300] {pipeline.py:121} INFO - model: RandomForestClassifier, acc_mean: 0.7782, acc_std: 0.0039
[2023-03-22T17:05:36.711+0300] {pipeline.py:121} INFO - model: SVC, acc_mean: 0.7871, acc_std: 0.0042
[2023-03-22T17:05:36.712+0300] {pipeline.py:126} INFO - best model: SVC, accuracy: 0.7871
[2023-03-22T17:05:42.447+0300] {pipeline.py:134} INFO - Model is saved as /home/sgm/PycharmProjects/33homework/data/models/cars_pipe.pkl
[2023-03-22T17:05:42.450+0300] {python.py:177} INFO - Done. Returned value was: None
[2023-03-22T17:05:42.464+0300] {taskinstance.py:1321} INFO - Marking task as SUCCESS. dag_id=car_price_prediction, task_id=model_creation, execution_date=20221017T150000, start_date=20230322T140431, end_date=20230322T140542
[2023-03-22T17:05:42.500+0300] {local_task_job.py:212} INFO - Task exited with return code 0
[2023-03-22T17:05:42.530+0300] {taskinstance.py:2585} INFO - 1 downstream tasks scheduled from follow-on schedule check
