[2023-03-22T17:05:54.105+0300] {taskinstance.py:1084} INFO - Dependencies all met for dep_context=non-requeueable deps ti=<TaskInstance: car_price_prediction.model_creation scheduled__2022-10-27T15:00:00+00:00 [queued]>
[2023-03-22T17:05:54.121+0300] {taskinstance.py:1084} INFO - Dependencies all met for dep_context=requeueable deps ti=<TaskInstance: car_price_prediction.model_creation scheduled__2022-10-27T15:00:00+00:00 [queued]>
[2023-03-22T17:05:54.121+0300] {taskinstance.py:1282} INFO - 
--------------------------------------------------------------------------------
[2023-03-22T17:05:54.121+0300] {taskinstance.py:1283} INFO - Starting attempt 1 of 2
[2023-03-22T17:05:54.121+0300] {taskinstance.py:1284} INFO - 
--------------------------------------------------------------------------------
[2023-03-22T17:05:54.139+0300] {taskinstance.py:1303} INFO - Executing <Task(PythonOperator): model_creation> on 2022-10-27 15:00:00+00:00
[2023-03-22T17:05:54.147+0300] {standard_task_runner.py:55} INFO - Started process 21280 to run task
[2023-03-22T17:05:54.164+0300] {standard_task_runner.py:82} INFO - Running: ['airflow', 'tasks', 'run', 'car_price_prediction', 'model_creation', 'scheduled__2022-10-27T15:00:00+00:00', '--job-id', '1058', '--raw', '--subdir', 'DAGS_FOLDER/hw_dag.py', '--cfg-path', '/tmp/tmp5v7b5na0']
[2023-03-22T17:05:54.166+0300] {standard_task_runner.py:83} INFO - Job 1058: Subtask model_creation
[2023-03-22T17:05:54.285+0300] {task_command.py:388} INFO - Running <TaskInstance: car_price_prediction.model_creation scheduled__2022-10-27T15:00:00+00:00 [running]> on host sgm-msi
[2023-03-22T17:05:54.395+0300] {taskinstance.py:1509} INFO - Exporting the following env vars:
AIRFLOW_CTX_DAG_OWNER=airflow
AIRFLOW_CTX_DAG_ID=car_price_prediction
AIRFLOW_CTX_TASK_ID=model_creation
AIRFLOW_CTX_EXECUTION_DATE=2022-10-27T15:00:00+00:00
AIRFLOW_CTX_TRY_NUMBER=1
AIRFLOW_CTX_DAG_RUN_ID=scheduled__2022-10-27T15:00:00+00:00
[2023-03-22T17:05:56.058+0300] {pipeline.py:121} INFO - model: LogisticRegression, acc_mean: 0.7591, acc_std: 0.0075
[2023-03-22T17:06:27.213+0300] {pipeline.py:121} INFO - model: RandomForestClassifier, acc_mean: 0.7782, acc_std: 0.0039
[2023-03-22T17:06:49.247+0300] {pipeline.py:121} INFO - model: SVC, acc_mean: 0.7871, acc_std: 0.0042
[2023-03-22T17:06:49.248+0300] {pipeline.py:126} INFO - best model: SVC, accuracy: 0.7871
[2023-03-22T17:06:56.727+0300] {pipeline.py:134} INFO - Model is saved as /home/sgm/PycharmProjects/33homework/data/models/cars_pipe.pkl
[2023-03-22T17:06:56.731+0300] {python.py:177} INFO - Done. Returned value was: None
[2023-03-22T17:06:56.749+0300] {taskinstance.py:1321} INFO - Marking task as SUCCESS. dag_id=car_price_prediction, task_id=model_creation, execution_date=20221027T150000, start_date=20230322T140554, end_date=20230322T140656
[2023-03-22T17:06:56.804+0300] {local_task_job.py:212} INFO - Task exited with return code 0
[2023-03-22T17:06:56.841+0300] {taskinstance.py:2585} INFO - 1 downstream tasks scheduled from follow-on schedule check
