[2023-03-22T14:19:11.997+0300] {manager.py:483} INFO - Processing files using up to 2 processes at a time 
[2023-03-22T14:19:11.998+0300] {manager.py:484} INFO - Process each file at most once every 30 seconds
[2023-03-22T14:19:11.998+0300] {manager.py:485} INFO - Checking for new files in /home/sgm/airflow/dags every 300 seconds
[2023-03-22T14:19:11.998+0300] {manager.py:724} INFO - Searching for files in /home/sgm/airflow/dags
[2023-03-22T14:19:12.000+0300] {manager.py:727} INFO - There are 1 files in /home/sgm/airflow/dags
[2023-03-22T14:19:12.036+0300] {manager.py:846} INFO - 
================================================================================
DAG File Processing Stats

File Path                           PID  Runtime      # DAGs    # Errors  Last Runtime    Last Run
--------------------------------  -----  ---------  --------  ----------  --------------  ----------
/home/sgm/airflow/dags/hw_dag.py   9780  0.01s             0           0
================================================================================
[2023-03-22T14:19:42.291+0300] {manager.py:846} INFO - 
================================================================================
DAG File Processing Stats

File Path                           PID  Runtime      # DAGs    # Errors  Last Runtime    Last Run
--------------------------------  -----  ---------  --------  ----------  --------------  -------------------
/home/sgm/airflow/dags/hw_dag.py   9880  0.00s             0           1  0.03s           2023-03-22T11:19:12
================================================================================
[2023-03-22T14:20:12.555+0300] {manager.py:846} INFO - 
================================================================================
DAG File Processing Stats

File Path                           PID  Runtime      # DAGs    # Errors  Last Runtime    Last Run
--------------------------------  -----  ---------  --------  ----------  --------------  -------------------
/home/sgm/airflow/dags/hw_dag.py   9925  0.01s             0           1  0.03s           2023-03-22T11:19:42
================================================================================
[2023-03-22T14:20:42.762+0300] {manager.py:846} INFO - 
================================================================================
DAG File Processing Stats

File Path                           PID  Runtime      # DAGs    # Errors  Last Runtime    Last Run
--------------------------------  -----  ---------  --------  ----------  --------------  -------------------
/home/sgm/airflow/dags/hw_dag.py   9954  0.01s             0           1  0.04s           2023-03-22T11:20:12
================================================================================
[2023-03-22T14:21:13.043+0300] {manager.py:846} INFO - 
================================================================================
DAG File Processing Stats

File Path                           PID  Runtime      # DAGs    # Errors  Last Runtime    Last Run
--------------------------------  -----  ---------  --------  ----------  --------------  -------------------
/home/sgm/airflow/dags/hw_dag.py   9976  0.01s             0           1  0.04s           2023-03-22T11:20:42
================================================================================
[2023-03-22T14:21:43.336+0300] {manager.py:846} INFO - 
================================================================================
DAG File Processing Stats

File Path                           PID  Runtime      # DAGs    # Errors  Last Runtime    Last Run
--------------------------------  -----  ---------  --------  ----------  --------------  -------------------
/home/sgm/airflow/dags/hw_dag.py  10048  0.01s             0           1  0.04s           2023-03-22T11:21:13
================================================================================
[2023-03-22T14:22:13.575+0300] {manager.py:846} INFO - 
================================================================================
DAG File Processing Stats

File Path                           PID  Runtime      # DAGs    # Errors  Last Runtime    Last Run
--------------------------------  -----  ---------  --------  ----------  --------------  -------------------
/home/sgm/airflow/dags/hw_dag.py  10105  0.01s             0           1  0.04s           2023-03-22T11:21:43
================================================================================
[2023-03-22T14:22:43.795+0300] {manager.py:846} INFO - 
================================================================================
DAG File Processing Stats

File Path                           PID  Runtime      # DAGs    # Errors  Last Runtime    Last Run
--------------------------------  -----  ---------  --------  ----------  --------------  -------------------
/home/sgm/airflow/dags/hw_dag.py  10170  0.01s             0           1  0.04s           2023-03-22T11:22:13
================================================================================
[2023-03-22T14:23:14.044+0300] {manager.py:846} INFO - 
================================================================================
DAG File Processing Stats

File Path                           PID  Runtime      # DAGs    # Errors  Last Runtime    Last Run
--------------------------------  -----  ---------  --------  ----------  --------------  -------------------
/home/sgm/airflow/dags/hw_dag.py  10312  0.01s             0           1  0.04s           2023-03-22T11:22:43
================================================================================
[2023-03-22T14:23:44.305+0300] {manager.py:846} INFO - 
================================================================================
DAG File Processing Stats

File Path                           PID  Runtime      # DAGs    # Errors  Last Runtime    Last Run
--------------------------------  -----  ---------  --------  ----------  --------------  -------------------
/home/sgm/airflow/dags/hw_dag.py  10382  0.00s             0           1  0.04s           2023-03-22T11:23:14
================================================================================
[2023-03-22T14:24:12.549+0300] {manager.py:724} INFO - Searching for files in /home/sgm/airflow/dags
[2023-03-22T14:24:12.551+0300] {manager.py:727} INFO - There are 1 files in /home/sgm/airflow/dags
[2023-03-22T14:24:14.594+0300] {manager.py:846} INFO - 
================================================================================
DAG File Processing Stats

File Path                           PID  Runtime      # DAGs    # Errors  Last Runtime    Last Run
--------------------------------  -----  ---------  --------  ----------  --------------  -------------------
/home/sgm/airflow/dags/hw_dag.py  10424  0.01s             0           1  0.03s           2023-03-22T11:23:44
================================================================================
[2023-03-22T14:24:44.875+0300] {manager.py:846} INFO - 
================================================================================
DAG File Processing Stats

File Path                           PID  Runtime      # DAGs    # Errors  Last Runtime    Last Run
--------------------------------  -----  ---------  --------  ----------  --------------  -------------------
/home/sgm/airflow/dags/hw_dag.py  10471  0.01s             0           1  0.04s           2023-03-22T11:24:14
================================================================================
[2023-03-22T14:25:15.145+0300] {manager.py:846} INFO - 
================================================================================
DAG File Processing Stats

File Path                           PID  Runtime      # DAGs    # Errors  Last Runtime    Last Run
--------------------------------  -----  ---------  --------  ----------  --------------  -------------------
/home/sgm/airflow/dags/hw_dag.py  10546  0.01s             0           1  0.04s           2023-03-22T11:24:44
================================================================================
[2023-03-22T14:25:45.392+0300] {manager.py:846} INFO - 
================================================================================
DAG File Processing Stats

File Path                           PID  Runtime      # DAGs    # Errors  Last Runtime    Last Run
--------------------------------  -----  ---------  --------  ----------  --------------  -------------------
/home/sgm/airflow/dags/hw_dag.py  10602  0.00s             0           1  0.04s           2023-03-22T11:25:15
================================================================================
[2023-03-22T14:26:15.638+0300] {manager.py:846} INFO - 
================================================================================
DAG File Processing Stats

File Path                           PID  Runtime      # DAGs    # Errors  Last Runtime    Last Run
--------------------------------  -----  ---------  --------  ----------  --------------  -------------------
/home/sgm/airflow/dags/hw_dag.py  10661  0.01s             0           1  0.03s           2023-03-22T11:25:45
================================================================================
[2023-03-22T14:26:45.916+0300] {manager.py:846} INFO - 
================================================================================
DAG File Processing Stats

File Path                           PID  Runtime      # DAGs    # Errors  Last Runtime    Last Run
--------------------------------  -----  ---------  --------  ----------  --------------  -------------------
/home/sgm/airflow/dags/hw_dag.py  10729  0.01s             0           1  0.04s           2023-03-22T11:26:15
================================================================================
[2023-03-22T14:27:16.209+0300] {manager.py:846} INFO - 
================================================================================
DAG File Processing Stats

File Path                           PID  Runtime      # DAGs    # Errors  Last Runtime    Last Run
--------------------------------  -----  ---------  --------  ----------  --------------  -------------------
/home/sgm/airflow/dags/hw_dag.py  10816  0.01s             0           1  0.04s           2023-03-22T11:26:45
================================================================================
[2023-03-22T14:27:46.507+0300] {manager.py:846} INFO - 
================================================================================
DAG File Processing Stats

File Path                           PID  Runtime      # DAGs    # Errors  Last Runtime    Last Run
--------------------------------  -----  ---------  --------  ----------  --------------  -------------------
/home/sgm/airflow/dags/hw_dag.py  10852  0.01s             0           1  0.04s           2023-03-22T11:27:16
================================================================================
[2023-03-22T14:28:16.795+0300] {manager.py:846} INFO - 
================================================================================
DAG File Processing Stats

File Path                           PID  Runtime      # DAGs    # Errors  Last Runtime    Last Run
--------------------------------  -----  ---------  --------  ----------  --------------  -------------------
/home/sgm/airflow/dags/hw_dag.py  10889  0.01s             0           1  0.04s           2023-03-22T11:27:46
================================================================================
[2023-03-22T14:28:47.048+0300] {manager.py:846} INFO - 
================================================================================
DAG File Processing Stats

File Path                           PID  Runtime      # DAGs    # Errors  Last Runtime    Last Run
--------------------------------  -----  ---------  --------  ----------  --------------  -------------------
/home/sgm/airflow/dags/hw_dag.py  10917  0.00s             0           1  0.04s           2023-03-22T11:28:16
================================================================================
[2023-03-22T14:29:13.275+0300] {manager.py:724} INFO - Searching for files in /home/sgm/airflow/dags
[2023-03-22T14:29:13.285+0300] {manager.py:727} INFO - There are 1 files in /home/sgm/airflow/dags
[2023-03-22T14:29:17.344+0300] {manager.py:846} INFO - 
================================================================================
DAG File Processing Stats

File Path                           PID  Runtime      # DAGs    # Errors  Last Runtime    Last Run
--------------------------------  -----  ---------  --------  ----------  --------------  -------------------
/home/sgm/airflow/dags/hw_dag.py  10947  0.00s             0           1  0.03s           2023-03-22T11:28:47
================================================================================
[2023-03-22T14:29:47.624+0300] {manager.py:846} INFO - 
================================================================================
DAG File Processing Stats

File Path                           PID  Runtime      # DAGs    # Errors  Last Runtime    Last Run
--------------------------------  -----  ---------  --------  ----------  --------------  -------------------
/home/sgm/airflow/dags/hw_dag.py  11093  0.01s             0           1  0.04s           2023-03-22T11:29:17
================================================================================
[2023-03-22T14:30:17.872+0300] {manager.py:846} INFO - 
================================================================================
DAG File Processing Stats

File Path                           PID  Runtime      # DAGs    # Errors  Last Runtime    Last Run
--------------------------------  -----  ---------  --------  ----------  --------------  -------------------
/home/sgm/airflow/dags/hw_dag.py  11151  0.01s             0           1  0.04s           2023-03-22T11:29:47
================================================================================
[2023-03-22T14:30:48.169+0300] {manager.py:846} INFO - 
================================================================================
DAG File Processing Stats

File Path                           PID  Runtime      # DAGs    # Errors  Last Runtime    Last Run
--------------------------------  -----  ---------  --------  ----------  --------------  -------------------
/home/sgm/airflow/dags/hw_dag.py  11176  0.01s             0           1  0.04s           2023-03-22T11:30:17
================================================================================
[2023-03-22T14:31:18.440+0300] {manager.py:846} INFO - 
================================================================================
DAG File Processing Stats

File Path                           PID  Runtime      # DAGs    # Errors  Last Runtime    Last Run
--------------------------------  -----  ---------  --------  ----------  --------------  -------------------
/home/sgm/airflow/dags/hw_dag.py  11364  0.01s             0           1  0.04s           2023-03-22T11:30:48
================================================================================
[2023-03-22T14:31:48.715+0300] {manager.py:846} INFO - 
================================================================================
DAG File Processing Stats

File Path                           PID  Runtime      # DAGs    # Errors  Last Runtime    Last Run
--------------------------------  -----  ---------  --------  ----------  --------------  -------------------
/home/sgm/airflow/dags/hw_dag.py  11469  0.01s             0           1  0.04s           2023-03-22T11:31:18
================================================================================
[2023-03-22T14:32:18.970+0300] {manager.py:846} INFO - 
================================================================================
DAG File Processing Stats

File Path                           PID  Runtime      # DAGs    # Errors  Last Runtime    Last Run
--------------------------------  -----  ---------  --------  ----------  --------------  -------------------
/home/sgm/airflow/dags/hw_dag.py  11499  0.01s             0           1  0.05s           2023-03-22T11:31:48
================================================================================
[2023-03-22T14:32:49.196+0300] {manager.py:846} INFO - 
================================================================================
DAG File Processing Stats

File Path                           PID  Runtime      # DAGs    # Errors  Last Runtime    Last Run
--------------------------------  -----  ---------  --------  ----------  --------------  -------------------
/home/sgm/airflow/dags/hw_dag.py  11545  0.00s             0           1  0.04s           2023-03-22T11:32:19
================================================================================
[2023-03-22T14:33:19.423+0300] {manager.py:846} INFO - 
================================================================================
DAG File Processing Stats

File Path                           PID  Runtime      # DAGs    # Errors  Last Runtime    Last Run
--------------------------------  -----  ---------  --------  ----------  --------------  -------------------
/home/sgm/airflow/dags/hw_dag.py  11632  0.01s             0           1  0.03s           2023-03-22T11:32:49
================================================================================
[2023-03-22T14:33:49.693+0300] {manager.py:846} INFO - 
================================================================================
DAG File Processing Stats

File Path                           PID  Runtime      # DAGs    # Errors  Last Runtime    Last Run
--------------------------------  -----  ---------  --------  ----------  --------------  -------------------
/home/sgm/airflow/dags/hw_dag.py  11761  0.01s             0           1  0.04s           2023-03-22T11:33:19
================================================================================
[2023-03-22T14:34:13.906+0300] {manager.py:724} INFO - Searching for files in /home/sgm/airflow/dags
[2023-03-22T14:34:13.912+0300] {manager.py:727} INFO - There are 1 files in /home/sgm/airflow/dags
[2023-03-22T14:34:19.966+0300] {manager.py:846} INFO - 
================================================================================
DAG File Processing Stats

File Path                           PID  Runtime      # DAGs    # Errors  Last Runtime    Last Run
--------------------------------  -----  ---------  --------  ----------  --------------  -------------------
/home/sgm/airflow/dags/hw_dag.py  11808  0.00s             0           1  0.04s           2023-03-22T11:33:49
================================================================================
[2023-03-22T14:34:50.125+0300] {manager.py:846} INFO - 
================================================================================
DAG File Processing Stats

File Path                           PID  Runtime      # DAGs    # Errors  Last Runtime    Last Run
--------------------------------  -----  ---------  --------  ----------  --------------  -------------------
/home/sgm/airflow/dags/hw_dag.py  11909  0.01s             0           1  0.03s           2023-03-22T11:34:19
================================================================================
[2023-03-22T14:35:20.419+0300] {manager.py:846} INFO - 
================================================================================
DAG File Processing Stats

File Path                           PID  Runtime      # DAGs    # Errors  Last Runtime    Last Run
--------------------------------  -----  ---------  --------  ----------  --------------  -------------------
/home/sgm/airflow/dags/hw_dag.py  11944  0.00s             0           1  0.05s           2023-03-22T11:34:50
================================================================================
[2023-03-22T14:35:50.668+0300] {manager.py:846} INFO - 
================================================================================
DAG File Processing Stats

File Path                           PID  Runtime      # DAGs    # Errors  Last Runtime    Last Run
--------------------------------  -----  ---------  --------  ----------  --------------  -------------------
/home/sgm/airflow/dags/hw_dag.py  12010  0.01s             0           1  0.04s           2023-03-22T11:35:20
================================================================================
[2023-03-22T14:36:20.941+0300] {manager.py:846} INFO - 
================================================================================
DAG File Processing Stats

File Path                           PID  Runtime      # DAGs    # Errors  Last Runtime    Last Run
--------------------------------  -----  ---------  --------  ----------  --------------  -------------------
/home/sgm/airflow/dags/hw_dag.py  12010  30.28s            0           1  0.04s           2023-03-22T11:35:20
================================================================================
[2023-03-22T14:36:41.118+0300] {manager.py:1133} ERROR - Processor for /home/sgm/airflow/dags/hw_dag.py with PID 12010 started at 2023-03-22T11:35:50.659035+00:00 has timed out, killing it.
[2023-03-22T14:36:51.226+0300] {manager.py:846} INFO - 
================================================================================
DAG File Processing Stats

File Path                           PID  Runtime      # DAGs    # Errors  Last Runtime    Last Run
--------------------------------  -----  ---------  --------  ----------  --------------  -------------------
/home/sgm/airflow/dags/hw_dag.py  12083  10.10s            0           1  0.04s           2023-03-22T11:35:20
================================================================================
[2023-03-22T14:37:21.490+0300] {manager.py:846} INFO - 
================================================================================
DAG File Processing Stats

File Path                           PID  Runtime      # DAGs    # Errors  Last Runtime    Last Run
--------------------------------  -----  ---------  --------  ----------  --------------  -------------------
/home/sgm/airflow/dags/hw_dag.py  12083  40.36s            0           1  0.04s           2023-03-22T11:35:20
================================================================================
[2023-03-22T14:37:31.573+0300] {manager.py:1133} ERROR - Processor for /home/sgm/airflow/dags/hw_dag.py with PID 12083 started at 2023-03-22T11:36:41.128095+00:00 has timed out, killing it.
[2023-03-22T14:37:51.770+0300] {manager.py:846} INFO - 
================================================================================
DAG File Processing Stats

File Path                           PID  Runtime      # DAGs    # Errors  Last Runtime    Last Run
--------------------------------  -----  ---------  --------  ----------  --------------  -------------------
/home/sgm/airflow/dags/hw_dag.py  12115  20.18s            0           1  0.04s           2023-03-22T11:35:20
================================================================================
[2023-03-22T14:38:22.033+0300] {manager.py:1133} ERROR - Processor for /home/sgm/airflow/dags/hw_dag.py with PID 12115 started at 2023-03-22T11:37:31.585279+00:00 has timed out, killing it.
[2023-03-22T14:38:22.042+0300] {manager.py:846} INFO - 
================================================================================
DAG File Processing Stats

File Path                           PID  Runtime      # DAGs    # Errors  Last Runtime    Last Run
--------------------------------  -----  ---------  --------  ----------  --------------  -------------------
/home/sgm/airflow/dags/hw_dag.py  13105  0.00s             0           1  0.04s           2023-03-22T11:35:20
================================================================================
[2023-03-22T14:38:52.320+0300] {manager.py:846} INFO - 
================================================================================
DAG File Processing Stats

File Path                           PID  Runtime      # DAGs    # Errors  Last Runtime    Last Run
--------------------------------  -----  ---------  --------  ----------  --------------  -------------------
/home/sgm/airflow/dags/hw_dag.py  13105  30.28s            0           1  0.04s           2023-03-22T11:35:20
================================================================================
[2023-03-22T14:39:12.509+0300] {manager.py:1133} ERROR - Processor for /home/sgm/airflow/dags/hw_dag.py with PID 13105 started at 2023-03-22T11:38:22.038449+00:00 has timed out, killing it.
[2023-03-22T14:39:14.545+0300] {manager.py:724} INFO - Searching for files in /home/sgm/airflow/dags
[2023-03-22T14:39:14.551+0300] {manager.py:727} INFO - There are 1 files in /home/sgm/airflow/dags
[2023-03-22T14:39:22.625+0300] {manager.py:846} INFO - 
================================================================================
DAG File Processing Stats

File Path                           PID  Runtime      # DAGs    # Errors  Last Runtime    Last Run
--------------------------------  -----  ---------  --------  ----------  --------------  -------------------
/home/sgm/airflow/dags/hw_dag.py  13207  10.10s            0           1  0.04s           2023-03-22T11:35:20
================================================================================
[2023-03-22T14:39:52.788+0300] {manager.py:846} INFO - 
================================================================================
DAG File Processing Stats

File Path                           PID  Runtime      # DAGs    # Errors  Last Runtime    Last Run
--------------------------------  -----  ---------  --------  ----------  --------------  -------------------
/home/sgm/airflow/dags/hw_dag.py  13207  40.27s            0           1  0.04s           2023-03-22T11:35:20
================================================================================
[2023-03-22T14:40:02.840+0300] {manager.py:1133} ERROR - Processor for /home/sgm/airflow/dags/hw_dag.py with PID 13207 started at 2023-03-22T11:39:12.522021+00:00 has timed out, killing it.
[2023-03-22T14:40:23.012+0300] {manager.py:846} INFO - 
================================================================================
DAG File Processing Stats

File Path                           PID  Runtime      # DAGs    # Errors  Last Runtime    Last Run
--------------------------------  -----  ---------  --------  ----------  --------------  -------------------
/home/sgm/airflow/dags/hw_dag.py  13326  20.17s            0           1  0.04s           2023-03-22T11:35:20
================================================================================
[2023-03-22T14:40:53.309+0300] {manager.py:1133} ERROR - Processor for /home/sgm/airflow/dags/hw_dag.py with PID 13326 started at 2023-03-22T11:40:02.845418+00:00 has timed out, killing it.
[2023-03-22T14:40:53.329+0300] {manager.py:846} INFO - 
================================================================================
DAG File Processing Stats

File Path                           PID  Runtime      # DAGs    # Errors  Last Runtime    Last Run
--------------------------------  -----  ---------  --------  ----------  --------------  -------------------
/home/sgm/airflow/dags/hw_dag.py  13418  0.00s             0           1  0.04s           2023-03-22T11:35:20
================================================================================
[2023-03-22T14:41:23.625+0300] {manager.py:846} INFO - 
================================================================================
DAG File Processing Stats

File Path                           PID  Runtime      # DAGs    # Errors  Last Runtime    Last Run
--------------------------------  -----  ---------  --------  ----------  --------------  -------------------
/home/sgm/airflow/dags/hw_dag.py  13418  30.30s            0           1  0.04s           2023-03-22T11:35:20
================================================================================
[2023-03-22T14:41:43.803+0300] {manager.py:1133} ERROR - Processor for /home/sgm/airflow/dags/hw_dag.py with PID 13418 started at 2023-03-22T11:40:53.324641+00:00 has timed out, killing it.
[2023-03-22T14:41:53.898+0300] {manager.py:846} INFO - 
================================================================================
DAG File Processing Stats

File Path                           PID  Runtime      # DAGs    # Errors  Last Runtime    Last Run
--------------------------------  -----  ---------  --------  ----------  --------------  -------------------
/home/sgm/airflow/dags/hw_dag.py  13562  10.08s            0           1  0.04s           2023-03-22T11:35:20
================================================================================
[2023-03-22T14:42:24.160+0300] {manager.py:846} INFO - 
================================================================================
DAG File Processing Stats

File Path                           PID  Runtime      # DAGs    # Errors  Last Runtime    Last Run
--------------------------------  -----  ---------  --------  ----------  --------------  -------------------
/home/sgm/airflow/dags/hw_dag.py  13562  40.35s            0           1  0.04s           2023-03-22T11:35:20
================================================================================
[2023-03-22T14:42:34.256+0300] {manager.py:1133} ERROR - Processor for /home/sgm/airflow/dags/hw_dag.py with PID 13562 started at 2023-03-22T11:41:43.811814+00:00 has timed out, killing it.
[2023-03-22T14:42:54.464+0300] {manager.py:846} INFO - 
================================================================================
DAG File Processing Stats

File Path                           PID  Runtime      # DAGs    # Errors  Last Runtime    Last Run
--------------------------------  -----  ---------  --------  ----------  --------------  -------------------
/home/sgm/airflow/dags/hw_dag.py  13648  20.20s            0           1  0.04s           2023-03-22T11:35:20
================================================================================
[2023-03-22T14:51:54.828+0300] {manager.py:724} INFO - Searching for files in /home/sgm/airflow/dags
[2023-03-22T14:51:54.830+0300] {manager.py:727} INFO - There are 1 files in /home/sgm/airflow/dags
[2023-03-22T14:51:54.837+0300] {manager.py:1133} ERROR - Processor for /home/sgm/airflow/dags/hw_dag.py with PID 13648 started at 2023-03-22T11:42:34.266319+00:00 has timed out, killing it.
[2023-03-22T14:52:04.932+0300] {manager.py:846} INFO - 
================================================================================
DAG File Processing Stats

File Path                           PID  Runtime      # DAGs    # Errors  Last Runtime    Last Run
--------------------------------  -----  ---------  --------  ----------  --------------  -------------------
/home/sgm/airflow/dags/hw_dag.py  13818  10.09s            0           1  0.04s           2023-03-22T11:35:20
================================================================================
[2023-03-22T14:52:35.188+0300] {manager.py:846} INFO - 
================================================================================
DAG File Processing Stats

File Path                           PID  Runtime      # DAGs    # Errors  Last Runtime    Last Run
--------------------------------  -----  ---------  --------  ----------  --------------  -------------------
/home/sgm/airflow/dags/hw_dag.py  13818  40.34s            0           1  0.04s           2023-03-22T11:35:20
================================================================================
[2023-03-22T14:52:45.280+0300] {manager.py:1133} ERROR - Processor for /home/sgm/airflow/dags/hw_dag.py with PID 13818 started at 2023-03-22T11:51:54.842390+00:00 has timed out, killing it.
[2023-03-22T14:53:05.481+0300] {manager.py:846} INFO - 
================================================================================
DAG File Processing Stats

File Path                           PID  Runtime      # DAGs    # Errors  Last Runtime    Last Run
--------------------------------  -----  ---------  --------  ----------  --------------  -------------------
/home/sgm/airflow/dags/hw_dag.py  14028  20.19s            0           1  0.04s           2023-03-22T11:35:20
================================================================================
[2023-03-22T14:53:35.763+0300] {manager.py:1133} ERROR - Processor for /home/sgm/airflow/dags/hw_dag.py with PID 14028 started at 2023-03-22T11:52:45.293975+00:00 has timed out, killing it.
[2023-03-22T14:53:35.778+0300] {manager.py:846} INFO - 
================================================================================
DAG File Processing Stats

File Path                           PID  Runtime      # DAGs    # Errors  Last Runtime    Last Run
--------------------------------  -----  ---------  --------  ----------  --------------  -------------------
/home/sgm/airflow/dags/hw_dag.py  14121  0.01s             0           1  0.04s           2023-03-22T11:35:20
================================================================================
[2023-03-22T14:54:06.063+0300] {manager.py:846} INFO - 
================================================================================
DAG File Processing Stats

File Path                           PID  Runtime      # DAGs    # Errors  Last Runtime    Last Run
--------------------------------  -----  ---------  --------  ----------  --------------  -------------------
/home/sgm/airflow/dags/hw_dag.py  14121  30.29s            0           1  0.04s           2023-03-22T11:35:20
================================================================================
[2023-03-22T14:54:34.863+0300] {manager.py:1133} ERROR - Processor for /home/sgm/airflow/dags/hw_dag.py with PID 14121 started at 2023-03-22T11:53:35.772407+00:00 has timed out, killing it.
[2023-03-22T14:54:55.051+0300] {manager.py:846} INFO - 
================================================================================
DAG File Processing Stats

File Path                           PID  Runtime      # DAGs    # Errors  Last Runtime    Last Run
--------------------------------  -----  ---------  --------  ----------  --------------  -------------------
/home/sgm/airflow/dags/hw_dag.py  14238  20.18s            0           1  0.04s           2023-03-22T11:35:20
================================================================================
[2023-03-22T14:55:25.345+0300] {manager.py:1133} ERROR - Processor for /home/sgm/airflow/dags/hw_dag.py with PID 14238 started at 2023-03-22T11:54:34.870499+00:00 has timed out, killing it.
[2023-03-22T14:55:25.359+0300] {manager.py:846} INFO - 
================================================================================
DAG File Processing Stats

File Path                           PID  Runtime      # DAGs    # Errors  Last Runtime    Last Run
--------------------------------  -----  ---------  --------  ----------  --------------  -------------------
/home/sgm/airflow/dags/hw_dag.py  14468  0.00s             0           1  0.04s           2023-03-22T11:35:20
================================================================================
[2023-03-22T14:55:55.639+0300] {manager.py:846} INFO - 
================================================================================
DAG File Processing Stats

File Path                           PID  Runtime      # DAGs    # Errors  Last Runtime    Last Run
--------------------------------  -----  ---------  --------  ----------  --------------  -------------------
/home/sgm/airflow/dags/hw_dag.py  14468  30.28s            0           1  0.04s           2023-03-22T11:35:20
================================================================================
[2023-03-22T14:56:15.843+0300] {manager.py:1133} ERROR - Processor for /home/sgm/airflow/dags/hw_dag.py with PID 14468 started at 2023-03-22T11:55:25.354733+00:00 has timed out, killing it.
[2023-03-22T14:56:25.948+0300] {manager.py:846} INFO - 
================================================================================
DAG File Processing Stats

File Path                           PID  Runtime      # DAGs    # Errors  Last Runtime    Last Run
--------------------------------  -----  ---------  --------  ----------  --------------  -------------------
/home/sgm/airflow/dags/hw_dag.py  14560  10.09s            0           1  0.04s           2023-03-22T11:35:20
================================================================================
[2023-03-22T14:56:55.202+0300] {manager.py:724} INFO - Searching for files in /home/sgm/airflow/dags
[2023-03-22T14:56:55.212+0300] {manager.py:727} INFO - There are 1 files in /home/sgm/airflow/dags
[2023-03-22T14:56:56.232+0300] {manager.py:846} INFO - 
================================================================================
DAG File Processing Stats

File Path                           PID  Runtime      # DAGs    # Errors  Last Runtime    Last Run
--------------------------------  -----  ---------  --------  ----------  --------------  -------------------
/home/sgm/airflow/dags/hw_dag.py  14560  40.37s            0           1  0.04s           2023-03-22T11:35:20
================================================================================
[2023-03-22T14:57:06.332+0300] {manager.py:1133} ERROR - Processor for /home/sgm/airflow/dags/hw_dag.py with PID 14560 started at 2023-03-22T11:56:15.858649+00:00 has timed out, killing it.
[2023-03-22T14:57:26.541+0300] {manager.py:846} INFO - 
================================================================================
DAG File Processing Stats

File Path                           PID  Runtime      # DAGs    # Errors  Last Runtime    Last Run
--------------------------------  -----  ---------  --------  ----------  --------------  -------------------
/home/sgm/airflow/dags/hw_dag.py  14643  20.20s            0           1  0.04s           2023-03-22T11:35:20
================================================================================
[2023-03-22T14:57:56.786+0300] {manager.py:1133} ERROR - Processor for /home/sgm/airflow/dags/hw_dag.py with PID 14643 started at 2023-03-22T11:57:06.343283+00:00 has timed out, killing it.
[2023-03-22T14:57:56.799+0300] {manager.py:846} INFO - 
================================================================================
DAG File Processing Stats

File Path                           PID  Runtime      # DAGs    # Errors  Last Runtime    Last Run
--------------------------------  -----  ---------  --------  ----------  --------------  -------------------
/home/sgm/airflow/dags/hw_dag.py  14713  0.00s             0           1  0.04s           2023-03-22T11:35:20
================================================================================
[2023-03-22T14:58:27.074+0300] {manager.py:846} INFO - 
================================================================================
DAG File Processing Stats

File Path                           PID  Runtime      # DAGs    # Errors  Last Runtime    Last Run
--------------------------------  -----  ---------  --------  ----------  --------------  -------------------
/home/sgm/airflow/dags/hw_dag.py  14713  30.28s            0           1  0.04s           2023-03-22T11:35:20
================================================================================
[2023-03-22T14:58:47.228+0300] {manager.py:1133} ERROR - Processor for /home/sgm/airflow/dags/hw_dag.py with PID 14713 started at 2023-03-22T11:57:56.795422+00:00 has timed out, killing it.
[2023-03-22T14:58:57.330+0300] {manager.py:846} INFO - 
================================================================================
DAG File Processing Stats

File Path                           PID  Runtime      # DAGs    # Errors  Last Runtime    Last Run
--------------------------------  -----  ---------  --------  ----------  --------------  -------------------
/home/sgm/airflow/dags/hw_dag.py  14795  10.09s            0           1  0.04s           2023-03-22T11:35:20
================================================================================
[2023-03-22T14:59:27.582+0300] {manager.py:846} INFO - 
================================================================================
DAG File Processing Stats

File Path                           PID  Runtime      # DAGs    # Errors  Last Runtime    Last Run
--------------------------------  -----  ---------  --------  ----------  --------------  -------------------
/home/sgm/airflow/dags/hw_dag.py  14795  40.34s            0           1  0.04s           2023-03-22T11:35:20
================================================================================
[2023-03-22T14:59:37.660+0300] {manager.py:1133} ERROR - Processor for /home/sgm/airflow/dags/hw_dag.py with PID 14795 started at 2023-03-22T11:58:47.242894+00:00 has timed out, killing it.
[2023-03-22T14:59:57.832+0300] {manager.py:846} INFO - 
================================================================================
DAG File Processing Stats

File Path                           PID  Runtime      # DAGs    # Errors  Last Runtime    Last Run
--------------------------------  -----  ---------  --------  ----------  --------------  -------------------
/home/sgm/airflow/dags/hw_dag.py  14882  20.15s            0           1  0.04s           2023-03-22T11:35:20
================================================================================
[2023-03-22T15:00:28.101+0300] {manager.py:1133} ERROR - Processor for /home/sgm/airflow/dags/hw_dag.py with PID 14882 started at 2023-03-22T11:59:37.677857+00:00 has timed out, killing it.
[2023-03-22T15:00:28.125+0300] {manager.py:846} INFO - 
================================================================================
DAG File Processing Stats

File Path                           PID  Runtime      # DAGs    # Errors  Last Runtime    Last Run
--------------------------------  -----  ---------  --------  ----------  --------------  -------------------
/home/sgm/airflow/dags/hw_dag.py  15023  0.01s             0           1  0.04s           2023-03-22T11:35:20
================================================================================
[2023-03-22T15:00:58.404+0300] {manager.py:846} INFO - 
================================================================================
DAG File Processing Stats

File Path                           PID  Runtime      # DAGs    # Errors  Last Runtime    Last Run
--------------------------------  -----  ---------  --------  ----------  --------------  -------------------
/home/sgm/airflow/dags/hw_dag.py  15023  30.29s            0           1  0.04s           2023-03-22T11:35:20
================================================================================
[2023-03-22T15:01:18.590+0300] {manager.py:1133} ERROR - Processor for /home/sgm/airflow/dags/hw_dag.py with PID 15023 started at 2023-03-22T12:00:28.116944+00:00 has timed out, killing it.
[2023-03-22T15:01:28.705+0300] {manager.py:846} INFO - 
================================================================================
DAG File Processing Stats

File Path                           PID  Runtime      # DAGs    # Errors  Last Runtime    Last Run
--------------------------------  -----  ---------  --------  ----------  --------------  -------------------
/home/sgm/airflow/dags/hw_dag.py  15340  10.10s            0           1  0.04s           2023-03-22T11:35:20
================================================================================
[2023-03-22T15:01:55.945+0300] {manager.py:724} INFO - Searching for files in /home/sgm/airflow/dags
[2023-03-22T15:01:55.955+0300] {manager.py:727} INFO - There are 1 files in /home/sgm/airflow/dags
[2023-03-22T15:01:58.988+0300] {manager.py:846} INFO - 
================================================================================
DAG File Processing Stats

File Path                           PID  Runtime      # DAGs    # Errors  Last Runtime    Last Run
--------------------------------  -----  ---------  --------  ----------  --------------  -------------------
/home/sgm/airflow/dags/hw_dag.py  15340  40.38s            0           1  0.04s           2023-03-22T11:35:20
================================================================================
[2023-03-22T15:02:09.088+0300] {manager.py:1133} ERROR - Processor for /home/sgm/airflow/dags/hw_dag.py with PID 15340 started at 2023-03-22T12:01:18.604844+00:00 has timed out, killing it.
[2023-03-22T15:02:29.292+0300] {manager.py:846} INFO - 
================================================================================
DAG File Processing Stats

File Path                           PID  Runtime      # DAGs    # Errors  Last Runtime    Last Run
--------------------------------  -----  ---------  --------  ----------  --------------  -------------------
/home/sgm/airflow/dags/hw_dag.py  15444  20.19s            0           1  0.04s           2023-03-22T11:35:20
================================================================================
[2023-03-22T15:02:59.575+0300] {manager.py:1133} ERROR - Processor for /home/sgm/airflow/dags/hw_dag.py with PID 15444 started at 2023-03-22T12:02:09.097530+00:00 has timed out, killing it.
[2023-03-22T15:02:59.596+0300] {manager.py:846} INFO - 
================================================================================
DAG File Processing Stats

File Path                           PID  Runtime      # DAGs    # Errors  Last Runtime    Last Run
--------------------------------  -----  ---------  --------  ----------  --------------  -------------------
/home/sgm/airflow/dags/hw_dag.py  15453  0.01s             0           1  0.04s           2023-03-22T11:35:20
================================================================================
[2023-03-22T15:03:29.867+0300] {manager.py:846} INFO - 
================================================================================
DAG File Processing Stats

File Path                           PID  Runtime      # DAGs    # Errors  Last Runtime    Last Run
--------------------------------  -----  ---------  --------  ----------  --------------  -------------------
/home/sgm/airflow/dags/hw_dag.py  15453  30.28s            0           1  0.04s           2023-03-22T11:35:20
================================================================================
[2023-03-22T15:03:50.056+0300] {manager.py:1133} ERROR - Processor for /home/sgm/airflow/dags/hw_dag.py with PID 15453 started at 2023-03-22T12:02:59.590177+00:00 has timed out, killing it.
[2023-03-22T15:04:00.166+0300] {manager.py:846} INFO - 
================================================================================
DAG File Processing Stats

File Path                           PID  Runtime      # DAGs    # Errors  Last Runtime    Last Run
--------------------------------  -----  ---------  --------  ----------  --------------  -------------------
/home/sgm/airflow/dags/hw_dag.py  15474  10.10s            0           1  0.04s           2023-03-22T11:35:20
================================================================================
[2023-03-22T15:04:30.449+0300] {manager.py:846} INFO - 
================================================================================
DAG File Processing Stats

File Path                           PID  Runtime      # DAGs    # Errors  Last Runtime    Last Run
--------------------------------  -----  ---------  --------  ----------  --------------  -------------------
/home/sgm/airflow/dags/hw_dag.py  15474  40.38s            0           1  0.04s           2023-03-22T11:35:20
================================================================================
[2023-03-22T15:04:40.534+0300] {manager.py:1133} ERROR - Processor for /home/sgm/airflow/dags/hw_dag.py with PID 15474 started at 2023-03-22T12:03:50.066391+00:00 has timed out, killing it.
[2023-03-22T15:05:00.694+0300] {manager.py:846} INFO - 
================================================================================
DAG File Processing Stats

File Path                           PID  Runtime      # DAGs    # Errors  Last Runtime    Last Run
--------------------------------  -----  ---------  --------  ----------  --------------  -------------------
/home/sgm/airflow/dags/hw_dag.py  15508  20.15s            0           1  0.04s           2023-03-22T11:35:20
================================================================================
[2023-03-22T15:05:30.865+0300] {manager.py:1133} ERROR - Processor for /home/sgm/airflow/dags/hw_dag.py with PID 15508 started at 2023-03-22T12:04:40.543682+00:00 has timed out, killing it.
[2023-03-22T15:05:30.885+0300] {manager.py:846} INFO - 
================================================================================
DAG File Processing Stats

File Path                           PID  Runtime      # DAGs    # Errors  Last Runtime    Last Run
--------------------------------  -----  ---------  --------  ----------  --------------  -------------------
/home/sgm/airflow/dags/hw_dag.py  15628  0.01s             0           1  0.04s           2023-03-22T11:35:20
================================================================================
[2023-03-22T15:06:01.138+0300] {manager.py:846} INFO - 
================================================================================
DAG File Processing Stats

File Path                           PID  Runtime      # DAGs    # Errors  Last Runtime    Last Run
--------------------------------  -----  ---------  --------  ----------  --------------  -------------------
/home/sgm/airflow/dags/hw_dag.py  15628  30.26s            0           1  0.04s           2023-03-22T11:35:20
================================================================================
[2023-03-22T15:06:21.329+0300] {manager.py:1133} ERROR - Processor for /home/sgm/airflow/dags/hw_dag.py with PID 15628 started at 2023-03-22T12:05:30.878206+00:00 has timed out, killing it.
[2023-03-22T15:06:31.431+0300] {manager.py:846} INFO - 
================================================================================
DAG File Processing Stats

File Path                           PID  Runtime      # DAGs    # Errors  Last Runtime    Last Run
--------------------------------  -----  ---------  --------  ----------  --------------  -------------------
/home/sgm/airflow/dags/hw_dag.py  15671  10.09s            0           1  0.04s           2023-03-22T11:35:20
================================================================================
[2023-03-22T16:45:56.610+0300] {manager.py:483} INFO - Processing files using up to 2 processes at a time 
[2023-03-22T16:45:56.612+0300] {manager.py:484} INFO - Process each file at most once every 30 seconds
[2023-03-22T16:45:56.612+0300] {manager.py:485} INFO - Checking for new files in /home/sgm/airflow/dags every 300 seconds
[2023-03-22T16:45:56.612+0300] {manager.py:726} INFO - Searching for files in /home/sgm/airflow/dags
[2023-03-22T16:45:56.621+0300] {manager.py:729} INFO - There are 1 files in /home/sgm/airflow/dags
[2023-03-22T16:45:56.657+0300] {manager.py:854} INFO - 
================================================================================
DAG File Processing Stats

File Path                           PID  Runtime      # DAGs    # Errors  Last Runtime    Last Run
--------------------------------  -----  ---------  --------  ----------  --------------  ----------
/home/sgm/airflow/dags/hw_dag.py   3994  0.01s             0           0
================================================================================
[2023-03-22T16:46:26.890+0300] {manager.py:854} INFO - 
================================================================================
DAG File Processing Stats

File Path                         PID    Runtime      # DAGs    # Errors  Last Runtime    Last Run
--------------------------------  -----  ---------  --------  ----------  --------------  -------------------
/home/sgm/airflow/dags/hw_dag.py                           1           0  0.65s           2023-03-22T13:45:57
================================================================================
[2023-03-22T16:46:57.151+0300] {manager.py:854} INFO - 
================================================================================
DAG File Processing Stats

File Path                         PID    Runtime      # DAGs    # Errors  Last Runtime    Last Run
--------------------------------  -----  ---------  --------  ----------  --------------  -------------------
/home/sgm/airflow/dags/hw_dag.py                           1           0  0.44s           2023-03-22T13:46:28
================================================================================
[2023-03-22T16:47:27.475+0300] {manager.py:854} INFO - 
================================================================================
DAG File Processing Stats

File Path                         PID    Runtime      # DAGs    # Errors  Last Runtime    Last Run
--------------------------------  -----  ---------  --------  ----------  --------------  -------------------
/home/sgm/airflow/dags/hw_dag.py                           1           0  0.44s           2023-03-22T13:46:58
================================================================================
[2023-03-22T16:47:57.587+0300] {manager.py:854} INFO - 
================================================================================
DAG File Processing Stats

File Path                         PID    Runtime      # DAGs    # Errors  Last Runtime    Last Run
--------------------------------  -----  ---------  --------  ----------  --------------  -------------------
/home/sgm/airflow/dags/hw_dag.py                           1           0  0.44s           2023-03-22T13:47:29
================================================================================
[2023-03-22T16:48:27.869+0300] {manager.py:854} INFO - 
================================================================================
DAG File Processing Stats

File Path                         PID    Runtime      # DAGs    # Errors  Last Runtime    Last Run
--------------------------------  -----  ---------  --------  ----------  --------------  -------------------
/home/sgm/airflow/dags/hw_dag.py                           1           0  0.46s           2023-03-22T13:48:00
================================================================================
[2023-03-22T16:48:58.024+0300] {manager.py:854} INFO - 
================================================================================
DAG File Processing Stats

File Path                         PID    Runtime      # DAGs    # Errors  Last Runtime    Last Run
--------------------------------  -----  ---------  --------  ----------  --------------  -------------------
/home/sgm/airflow/dags/hw_dag.py                           1           0  0.44s           2023-03-22T13:48:30
================================================================================
[2023-03-22T16:49:28.269+0300] {manager.py:854} INFO - 
================================================================================
DAG File Processing Stats

File Path                         PID    Runtime      # DAGs    # Errors  Last Runtime    Last Run
--------------------------------  -----  ---------  --------  ----------  --------------  -------------------
/home/sgm/airflow/dags/hw_dag.py                           1           0  0.48s           2023-03-22T13:49:01
================================================================================
[2023-03-22T16:49:58.455+0300] {manager.py:854} INFO - 
================================================================================
DAG File Processing Stats

File Path                         PID    Runtime      # DAGs    # Errors  Last Runtime    Last Run
--------------------------------  -----  ---------  --------  ----------  --------------  -------------------
/home/sgm/airflow/dags/hw_dag.py                           1           0  0.51s           2023-03-22T13:49:32
================================================================================
[2023-03-22T16:50:29.134+0300] {manager.py:854} INFO - 
================================================================================
DAG File Processing Stats

File Path                         PID    Runtime      # DAGs    # Errors  Last Runtime    Last Run
--------------------------------  -----  ---------  --------  ----------  --------------  -------------------
/home/sgm/airflow/dags/hw_dag.py                           1           0  0.48s           2023-03-22T13:50:02
================================================================================
[2023-03-22T16:50:56.769+0300] {manager.py:726} INFO - Searching for files in /home/sgm/airflow/dags
[2023-03-22T16:50:56.777+0300] {manager.py:729} INFO - There are 1 files in /home/sgm/airflow/dags
[2023-03-22T16:50:59.449+0300] {manager.py:854} INFO - 
================================================================================
DAG File Processing Stats

File Path                         PID    Runtime      # DAGs    # Errors  Last Runtime    Last Run
--------------------------------  -----  ---------  --------  ----------  --------------  -------------------
/home/sgm/airflow/dags/hw_dag.py                           1           0  0.43s           2023-03-22T13:50:33
================================================================================
[2023-03-22T16:51:29.504+0300] {manager.py:854} INFO - 
================================================================================
DAG File Processing Stats

File Path                         PID    Runtime      # DAGs    # Errors  Last Runtime    Last Run
--------------------------------  -----  ---------  --------  ----------  --------------  -------------------
/home/sgm/airflow/dags/hw_dag.py                           1           0  0.41s           2023-03-22T13:51:04
================================================================================
[2023-03-22T16:51:59.752+0300] {manager.py:854} INFO - 
================================================================================
DAG File Processing Stats

File Path                         PID    Runtime      # DAGs    # Errors  Last Runtime    Last Run
--------------------------------  -----  ---------  --------  ----------  --------------  -------------------
/home/sgm/airflow/dags/hw_dag.py                           1           0  0.42s           2023-03-22T13:51:34
================================================================================
[2023-03-22T16:52:29.841+0300] {manager.py:854} INFO - 
================================================================================
DAG File Processing Stats

File Path                         PID    Runtime      # DAGs    # Errors  Last Runtime    Last Run
--------------------------------  -----  ---------  --------  ----------  --------------  -------------------
/home/sgm/airflow/dags/hw_dag.py                           1           0  0.43s           2023-03-22T13:52:05
================================================================================
[2023-03-22T16:53:00.134+0300] {manager.py:854} INFO - 
================================================================================
DAG File Processing Stats

File Path                         PID    Runtime      # DAGs    # Errors  Last Runtime    Last Run
--------------------------------  -----  ---------  --------  ----------  --------------  -------------------
/home/sgm/airflow/dags/hw_dag.py                           1           0  0.40s           2023-03-22T13:52:36
================================================================================
[2023-03-22T16:53:30.177+0300] {manager.py:854} INFO - 
================================================================================
DAG File Processing Stats

File Path                         PID    Runtime      # DAGs    # Errors  Last Runtime    Last Run
--------------------------------  -----  ---------  --------  ----------  --------------  -------------------
/home/sgm/airflow/dags/hw_dag.py                           1           0  0.41s           2023-03-22T13:53:06
================================================================================
[2023-03-22T16:54:00.427+0300] {manager.py:854} INFO - 
================================================================================
DAG File Processing Stats

File Path                         PID    Runtime      # DAGs    # Errors  Last Runtime    Last Run
--------------------------------  -----  ---------  --------  ----------  --------------  -------------------
/home/sgm/airflow/dags/hw_dag.py                           1           0  0.46s           2023-03-22T13:53:37
================================================================================
[2023-03-22T16:54:30.577+0300] {manager.py:854} INFO - 
================================================================================
DAG File Processing Stats

File Path                         PID    Runtime      # DAGs    # Errors  Last Runtime    Last Run
--------------------------------  -----  ---------  --------  ----------  --------------  -------------------
/home/sgm/airflow/dags/hw_dag.py                           1           0  0.45s           2023-03-22T13:54:08
================================================================================
[2023-03-22T16:55:00.857+0300] {manager.py:854} INFO - 
================================================================================
DAG File Processing Stats

File Path                         PID    Runtime      # DAGs    # Errors  Last Runtime    Last Run
--------------------------------  -----  ---------  --------  ----------  --------------  -------------------
/home/sgm/airflow/dags/hw_dag.py                           1           0  0.41s           2023-03-22T13:54:39
================================================================================
[2023-03-22T16:55:30.864+0300] {manager.py:854} INFO - 
================================================================================
DAG File Processing Stats

File Path                         PID    Runtime      # DAGs    # Errors  Last Runtime    Last Run
--------------------------------  -----  ---------  --------  ----------  --------------  -------------------
/home/sgm/airflow/dags/hw_dag.py                           1           0  0.39s           2023-03-22T13:55:09
================================================================================
[2023-03-22T16:55:57.569+0300] {manager.py:726} INFO - Searching for files in /home/sgm/airflow/dags
[2023-03-22T16:55:57.573+0300] {manager.py:729} INFO - There are 1 files in /home/sgm/airflow/dags
[2023-03-22T16:56:01.608+0300] {manager.py:854} INFO - 
================================================================================
DAG File Processing Stats

File Path                         PID    Runtime      # DAGs    # Errors  Last Runtime    Last Run
--------------------------------  -----  ---------  --------  ----------  --------------  -------------------
/home/sgm/airflow/dags/hw_dag.py                           1           0  0.68s           2023-03-22T13:55:40
================================================================================
[2023-03-22T16:56:31.725+0300] {manager.py:854} INFO - 
================================================================================
DAG File Processing Stats

File Path                         PID    Runtime      # DAGs    # Errors  Last Runtime    Last Run
--------------------------------  -----  ---------  --------  ----------  --------------  -------------------
/home/sgm/airflow/dags/hw_dag.py                           1           0  0.69s           2023-03-22T13:56:11
================================================================================
[2023-03-22T16:57:01.841+0300] {manager.py:854} INFO - 
================================================================================
DAG File Processing Stats

File Path                         PID    Runtime      # DAGs    # Errors  Last Runtime    Last Run
--------------------------------  -----  ---------  --------  ----------  --------------  -------------------
/home/sgm/airflow/dags/hw_dag.py                           1           0  0.69s           2023-03-22T13:56:42
================================================================================
[2023-03-22T16:57:31.959+0300] {manager.py:854} INFO - 
================================================================================
DAG File Processing Stats

File Path                         PID    Runtime      # DAGs    # Errors  Last Runtime    Last Run
--------------------------------  -----  ---------  --------  ----------  --------------  -------------------
/home/sgm/airflow/dags/hw_dag.py                           1           0  0.77s           2023-03-22T13:57:13
================================================================================
[2023-03-22T16:58:02.077+0300] {manager.py:854} INFO - 
================================================================================
DAG File Processing Stats

File Path                         PID    Runtime      # DAGs    # Errors  Last Runtime    Last Run
--------------------------------  -----  ---------  --------  ----------  --------------  -------------------
/home/sgm/airflow/dags/hw_dag.py                           1           0  0.96s           2023-03-22T13:57:44
================================================================================
[2023-03-22T16:58:32.099+0300] {manager.py:854} INFO - 
================================================================================
DAG File Processing Stats

File Path                         PID    Runtime      # DAGs    # Errors  Last Runtime    Last Run
--------------------------------  -----  ---------  --------  ----------  --------------  -------------------
/home/sgm/airflow/dags/hw_dag.py                           1           0  0.89s           2023-03-22T13:58:15
================================================================================
[2023-03-22T16:59:02.355+0300] {manager.py:854} INFO - 
================================================================================
DAG File Processing Stats

File Path                         PID    Runtime      # DAGs    # Errors  Last Runtime    Last Run
--------------------------------  -----  ---------  --------  ----------  --------------  -------------------
/home/sgm/airflow/dags/hw_dag.py                           1           0  0.76s           2023-03-22T13:58:45
================================================================================
[2023-03-22T16:59:32.463+0300] {manager.py:854} INFO - 
================================================================================
DAG File Processing Stats

File Path                         PID    Runtime      # DAGs    # Errors  Last Runtime    Last Run
--------------------------------  -----  ---------  --------  ----------  --------------  -------------------
/home/sgm/airflow/dags/hw_dag.py                           1           0  0.85s           2023-03-22T13:59:16
================================================================================
[2023-03-22T17:00:02.582+0300] {manager.py:854} INFO - 
================================================================================
DAG File Processing Stats

File Path                         PID    Runtime      # DAGs    # Errors  Last Runtime    Last Run
--------------------------------  -----  ---------  --------  ----------  --------------  -------------------
/home/sgm/airflow/dags/hw_dag.py                           1           0  0.85s           2023-03-22T13:59:47
================================================================================
[2023-03-22T17:00:33.031+0300] {manager.py:854} INFO - 
================================================================================
DAG File Processing Stats

File Path                         PID    Runtime      # DAGs    # Errors  Last Runtime    Last Run
--------------------------------  -----  ---------  --------  ----------  --------------  -------------------
/home/sgm/airflow/dags/hw_dag.py                           1           0  1.21s           2023-03-22T14:00:19
================================================================================
[2023-03-22T17:00:58.330+0300] {manager.py:726} INFO - Searching for files in /home/sgm/airflow/dags
[2023-03-22T17:00:58.337+0300] {manager.py:729} INFO - There are 1 files in /home/sgm/airflow/dags
[2023-03-22T17:01:03.377+0300] {manager.py:854} INFO - 
================================================================================
DAG File Processing Stats

File Path                         PID    Runtime      # DAGs    # Errors  Last Runtime    Last Run
--------------------------------  -----  ---------  --------  ----------  --------------  -------------------
/home/sgm/airflow/dags/hw_dag.py                           1           0  1.23s           2023-03-22T14:00:50
================================================================================
[2023-03-22T17:01:33.510+0300] {manager.py:854} INFO - 
================================================================================
DAG File Processing Stats

File Path                         PID    Runtime      # DAGs    # Errors  Last Runtime    Last Run
--------------------------------  -----  ---------  --------  ----------  --------------  -------------------
/home/sgm/airflow/dags/hw_dag.py                           1           0  0.96s           2023-03-22T14:01:21
================================================================================
[2023-03-22T17:02:03.595+0300] {manager.py:854} INFO - 
================================================================================
DAG File Processing Stats

File Path                         PID    Runtime      # DAGs    # Errors  Last Runtime    Last Run
--------------------------------  -----  ---------  --------  ----------  --------------  -------------------
/home/sgm/airflow/dags/hw_dag.py                           1           0  0.95s           2023-03-22T14:01:52
================================================================================
[2023-03-22T17:02:33.863+0300] {manager.py:854} INFO - 
================================================================================
DAG File Processing Stats

File Path                         PID    Runtime      # DAGs    # Errors  Last Runtime    Last Run
--------------------------------  -----  ---------  --------  ----------  --------------  -------------------
/home/sgm/airflow/dags/hw_dag.py                           1           0  1.27s           2023-03-22T14:02:23
================================================================================
[2023-03-22T17:03:03.873+0300] {manager.py:854} INFO - 
================================================================================
DAG File Processing Stats

File Path                         PID    Runtime      # DAGs    # Errors  Last Runtime    Last Run
--------------------------------  -----  ---------  --------  ----------  --------------  -------------------
/home/sgm/airflow/dags/hw_dag.py                           1           0  0.77s           2023-03-22T14:02:54
================================================================================
[2023-03-22T17:03:34.012+0300] {manager.py:854} INFO - 
================================================================================
DAG File Processing Stats

File Path                         PID    Runtime      # DAGs    # Errors  Last Runtime    Last Run
--------------------------------  -----  ---------  --------  ----------  --------------  -------------------
/home/sgm/airflow/dags/hw_dag.py                           1           0  1.17s           2023-03-22T14:03:26
================================================================================
[2023-03-22T17:04:04.308+0300] {manager.py:854} INFO - 
================================================================================
DAG File Processing Stats

File Path                         PID    Runtime      # DAGs    # Errors  Last Runtime    Last Run
--------------------------------  -----  ---------  --------  ----------  --------------  -------------------
/home/sgm/airflow/dags/hw_dag.py                           1           0  1.12s           2023-03-22T14:03:57
================================================================================
[2023-03-22T17:04:34.511+0300] {manager.py:854} INFO - 
================================================================================
DAG File Processing Stats

File Path                         PID    Runtime      # DAGs    # Errors  Last Runtime    Last Run
--------------------------------  -----  ---------  --------  ----------  --------------  -------------------
/home/sgm/airflow/dags/hw_dag.py                           1           0  0.51s           2023-03-22T14:04:27
================================================================================
[2023-03-22T17:05:05.162+0300] {manager.py:854} INFO - 
================================================================================
DAG File Processing Stats

File Path                         PID    Runtime      # DAGs    # Errors  Last Runtime    Last Run
--------------------------------  -----  ---------  --------  ----------  --------------  -------------------
/home/sgm/airflow/dags/hw_dag.py                           1           0  1.03s           2023-03-22T14:04:59
================================================================================
[2023-03-22T17:05:35.336+0300] {manager.py:854} INFO - 
================================================================================
DAG File Processing Stats

File Path                         PID    Runtime      # DAGs    # Errors  Last Runtime    Last Run
--------------------------------  -----  ---------  --------  ----------  --------------  -------------------
/home/sgm/airflow/dags/hw_dag.py                           1           0  1.23s           2023-03-22T14:05:30
================================================================================
[2023-03-22T17:05:58.434+0300] {manager.py:726} INFO - Searching for files in /home/sgm/airflow/dags
[2023-03-22T17:05:58.439+0300] {manager.py:729} INFO - There are 1 files in /home/sgm/airflow/dags
[2023-03-22T17:06:05.661+0300] {manager.py:854} INFO - 
================================================================================
DAG File Processing Stats

File Path                         PID    Runtime      # DAGs    # Errors  Last Runtime    Last Run
--------------------------------  -----  ---------  --------  ----------  --------------  -------------------
/home/sgm/airflow/dags/hw_dag.py                           1           0  1.09s           2023-03-22T14:06:01
================================================================================
[2023-03-22T17:06:35.862+0300] {manager.py:854} INFO - 
================================================================================
DAG File Processing Stats

File Path                         PID    Runtime      # DAGs    # Errors  Last Runtime    Last Run
--------------------------------  -----  ---------  --------  ----------  --------------  -------------------
/home/sgm/airflow/dags/hw_dag.py                           1           0  1.28s           2023-03-22T14:06:33
================================================================================
[2023-03-22T17:07:06.030+0300] {manager.py:854} INFO - 
================================================================================
DAG File Processing Stats

File Path                         PID    Runtime      # DAGs    # Errors  Last Runtime    Last Run
--------------------------------  -----  ---------  --------  ----------  --------------  -------------------
/home/sgm/airflow/dags/hw_dag.py                           1           0  0.87s           2023-03-22T14:07:04
================================================================================
[2023-03-22T17:07:36.185+0300] {manager.py:854} INFO - 
================================================================================
DAG File Processing Stats

File Path                         PID    Runtime      # DAGs    # Errors  Last Runtime    Last Run
--------------------------------  -----  ---------  --------  ----------  --------------  -------------------
/home/sgm/airflow/dags/hw_dag.py                           1           0  0.84s           2023-03-22T14:07:35
================================================================================
[2023-03-22T17:08:06.301+0300] {manager.py:854} INFO - 
================================================================================
DAG File Processing Stats

File Path                           PID  Runtime      # DAGs    # Errors  Last Runtime    Last Run
--------------------------------  -----  ---------  --------  ----------  --------------  -------------------
/home/sgm/airflow/dags/hw_dag.py  24093  1.17s             1           0  0.84s           2023-03-22T14:07:35
================================================================================
[2023-03-22T17:08:36.455+0300] {manager.py:854} INFO - 
================================================================================
DAG File Processing Stats

File Path                           PID  Runtime      # DAGs    # Errors  Last Runtime    Last Run
--------------------------------  -----  ---------  --------  ----------  --------------  -------------------
/home/sgm/airflow/dags/hw_dag.py  24256  0.00s             1           0  1.21s           2023-03-22T14:08:06
================================================================================
[2023-03-22T17:09:06.635+0300] {manager.py:854} INFO - 
================================================================================
DAG File Processing Stats

File Path                         PID    Runtime      # DAGs    # Errors  Last Runtime    Last Run
--------------------------------  -----  ---------  --------  ----------  --------------  -------------------
/home/sgm/airflow/dags/hw_dag.py                           1           0  0.47s           2023-03-22T14:08:36
================================================================================
[2023-03-22T17:09:36.662+0300] {manager.py:854} INFO - 
================================================================================
DAG File Processing Stats

File Path                         PID    Runtime      # DAGs    # Errors  Last Runtime    Last Run
--------------------------------  -----  ---------  --------  ----------  --------------  -------------------
/home/sgm/airflow/dags/hw_dag.py                           1           0  0.44s           2023-03-22T14:09:07
================================================================================
[2023-03-22T17:10:06.885+0300] {manager.py:854} INFO - 
================================================================================
DAG File Processing Stats

File Path                         PID    Runtime      # DAGs    # Errors  Last Runtime    Last Run
--------------------------------  -----  ---------  --------  ----------  --------------  -------------------
/home/sgm/airflow/dags/hw_dag.py                           1           0  0.44s           2023-03-22T14:09:38
================================================================================
[2023-03-22T17:10:15.411+0300] {manager.py:465} INFO - Exiting gracefully upon receiving signal 15
