[2023-03-22T17:00:10.891+0300] {taskinstance.py:1084} INFO - Dependencies all met for dep_context=non-requeueable deps ti=<TaskInstance: car_price_prediction.price_prediction scheduled__2022-08-12T15:00:00+00:00 [queued]>
[2023-03-22T17:00:10.906+0300] {taskinstance.py:1084} INFO - Dependencies all met for dep_context=requeueable deps ti=<TaskInstance: car_price_prediction.price_prediction scheduled__2022-08-12T15:00:00+00:00 [queued]>
[2023-03-22T17:00:10.906+0300] {taskinstance.py:1282} INFO - 
--------------------------------------------------------------------------------
[2023-03-22T17:00:10.906+0300] {taskinstance.py:1283} INFO - Starting attempt 1 of 2
[2023-03-22T17:00:10.906+0300] {taskinstance.py:1284} INFO - 
--------------------------------------------------------------------------------
[2023-03-22T17:00:10.925+0300] {taskinstance.py:1303} INFO - Executing <Task(PythonOperator): price_prediction> on 2022-08-12 15:00:00+00:00
[2023-03-22T17:00:10.933+0300] {standard_task_runner.py:55} INFO - Started process 13194 to run task
[2023-03-22T17:00:10.937+0300] {standard_task_runner.py:82} INFO - Running: ['airflow', 'tasks', 'run', 'car_price_prediction', 'price_prediction', 'scheduled__2022-08-12T15:00:00+00:00', '--job-id', '922', '--raw', '--subdir', 'DAGS_FOLDER/hw_dag.py', '--cfg-path', '/tmp/tmp627zt4xh']
[2023-03-22T17:00:10.939+0300] {standard_task_runner.py:83} INFO - Job 922: Subtask price_prediction
[2023-03-22T17:00:11.045+0300] {task_command.py:388} INFO - Running <TaskInstance: car_price_prediction.price_prediction scheduled__2022-08-12T15:00:00+00:00 [running]> on host sgm-msi
[2023-03-22T17:00:11.153+0300] {taskinstance.py:1509} INFO - Exporting the following env vars:
AIRFLOW_CTX_DAG_OWNER=airflow
AIRFLOW_CTX_DAG_ID=car_price_prediction
AIRFLOW_CTX_TASK_ID=price_prediction
AIRFLOW_CTX_EXECUTION_DATE=2022-08-12T15:00:00+00:00
AIRFLOW_CTX_TRY_NUMBER=1
AIRFLOW_CTX_DAG_RUN_ID=scheduled__2022-08-12T15:00:00+00:00
[2023-03-22T17:00:11.300+0300] {predict.py:44} INFO - Model is saved as /home/sgm/PycharmProjects/33homework/data/predictions/preds_202303221700.csv
[2023-03-22T17:00:11.300+0300] {python.py:177} INFO - Done. Returned value was: None
[2023-03-22T17:00:11.318+0300] {taskinstance.py:1321} INFO - Marking task as SUCCESS. dag_id=car_price_prediction, task_id=price_prediction, execution_date=20220812T150000, start_date=20230322T140010, end_date=20230322T140011
[2023-03-22T17:00:11.348+0300] {local_task_job.py:212} INFO - Task exited with return code 0
[2023-03-22T17:00:11.375+0300] {taskinstance.py:2585} INFO - 0 downstream tasks scheduled from follow-on schedule check
