[2023-03-22T14:19:12.033+0300] {processor.py:154} INFO - Started process (PID=9780) to work on /home/sgm/airflow/dags/hw_dag.py
[2023-03-22T14:19:12.034+0300] {processor.py:756} INFO - Processing file /home/sgm/airflow/dags/hw_dag.py for tasks to queue
[2023-03-22T14:19:12.034+0300] {logging_mixin.py:137} INFO - [2023-03-22T14:19:12.034+0300] {dagbag.py:537} INFO - Filling up the DagBag from /home/sgm/airflow/dags/hw_dag.py
[2023-03-22T14:19:12.039+0300] {logging_mixin.py:137} INFO - [2023-03-22T14:19:12.038+0300] {dagbag.py:342} ERROR - Failed to import: /home/sgm/airflow/dags/hw_dag.py
Traceback (most recent call last):
  File "/home/sgm/anaconda3/envs/33homework/lib/python3.10/site-packages/airflow/models/dagbag.py", line 338, in parse
    loader.exec_module(new_module)
  File "<frozen importlib._bootstrap_external>", line 883, in exec_module
  File "<frozen importlib._bootstrap>", line 241, in _call_with_frames_removed
  File "/home/sgm/airflow/dags/hw_dag.py", line 8, in <module>
    from modules.pipeline import pipeline
ModuleNotFoundError: No module named 'modules.pipeline'; 'modules' is not a package
[2023-03-22T14:19:12.039+0300] {processor.py:768} WARNING - No viable dags retrieved from /home/sgm/airflow/dags/hw_dag.py
[2023-03-22T14:19:12.055+0300] {processor.py:176} INFO - Processing /home/sgm/airflow/dags/hw_dag.py took 0.023 seconds
[2023-03-22T14:19:42.296+0300] {processor.py:154} INFO - Started process (PID=9880) to work on /home/sgm/airflow/dags/hw_dag.py
[2023-03-22T14:19:42.298+0300] {processor.py:756} INFO - Processing file /home/sgm/airflow/dags/hw_dag.py for tasks to queue
[2023-03-22T14:19:42.299+0300] {logging_mixin.py:137} INFO - [2023-03-22T14:19:42.299+0300] {dagbag.py:537} INFO - Filling up the DagBag from /home/sgm/airflow/dags/hw_dag.py
[2023-03-22T14:19:42.303+0300] {logging_mixin.py:137} INFO - [2023-03-22T14:19:42.302+0300] {dagbag.py:342} ERROR - Failed to import: /home/sgm/airflow/dags/hw_dag.py
Traceback (most recent call last):
  File "/home/sgm/anaconda3/envs/33homework/lib/python3.10/site-packages/airflow/models/dagbag.py", line 338, in parse
    loader.exec_module(new_module)
  File "<frozen importlib._bootstrap_external>", line 883, in exec_module
  File "<frozen importlib._bootstrap>", line 241, in _call_with_frames_removed
  File "/home/sgm/airflow/dags/hw_dag.py", line 8, in <module>
    from modules.pipeline import pipeline
ModuleNotFoundError: No module named 'modules.pipeline'; 'modules' is not a package
[2023-03-22T14:19:42.303+0300] {processor.py:768} WARNING - No viable dags retrieved from /home/sgm/airflow/dags/hw_dag.py
[2023-03-22T14:19:42.319+0300] {processor.py:176} INFO - Processing /home/sgm/airflow/dags/hw_dag.py took 0.024 seconds
[2023-03-22T14:20:12.559+0300] {processor.py:154} INFO - Started process (PID=9925) to work on /home/sgm/airflow/dags/hw_dag.py
[2023-03-22T14:20:12.561+0300] {processor.py:756} INFO - Processing file /home/sgm/airflow/dags/hw_dag.py for tasks to queue
[2023-03-22T14:20:12.561+0300] {logging_mixin.py:137} INFO - [2023-03-22T14:20:12.561+0300] {dagbag.py:537} INFO - Filling up the DagBag from /home/sgm/airflow/dags/hw_dag.py
[2023-03-22T14:20:12.566+0300] {logging_mixin.py:137} INFO - [2023-03-22T14:20:12.565+0300] {dagbag.py:342} ERROR - Failed to import: /home/sgm/airflow/dags/hw_dag.py
Traceback (most recent call last):
  File "/home/sgm/anaconda3/envs/33homework/lib/python3.10/site-packages/airflow/models/dagbag.py", line 338, in parse
    loader.exec_module(new_module)
  File "<frozen importlib._bootstrap_external>", line 883, in exec_module
  File "<frozen importlib._bootstrap>", line 241, in _call_with_frames_removed
  File "/home/sgm/airflow/dags/hw_dag.py", line 8, in <module>
    from modules.pipeline import pipeline
ModuleNotFoundError: No module named 'modules.pipeline'; 'modules' is not a package
[2023-03-22T14:20:12.566+0300] {processor.py:768} WARNING - No viable dags retrieved from /home/sgm/airflow/dags/hw_dag.py
[2023-03-22T14:20:12.584+0300] {processor.py:176} INFO - Processing /home/sgm/airflow/dags/hw_dag.py took 0.027 seconds
[2023-03-22T14:20:42.769+0300] {processor.py:154} INFO - Started process (PID=9954) to work on /home/sgm/airflow/dags/hw_dag.py
[2023-03-22T14:20:42.771+0300] {processor.py:756} INFO - Processing file /home/sgm/airflow/dags/hw_dag.py for tasks to queue
[2023-03-22T14:20:42.772+0300] {logging_mixin.py:137} INFO - [2023-03-22T14:20:42.771+0300] {dagbag.py:537} INFO - Filling up the DagBag from /home/sgm/airflow/dags/hw_dag.py
[2023-03-22T14:20:42.779+0300] {logging_mixin.py:137} INFO - [2023-03-22T14:20:42.778+0300] {dagbag.py:342} ERROR - Failed to import: /home/sgm/airflow/dags/hw_dag.py
Traceback (most recent call last):
  File "/home/sgm/anaconda3/envs/33homework/lib/python3.10/site-packages/airflow/models/dagbag.py", line 338, in parse
    loader.exec_module(new_module)
  File "<frozen importlib._bootstrap_external>", line 883, in exec_module
  File "<frozen importlib._bootstrap>", line 241, in _call_with_frames_removed
  File "/home/sgm/airflow/dags/hw_dag.py", line 8, in <module>
    from modules.pipeline import pipeline
ModuleNotFoundError: No module named 'modules.pipeline'; 'modules' is not a package
[2023-03-22T14:20:42.779+0300] {processor.py:768} WARNING - No viable dags retrieved from /home/sgm/airflow/dags/hw_dag.py
[2023-03-22T14:20:42.796+0300] {processor.py:176} INFO - Processing /home/sgm/airflow/dags/hw_dag.py took 0.030 seconds
[2023-03-22T14:21:13.049+0300] {processor.py:154} INFO - Started process (PID=9976) to work on /home/sgm/airflow/dags/hw_dag.py
[2023-03-22T14:21:13.050+0300] {processor.py:756} INFO - Processing file /home/sgm/airflow/dags/hw_dag.py for tasks to queue
[2023-03-22T14:21:13.051+0300] {logging_mixin.py:137} INFO - [2023-03-22T14:21:13.051+0300] {dagbag.py:537} INFO - Filling up the DagBag from /home/sgm/airflow/dags/hw_dag.py
[2023-03-22T14:21:13.056+0300] {logging_mixin.py:137} INFO - [2023-03-22T14:21:13.055+0300] {dagbag.py:342} ERROR - Failed to import: /home/sgm/airflow/dags/hw_dag.py
Traceback (most recent call last):
  File "/home/sgm/anaconda3/envs/33homework/lib/python3.10/site-packages/airflow/models/dagbag.py", line 338, in parse
    loader.exec_module(new_module)
  File "<frozen importlib._bootstrap_external>", line 883, in exec_module
  File "<frozen importlib._bootstrap>", line 241, in _call_with_frames_removed
  File "/home/sgm/airflow/dags/hw_dag.py", line 8, in <module>
    from modules.pipeline import pipeline
ModuleNotFoundError: No module named 'modules.pipeline'; 'modules' is not a package
[2023-03-22T14:21:13.056+0300] {processor.py:768} WARNING - No viable dags retrieved from /home/sgm/airflow/dags/hw_dag.py
[2023-03-22T14:21:13.075+0300] {processor.py:176} INFO - Processing /home/sgm/airflow/dags/hw_dag.py took 0.028 seconds
[2023-03-22T14:21:43.340+0300] {processor.py:154} INFO - Started process (PID=10048) to work on /home/sgm/airflow/dags/hw_dag.py
[2023-03-22T14:21:43.342+0300] {processor.py:756} INFO - Processing file /home/sgm/airflow/dags/hw_dag.py for tasks to queue
[2023-03-22T14:21:43.342+0300] {logging_mixin.py:137} INFO - [2023-03-22T14:21:43.342+0300] {dagbag.py:537} INFO - Filling up the DagBag from /home/sgm/airflow/dags/hw_dag.py
[2023-03-22T14:21:43.346+0300] {logging_mixin.py:137} INFO - [2023-03-22T14:21:43.346+0300] {dagbag.py:342} ERROR - Failed to import: /home/sgm/airflow/dags/hw_dag.py
Traceback (most recent call last):
  File "/home/sgm/anaconda3/envs/33homework/lib/python3.10/site-packages/airflow/models/dagbag.py", line 338, in parse
    loader.exec_module(new_module)
  File "<frozen importlib._bootstrap_external>", line 883, in exec_module
  File "<frozen importlib._bootstrap>", line 241, in _call_with_frames_removed
  File "/home/sgm/airflow/dags/hw_dag.py", line 8, in <module>
    from modules.pipeline import pipeline
ModuleNotFoundError: No module named 'modules.pipeline'; 'modules' is not a package
[2023-03-22T14:21:43.346+0300] {processor.py:768} WARNING - No viable dags retrieved from /home/sgm/airflow/dags/hw_dag.py
[2023-03-22T14:21:43.363+0300] {processor.py:176} INFO - Processing /home/sgm/airflow/dags/hw_dag.py took 0.025 seconds
[2023-03-22T14:22:13.579+0300] {processor.py:154} INFO - Started process (PID=10105) to work on /home/sgm/airflow/dags/hw_dag.py
[2023-03-22T14:22:13.581+0300] {processor.py:756} INFO - Processing file /home/sgm/airflow/dags/hw_dag.py for tasks to queue
[2023-03-22T14:22:13.581+0300] {logging_mixin.py:137} INFO - [2023-03-22T14:22:13.581+0300] {dagbag.py:537} INFO - Filling up the DagBag from /home/sgm/airflow/dags/hw_dag.py
[2023-03-22T14:22:13.586+0300] {logging_mixin.py:137} INFO - [2023-03-22T14:22:13.585+0300] {dagbag.py:342} ERROR - Failed to import: /home/sgm/airflow/dags/hw_dag.py
Traceback (most recent call last):
  File "/home/sgm/anaconda3/envs/33homework/lib/python3.10/site-packages/airflow/models/dagbag.py", line 338, in parse
    loader.exec_module(new_module)
  File "<frozen importlib._bootstrap_external>", line 883, in exec_module
  File "<frozen importlib._bootstrap>", line 241, in _call_with_frames_removed
  File "/home/sgm/airflow/dags/hw_dag.py", line 8, in <module>
    from modules.pipeline import pipeline
ModuleNotFoundError: No module named 'modules.pipeline'; 'modules' is not a package
[2023-03-22T14:22:13.587+0300] {processor.py:768} WARNING - No viable dags retrieved from /home/sgm/airflow/dags/hw_dag.py
[2023-03-22T14:22:13.605+0300] {processor.py:176} INFO - Processing /home/sgm/airflow/dags/hw_dag.py took 0.027 seconds
[2023-03-22T14:22:43.801+0300] {processor.py:154} INFO - Started process (PID=10170) to work on /home/sgm/airflow/dags/hw_dag.py
[2023-03-22T14:22:43.803+0300] {processor.py:756} INFO - Processing file /home/sgm/airflow/dags/hw_dag.py for tasks to queue
[2023-03-22T14:22:43.803+0300] {logging_mixin.py:137} INFO - [2023-03-22T14:22:43.803+0300] {dagbag.py:537} INFO - Filling up the DagBag from /home/sgm/airflow/dags/hw_dag.py
[2023-03-22T14:22:43.807+0300] {logging_mixin.py:137} INFO - [2023-03-22T14:22:43.807+0300] {dagbag.py:342} ERROR - Failed to import: /home/sgm/airflow/dags/hw_dag.py
Traceback (most recent call last):
  File "/home/sgm/anaconda3/envs/33homework/lib/python3.10/site-packages/airflow/models/dagbag.py", line 338, in parse
    loader.exec_module(new_module)
  File "<frozen importlib._bootstrap_external>", line 883, in exec_module
  File "<frozen importlib._bootstrap>", line 241, in _call_with_frames_removed
  File "/home/sgm/airflow/dags/hw_dag.py", line 8, in <module>
    from modules.pipeline import pipeline
ModuleNotFoundError: No module named 'modules.pipeline'; 'modules' is not a package
[2023-03-22T14:22:43.807+0300] {processor.py:768} WARNING - No viable dags retrieved from /home/sgm/airflow/dags/hw_dag.py
[2023-03-22T14:22:43.826+0300] {processor.py:176} INFO - Processing /home/sgm/airflow/dags/hw_dag.py took 0.028 seconds
[2023-03-22T14:23:14.048+0300] {processor.py:154} INFO - Started process (PID=10312) to work on /home/sgm/airflow/dags/hw_dag.py
[2023-03-22T14:23:14.050+0300] {processor.py:756} INFO - Processing file /home/sgm/airflow/dags/hw_dag.py for tasks to queue
[2023-03-22T14:23:14.050+0300] {logging_mixin.py:137} INFO - [2023-03-22T14:23:14.050+0300] {dagbag.py:537} INFO - Filling up the DagBag from /home/sgm/airflow/dags/hw_dag.py
[2023-03-22T14:23:14.054+0300] {logging_mixin.py:137} INFO - [2023-03-22T14:23:14.054+0300] {dagbag.py:342} ERROR - Failed to import: /home/sgm/airflow/dags/hw_dag.py
Traceback (most recent call last):
  File "/home/sgm/anaconda3/envs/33homework/lib/python3.10/site-packages/airflow/models/dagbag.py", line 338, in parse
    loader.exec_module(new_module)
  File "<frozen importlib._bootstrap_external>", line 883, in exec_module
  File "<frozen importlib._bootstrap>", line 241, in _call_with_frames_removed
  File "/home/sgm/airflow/dags/hw_dag.py", line 8, in <module>
    from modules.pipeline import pipeline
ModuleNotFoundError: No module named 'modules.pipeline'; 'modules' is not a package
[2023-03-22T14:23:14.055+0300] {processor.py:768} WARNING - No viable dags retrieved from /home/sgm/airflow/dags/hw_dag.py
[2023-03-22T14:23:14.071+0300] {processor.py:176} INFO - Processing /home/sgm/airflow/dags/hw_dag.py took 0.024 seconds
[2023-03-22T14:23:44.309+0300] {processor.py:154} INFO - Started process (PID=10382) to work on /home/sgm/airflow/dags/hw_dag.py
[2023-03-22T14:23:44.311+0300] {processor.py:756} INFO - Processing file /home/sgm/airflow/dags/hw_dag.py for tasks to queue
[2023-03-22T14:23:44.311+0300] {logging_mixin.py:137} INFO - [2023-03-22T14:23:44.311+0300] {dagbag.py:537} INFO - Filling up the DagBag from /home/sgm/airflow/dags/hw_dag.py
[2023-03-22T14:23:44.314+0300] {logging_mixin.py:137} INFO - [2023-03-22T14:23:44.314+0300] {dagbag.py:342} ERROR - Failed to import: /home/sgm/airflow/dags/hw_dag.py
Traceback (most recent call last):
  File "/home/sgm/anaconda3/envs/33homework/lib/python3.10/site-packages/airflow/models/dagbag.py", line 338, in parse
    loader.exec_module(new_module)
  File "<frozen importlib._bootstrap_external>", line 883, in exec_module
  File "<frozen importlib._bootstrap>", line 241, in _call_with_frames_removed
  File "/home/sgm/airflow/dags/hw_dag.py", line 8, in <module>
    from modules.pipeline import pipeline
ModuleNotFoundError: No module named 'modules.pipeline'; 'modules' is not a package
[2023-03-22T14:23:44.315+0300] {processor.py:768} WARNING - No viable dags retrieved from /home/sgm/airflow/dags/hw_dag.py
[2023-03-22T14:23:44.332+0300] {processor.py:176} INFO - Processing /home/sgm/airflow/dags/hw_dag.py took 0.025 seconds
[2023-03-22T14:24:14.599+0300] {processor.py:154} INFO - Started process (PID=10424) to work on /home/sgm/airflow/dags/hw_dag.py
[2023-03-22T14:24:14.601+0300] {processor.py:756} INFO - Processing file /home/sgm/airflow/dags/hw_dag.py for tasks to queue
[2023-03-22T14:24:14.601+0300] {logging_mixin.py:137} INFO - [2023-03-22T14:24:14.601+0300] {dagbag.py:537} INFO - Filling up the DagBag from /home/sgm/airflow/dags/hw_dag.py
[2023-03-22T14:24:14.605+0300] {logging_mixin.py:137} INFO - [2023-03-22T14:24:14.604+0300] {dagbag.py:342} ERROR - Failed to import: /home/sgm/airflow/dags/hw_dag.py
Traceback (most recent call last):
  File "/home/sgm/anaconda3/envs/33homework/lib/python3.10/site-packages/airflow/models/dagbag.py", line 338, in parse
    loader.exec_module(new_module)
  File "<frozen importlib._bootstrap_external>", line 883, in exec_module
  File "<frozen importlib._bootstrap>", line 241, in _call_with_frames_removed
  File "/home/sgm/airflow/dags/hw_dag.py", line 8, in <module>
    from modules.pipeline import pipeline
ModuleNotFoundError: No module named 'modules.pipeline'; 'modules' is not a package
[2023-03-22T14:24:14.605+0300] {processor.py:768} WARNING - No viable dags retrieved from /home/sgm/airflow/dags/hw_dag.py
[2023-03-22T14:24:14.622+0300] {processor.py:176} INFO - Processing /home/sgm/airflow/dags/hw_dag.py took 0.025 seconds
[2023-03-22T14:24:44.880+0300] {processor.py:154} INFO - Started process (PID=10471) to work on /home/sgm/airflow/dags/hw_dag.py
[2023-03-22T14:24:44.882+0300] {processor.py:756} INFO - Processing file /home/sgm/airflow/dags/hw_dag.py for tasks to queue
[2023-03-22T14:24:44.882+0300] {logging_mixin.py:137} INFO - [2023-03-22T14:24:44.882+0300] {dagbag.py:537} INFO - Filling up the DagBag from /home/sgm/airflow/dags/hw_dag.py
[2023-03-22T14:24:44.885+0300] {logging_mixin.py:137} INFO - [2023-03-22T14:24:44.885+0300] {dagbag.py:342} ERROR - Failed to import: /home/sgm/airflow/dags/hw_dag.py
Traceback (most recent call last):
  File "/home/sgm/anaconda3/envs/33homework/lib/python3.10/site-packages/airflow/models/dagbag.py", line 338, in parse
    loader.exec_module(new_module)
  File "<frozen importlib._bootstrap_external>", line 883, in exec_module
  File "<frozen importlib._bootstrap>", line 241, in _call_with_frames_removed
  File "/home/sgm/airflow/dags/hw_dag.py", line 8, in <module>
    from modules.pipeline import pipeline
ModuleNotFoundError: No module named 'modules.pipeline'; 'modules' is not a package
[2023-03-22T14:24:44.886+0300] {processor.py:768} WARNING - No viable dags retrieved from /home/sgm/airflow/dags/hw_dag.py
[2023-03-22T14:24:44.902+0300] {processor.py:176} INFO - Processing /home/sgm/airflow/dags/hw_dag.py took 0.024 seconds
[2023-03-22T14:25:15.150+0300] {processor.py:154} INFO - Started process (PID=10546) to work on /home/sgm/airflow/dags/hw_dag.py
[2023-03-22T14:25:15.152+0300] {processor.py:756} INFO - Processing file /home/sgm/airflow/dags/hw_dag.py for tasks to queue
[2023-03-22T14:25:15.152+0300] {logging_mixin.py:137} INFO - [2023-03-22T14:25:15.152+0300] {dagbag.py:537} INFO - Filling up the DagBag from /home/sgm/airflow/dags/hw_dag.py
[2023-03-22T14:25:15.155+0300] {logging_mixin.py:137} INFO - [2023-03-22T14:25:15.155+0300] {dagbag.py:342} ERROR - Failed to import: /home/sgm/airflow/dags/hw_dag.py
Traceback (most recent call last):
  File "/home/sgm/anaconda3/envs/33homework/lib/python3.10/site-packages/airflow/models/dagbag.py", line 338, in parse
    loader.exec_module(new_module)
  File "<frozen importlib._bootstrap_external>", line 883, in exec_module
  File "<frozen importlib._bootstrap>", line 241, in _call_with_frames_removed
  File "/home/sgm/airflow/dags/hw_dag.py", line 8, in <module>
    from modules.pipeline import pipeline
ModuleNotFoundError: No module named 'modules.pipeline'; 'modules' is not a package
[2023-03-22T14:25:15.155+0300] {processor.py:768} WARNING - No viable dags retrieved from /home/sgm/airflow/dags/hw_dag.py
[2023-03-22T14:25:15.172+0300] {processor.py:176} INFO - Processing /home/sgm/airflow/dags/hw_dag.py took 0.024 seconds
[2023-03-22T14:25:45.396+0300] {processor.py:154} INFO - Started process (PID=10602) to work on /home/sgm/airflow/dags/hw_dag.py
[2023-03-22T14:25:45.398+0300] {processor.py:756} INFO - Processing file /home/sgm/airflow/dags/hw_dag.py for tasks to queue
[2023-03-22T14:25:45.398+0300] {logging_mixin.py:137} INFO - [2023-03-22T14:25:45.398+0300] {dagbag.py:537} INFO - Filling up the DagBag from /home/sgm/airflow/dags/hw_dag.py
[2023-03-22T14:25:45.402+0300] {logging_mixin.py:137} INFO - [2023-03-22T14:25:45.401+0300] {dagbag.py:342} ERROR - Failed to import: /home/sgm/airflow/dags/hw_dag.py
Traceback (most recent call last):
  File "/home/sgm/anaconda3/envs/33homework/lib/python3.10/site-packages/airflow/models/dagbag.py", line 338, in parse
    loader.exec_module(new_module)
  File "<frozen importlib._bootstrap_external>", line 883, in exec_module
  File "<frozen importlib._bootstrap>", line 241, in _call_with_frames_removed
  File "/home/sgm/airflow/dags/hw_dag.py", line 8, in <module>
    from modules.pipeline import pipeline
ModuleNotFoundError: No module named 'modules.pipeline'; 'modules' is not a package
[2023-03-22T14:25:45.402+0300] {processor.py:768} WARNING - No viable dags retrieved from /home/sgm/airflow/dags/hw_dag.py
[2023-03-22T14:25:45.419+0300] {processor.py:176} INFO - Processing /home/sgm/airflow/dags/hw_dag.py took 0.024 seconds
[2023-03-22T14:26:15.642+0300] {processor.py:154} INFO - Started process (PID=10661) to work on /home/sgm/airflow/dags/hw_dag.py
[2023-03-22T14:26:15.644+0300] {processor.py:756} INFO - Processing file /home/sgm/airflow/dags/hw_dag.py for tasks to queue
[2023-03-22T14:26:15.644+0300] {logging_mixin.py:137} INFO - [2023-03-22T14:26:15.644+0300] {dagbag.py:537} INFO - Filling up the DagBag from /home/sgm/airflow/dags/hw_dag.py
[2023-03-22T14:26:15.648+0300] {logging_mixin.py:137} INFO - [2023-03-22T14:26:15.648+0300] {dagbag.py:342} ERROR - Failed to import: /home/sgm/airflow/dags/hw_dag.py
Traceback (most recent call last):
  File "/home/sgm/anaconda3/envs/33homework/lib/python3.10/site-packages/airflow/models/dagbag.py", line 338, in parse
    loader.exec_module(new_module)
  File "<frozen importlib._bootstrap_external>", line 883, in exec_module
  File "<frozen importlib._bootstrap>", line 241, in _call_with_frames_removed
  File "/home/sgm/airflow/dags/hw_dag.py", line 8, in <module>
    from modules.pipeline import pipeline
ModuleNotFoundError: No module named 'modules.pipeline'; 'modules' is not a package
[2023-03-22T14:26:15.648+0300] {processor.py:768} WARNING - No viable dags retrieved from /home/sgm/airflow/dags/hw_dag.py
[2023-03-22T14:26:15.668+0300] {processor.py:176} INFO - Processing /home/sgm/airflow/dags/hw_dag.py took 0.027 seconds
[2023-03-22T14:26:45.920+0300] {processor.py:154} INFO - Started process (PID=10729) to work on /home/sgm/airflow/dags/hw_dag.py
[2023-03-22T14:26:45.922+0300] {processor.py:756} INFO - Processing file /home/sgm/airflow/dags/hw_dag.py for tasks to queue
[2023-03-22T14:26:45.923+0300] {logging_mixin.py:137} INFO - [2023-03-22T14:26:45.923+0300] {dagbag.py:537} INFO - Filling up the DagBag from /home/sgm/airflow/dags/hw_dag.py
[2023-03-22T14:26:45.927+0300] {logging_mixin.py:137} INFO - [2023-03-22T14:26:45.926+0300] {dagbag.py:342} ERROR - Failed to import: /home/sgm/airflow/dags/hw_dag.py
Traceback (most recent call last):
  File "/home/sgm/anaconda3/envs/33homework/lib/python3.10/site-packages/airflow/models/dagbag.py", line 338, in parse
    loader.exec_module(new_module)
  File "<frozen importlib._bootstrap_external>", line 883, in exec_module
  File "<frozen importlib._bootstrap>", line 241, in _call_with_frames_removed
  File "/home/sgm/airflow/dags/hw_dag.py", line 8, in <module>
    from modules.pipeline import pipeline
ModuleNotFoundError: No module named 'modules.pipeline'; 'modules' is not a package
[2023-03-22T14:26:45.927+0300] {processor.py:768} WARNING - No viable dags retrieved from /home/sgm/airflow/dags/hw_dag.py
[2023-03-22T14:26:45.943+0300] {processor.py:176} INFO - Processing /home/sgm/airflow/dags/hw_dag.py took 0.024 seconds
[2023-03-22T14:27:16.213+0300] {processor.py:154} INFO - Started process (PID=10816) to work on /home/sgm/airflow/dags/hw_dag.py
[2023-03-22T14:27:16.215+0300] {processor.py:756} INFO - Processing file /home/sgm/airflow/dags/hw_dag.py for tasks to queue
[2023-03-22T14:27:16.216+0300] {logging_mixin.py:137} INFO - [2023-03-22T14:27:16.215+0300] {dagbag.py:537} INFO - Filling up the DagBag from /home/sgm/airflow/dags/hw_dag.py
[2023-03-22T14:27:16.220+0300] {logging_mixin.py:137} INFO - [2023-03-22T14:27:16.219+0300] {dagbag.py:342} ERROR - Failed to import: /home/sgm/airflow/dags/hw_dag.py
Traceback (most recent call last):
  File "/home/sgm/anaconda3/envs/33homework/lib/python3.10/site-packages/airflow/models/dagbag.py", line 338, in parse
    loader.exec_module(new_module)
  File "<frozen importlib._bootstrap_external>", line 883, in exec_module
  File "<frozen importlib._bootstrap>", line 241, in _call_with_frames_removed
  File "/home/sgm/airflow/dags/hw_dag.py", line 8, in <module>
    from modules.pipeline import pipeline
ModuleNotFoundError: No module named 'modules.pipeline'; 'modules' is not a package
[2023-03-22T14:27:16.220+0300] {processor.py:768} WARNING - No viable dags retrieved from /home/sgm/airflow/dags/hw_dag.py
[2023-03-22T14:27:16.237+0300] {processor.py:176} INFO - Processing /home/sgm/airflow/dags/hw_dag.py took 0.025 seconds
[2023-03-22T14:27:46.512+0300] {processor.py:154} INFO - Started process (PID=10852) to work on /home/sgm/airflow/dags/hw_dag.py
[2023-03-22T14:27:46.514+0300] {processor.py:756} INFO - Processing file /home/sgm/airflow/dags/hw_dag.py for tasks to queue
[2023-03-22T14:27:46.515+0300] {logging_mixin.py:137} INFO - [2023-03-22T14:27:46.515+0300] {dagbag.py:537} INFO - Filling up the DagBag from /home/sgm/airflow/dags/hw_dag.py
[2023-03-22T14:27:46.519+0300] {logging_mixin.py:137} INFO - [2023-03-22T14:27:46.519+0300] {dagbag.py:342} ERROR - Failed to import: /home/sgm/airflow/dags/hw_dag.py
Traceback (most recent call last):
  File "/home/sgm/anaconda3/envs/33homework/lib/python3.10/site-packages/airflow/models/dagbag.py", line 338, in parse
    loader.exec_module(new_module)
  File "<frozen importlib._bootstrap_external>", line 883, in exec_module
  File "<frozen importlib._bootstrap>", line 241, in _call_with_frames_removed
  File "/home/sgm/airflow/dags/hw_dag.py", line 8, in <module>
    from modules.pipeline import pipeline
ModuleNotFoundError: No module named 'modules.pipeline'; 'modules' is not a package
[2023-03-22T14:27:46.519+0300] {processor.py:768} WARNING - No viable dags retrieved from /home/sgm/airflow/dags/hw_dag.py
[2023-03-22T14:27:46.536+0300] {processor.py:176} INFO - Processing /home/sgm/airflow/dags/hw_dag.py took 0.025 seconds
[2023-03-22T14:28:16.800+0300] {processor.py:154} INFO - Started process (PID=10889) to work on /home/sgm/airflow/dags/hw_dag.py
[2023-03-22T14:28:16.801+0300] {processor.py:756} INFO - Processing file /home/sgm/airflow/dags/hw_dag.py for tasks to queue
[2023-03-22T14:28:16.802+0300] {logging_mixin.py:137} INFO - [2023-03-22T14:28:16.802+0300] {dagbag.py:537} INFO - Filling up the DagBag from /home/sgm/airflow/dags/hw_dag.py
[2023-03-22T14:28:16.806+0300] {logging_mixin.py:137} INFO - [2023-03-22T14:28:16.805+0300] {dagbag.py:342} ERROR - Failed to import: /home/sgm/airflow/dags/hw_dag.py
Traceback (most recent call last):
  File "/home/sgm/anaconda3/envs/33homework/lib/python3.10/site-packages/airflow/models/dagbag.py", line 338, in parse
    loader.exec_module(new_module)
  File "<frozen importlib._bootstrap_external>", line 883, in exec_module
  File "<frozen importlib._bootstrap>", line 241, in _call_with_frames_removed
  File "/home/sgm/airflow/dags/hw_dag.py", line 8, in <module>
    from modules.pipeline import pipeline
ModuleNotFoundError: No module named 'modules.pipeline'; 'modules' is not a package
[2023-03-22T14:28:16.806+0300] {processor.py:768} WARNING - No viable dags retrieved from /home/sgm/airflow/dags/hw_dag.py
[2023-03-22T14:28:16.827+0300] {processor.py:176} INFO - Processing /home/sgm/airflow/dags/hw_dag.py took 0.029 seconds
[2023-03-22T14:28:47.054+0300] {processor.py:154} INFO - Started process (PID=10917) to work on /home/sgm/airflow/dags/hw_dag.py
[2023-03-22T14:28:47.054+0300] {processor.py:756} INFO - Processing file /home/sgm/airflow/dags/hw_dag.py for tasks to queue
[2023-03-22T14:28:47.055+0300] {logging_mixin.py:137} INFO - [2023-03-22T14:28:47.055+0300] {dagbag.py:537} INFO - Filling up the DagBag from /home/sgm/airflow/dags/hw_dag.py
[2023-03-22T14:28:47.058+0300] {logging_mixin.py:137} INFO - [2023-03-22T14:28:47.057+0300] {dagbag.py:342} ERROR - Failed to import: /home/sgm/airflow/dags/hw_dag.py
Traceback (most recent call last):
  File "/home/sgm/anaconda3/envs/33homework/lib/python3.10/site-packages/airflow/models/dagbag.py", line 338, in parse
    loader.exec_module(new_module)
  File "<frozen importlib._bootstrap_external>", line 883, in exec_module
  File "<frozen importlib._bootstrap>", line 241, in _call_with_frames_removed
  File "/home/sgm/airflow/dags/hw_dag.py", line 8, in <module>
    from modules.pipeline import pipeline
ModuleNotFoundError: No module named 'modules.pipeline'; 'modules' is not a package
[2023-03-22T14:28:47.058+0300] {processor.py:768} WARNING - No viable dags retrieved from /home/sgm/airflow/dags/hw_dag.py
[2023-03-22T14:28:47.073+0300] {processor.py:176} INFO - Processing /home/sgm/airflow/dags/hw_dag.py took 0.022 seconds
[2023-03-22T14:29:17.349+0300] {processor.py:154} INFO - Started process (PID=10947) to work on /home/sgm/airflow/dags/hw_dag.py
[2023-03-22T14:29:17.351+0300] {processor.py:756} INFO - Processing file /home/sgm/airflow/dags/hw_dag.py for tasks to queue
[2023-03-22T14:29:17.352+0300] {logging_mixin.py:137} INFO - [2023-03-22T14:29:17.352+0300] {dagbag.py:537} INFO - Filling up the DagBag from /home/sgm/airflow/dags/hw_dag.py
[2023-03-22T14:29:17.357+0300] {logging_mixin.py:137} INFO - [2023-03-22T14:29:17.356+0300] {dagbag.py:342} ERROR - Failed to import: /home/sgm/airflow/dags/hw_dag.py
Traceback (most recent call last):
  File "/home/sgm/anaconda3/envs/33homework/lib/python3.10/site-packages/airflow/models/dagbag.py", line 338, in parse
    loader.exec_module(new_module)
  File "<frozen importlib._bootstrap_external>", line 883, in exec_module
  File "<frozen importlib._bootstrap>", line 241, in _call_with_frames_removed
  File "/home/sgm/airflow/dags/hw_dag.py", line 8, in <module>
    from modules.pipeline import pipeline
ModuleNotFoundError: No module named 'modules.pipeline'; 'modules' is not a package
[2023-03-22T14:29:17.357+0300] {processor.py:768} WARNING - No viable dags retrieved from /home/sgm/airflow/dags/hw_dag.py
[2023-03-22T14:29:17.372+0300] {processor.py:176} INFO - Processing /home/sgm/airflow/dags/hw_dag.py took 0.024 seconds
[2023-03-22T14:29:47.629+0300] {processor.py:154} INFO - Started process (PID=11093) to work on /home/sgm/airflow/dags/hw_dag.py
[2023-03-22T14:29:47.631+0300] {processor.py:756} INFO - Processing file /home/sgm/airflow/dags/hw_dag.py for tasks to queue
[2023-03-22T14:29:47.631+0300] {logging_mixin.py:137} INFO - [2023-03-22T14:29:47.631+0300] {dagbag.py:537} INFO - Filling up the DagBag from /home/sgm/airflow/dags/hw_dag.py
[2023-03-22T14:29:47.635+0300] {logging_mixin.py:137} INFO - [2023-03-22T14:29:47.635+0300] {dagbag.py:342} ERROR - Failed to import: /home/sgm/airflow/dags/hw_dag.py
Traceback (most recent call last):
  File "/home/sgm/anaconda3/envs/33homework/lib/python3.10/site-packages/airflow/models/dagbag.py", line 338, in parse
    loader.exec_module(new_module)
  File "<frozen importlib._bootstrap_external>", line 883, in exec_module
  File "<frozen importlib._bootstrap>", line 241, in _call_with_frames_removed
  File "/home/sgm/airflow/dags/hw_dag.py", line 8, in <module>
    from modules.pipeline import pipeline
ModuleNotFoundError: No module named 'modules.pipeline'; 'modules' is not a package
[2023-03-22T14:29:47.636+0300] {processor.py:768} WARNING - No viable dags retrieved from /home/sgm/airflow/dags/hw_dag.py
[2023-03-22T14:29:47.652+0300] {processor.py:176} INFO - Processing /home/sgm/airflow/dags/hw_dag.py took 0.025 seconds
[2023-03-22T14:30:17.878+0300] {processor.py:154} INFO - Started process (PID=11151) to work on /home/sgm/airflow/dags/hw_dag.py
[2023-03-22T14:30:17.879+0300] {processor.py:756} INFO - Processing file /home/sgm/airflow/dags/hw_dag.py for tasks to queue
[2023-03-22T14:30:17.880+0300] {logging_mixin.py:137} INFO - [2023-03-22T14:30:17.880+0300] {dagbag.py:537} INFO - Filling up the DagBag from /home/sgm/airflow/dags/hw_dag.py
[2023-03-22T14:30:17.888+0300] {logging_mixin.py:137} INFO - [2023-03-22T14:30:17.887+0300] {dagbag.py:342} ERROR - Failed to import: /home/sgm/airflow/dags/hw_dag.py
Traceback (most recent call last):
  File "/home/sgm/anaconda3/envs/33homework/lib/python3.10/site-packages/airflow/models/dagbag.py", line 338, in parse
    loader.exec_module(new_module)
  File "<frozen importlib._bootstrap_external>", line 883, in exec_module
  File "<frozen importlib._bootstrap>", line 241, in _call_with_frames_removed
  File "/home/sgm/airflow/dags/hw_dag.py", line 8, in <module>
    from modules.pipeline import pipeline
ModuleNotFoundError: No module named 'modules.pipeline'; 'modules' is not a package
[2023-03-22T14:30:17.888+0300] {processor.py:768} WARNING - No viable dags retrieved from /home/sgm/airflow/dags/hw_dag.py
[2023-03-22T14:30:17.905+0300] {processor.py:176} INFO - Processing /home/sgm/airflow/dags/hw_dag.py took 0.030 seconds
[2023-03-22T14:30:48.174+0300] {processor.py:154} INFO - Started process (PID=11176) to work on /home/sgm/airflow/dags/hw_dag.py
[2023-03-22T14:30:48.176+0300] {processor.py:756} INFO - Processing file /home/sgm/airflow/dags/hw_dag.py for tasks to queue
[2023-03-22T14:30:48.176+0300] {logging_mixin.py:137} INFO - [2023-03-22T14:30:48.176+0300] {dagbag.py:537} INFO - Filling up the DagBag from /home/sgm/airflow/dags/hw_dag.py
[2023-03-22T14:30:48.180+0300] {logging_mixin.py:137} INFO - [2023-03-22T14:30:48.179+0300] {dagbag.py:342} ERROR - Failed to import: /home/sgm/airflow/dags/hw_dag.py
Traceback (most recent call last):
  File "/home/sgm/anaconda3/envs/33homework/lib/python3.10/site-packages/airflow/models/dagbag.py", line 338, in parse
    loader.exec_module(new_module)
  File "<frozen importlib._bootstrap_external>", line 883, in exec_module
  File "<frozen importlib._bootstrap>", line 241, in _call_with_frames_removed
  File "/home/sgm/airflow/dags/hw_dag.py", line 8, in <module>
    from modules.pipeline import pipeline
ModuleNotFoundError: No module named 'modules.pipeline'; 'modules' is not a package
[2023-03-22T14:30:48.180+0300] {processor.py:768} WARNING - No viable dags retrieved from /home/sgm/airflow/dags/hw_dag.py
[2023-03-22T14:30:48.197+0300] {processor.py:176} INFO - Processing /home/sgm/airflow/dags/hw_dag.py took 0.025 seconds
[2023-03-22T14:31:18.444+0300] {processor.py:154} INFO - Started process (PID=11364) to work on /home/sgm/airflow/dags/hw_dag.py
[2023-03-22T14:31:18.446+0300] {processor.py:756} INFO - Processing file /home/sgm/airflow/dags/hw_dag.py for tasks to queue
[2023-03-22T14:31:18.447+0300] {logging_mixin.py:137} INFO - [2023-03-22T14:31:18.446+0300] {dagbag.py:537} INFO - Filling up the DagBag from /home/sgm/airflow/dags/hw_dag.py
[2023-03-22T14:31:18.451+0300] {logging_mixin.py:137} INFO - [2023-03-22T14:31:18.450+0300] {dagbag.py:342} ERROR - Failed to import: /home/sgm/airflow/dags/hw_dag.py
Traceback (most recent call last):
  File "/home/sgm/anaconda3/envs/33homework/lib/python3.10/site-packages/airflow/models/dagbag.py", line 338, in parse
    loader.exec_module(new_module)
  File "<frozen importlib._bootstrap_external>", line 883, in exec_module
  File "<frozen importlib._bootstrap>", line 241, in _call_with_frames_removed
  File "/home/sgm/airflow/dags/hw_dag.py", line 8, in <module>
    from modules.pipeline import pipeline
ModuleNotFoundError: No module named 'modules.pipeline'; 'modules' is not a package
[2023-03-22T14:31:18.451+0300] {processor.py:768} WARNING - No viable dags retrieved from /home/sgm/airflow/dags/hw_dag.py
[2023-03-22T14:31:18.466+0300] {processor.py:176} INFO - Processing /home/sgm/airflow/dags/hw_dag.py took 0.023 seconds
[2023-03-22T14:31:48.719+0300] {processor.py:154} INFO - Started process (PID=11469) to work on /home/sgm/airflow/dags/hw_dag.py
[2023-03-22T14:31:48.721+0300] {processor.py:756} INFO - Processing file /home/sgm/airflow/dags/hw_dag.py for tasks to queue
[2023-03-22T14:31:48.721+0300] {logging_mixin.py:137} INFO - [2023-03-22T14:31:48.721+0300] {dagbag.py:537} INFO - Filling up the DagBag from /home/sgm/airflow/dags/hw_dag.py
[2023-03-22T14:31:48.725+0300] {logging_mixin.py:137} INFO - [2023-03-22T14:31:48.724+0300] {dagbag.py:342} ERROR - Failed to import: /home/sgm/airflow/dags/hw_dag.py
Traceback (most recent call last):
  File "/home/sgm/anaconda3/envs/33homework/lib/python3.10/site-packages/airflow/models/dagbag.py", line 338, in parse
    loader.exec_module(new_module)
  File "<frozen importlib._bootstrap_external>", line 883, in exec_module
  File "<frozen importlib._bootstrap>", line 241, in _call_with_frames_removed
  File "/home/sgm/airflow/dags/hw_dag.py", line 8, in <module>
    from modules.pipeline import pipeline
ModuleNotFoundError: No module named 'modules.pipeline'; 'modules' is not a package
[2023-03-22T14:31:48.725+0300] {processor.py:768} WARNING - No viable dags retrieved from /home/sgm/airflow/dags/hw_dag.py
[2023-03-22T14:31:48.750+0300] {processor.py:176} INFO - Processing /home/sgm/airflow/dags/hw_dag.py took 0.032 seconds
[2023-03-22T14:32:18.975+0300] {processor.py:154} INFO - Started process (PID=11499) to work on /home/sgm/airflow/dags/hw_dag.py
[2023-03-22T14:32:18.977+0300] {processor.py:756} INFO - Processing file /home/sgm/airflow/dags/hw_dag.py for tasks to queue
[2023-03-22T14:32:18.977+0300] {logging_mixin.py:137} INFO - [2023-03-22T14:32:18.977+0300] {dagbag.py:537} INFO - Filling up the DagBag from /home/sgm/airflow/dags/hw_dag.py
[2023-03-22T14:32:18.981+0300] {logging_mixin.py:137} INFO - [2023-03-22T14:32:18.980+0300] {dagbag.py:342} ERROR - Failed to import: /home/sgm/airflow/dags/hw_dag.py
Traceback (most recent call last):
  File "/home/sgm/anaconda3/envs/33homework/lib/python3.10/site-packages/airflow/models/dagbag.py", line 338, in parse
    loader.exec_module(new_module)
  File "<frozen importlib._bootstrap_external>", line 883, in exec_module
  File "<frozen importlib._bootstrap>", line 241, in _call_with_frames_removed
  File "/home/sgm/airflow/dags/hw_dag.py", line 8, in <module>
    from modules.pipeline import pipeline
ModuleNotFoundError: No module named 'modules.pipeline'; 'modules' is not a package
[2023-03-22T14:32:18.981+0300] {processor.py:768} WARNING - No viable dags retrieved from /home/sgm/airflow/dags/hw_dag.py
[2023-03-22T14:32:18.997+0300] {processor.py:176} INFO - Processing /home/sgm/airflow/dags/hw_dag.py took 0.023 seconds
[2023-03-22T14:32:49.200+0300] {processor.py:154} INFO - Started process (PID=11545) to work on /home/sgm/airflow/dags/hw_dag.py
[2023-03-22T14:32:49.201+0300] {processor.py:756} INFO - Processing file /home/sgm/airflow/dags/hw_dag.py for tasks to queue
[2023-03-22T14:32:49.202+0300] {logging_mixin.py:137} INFO - [2023-03-22T14:32:49.202+0300] {dagbag.py:537} INFO - Filling up the DagBag from /home/sgm/airflow/dags/hw_dag.py
[2023-03-22T14:32:49.204+0300] {logging_mixin.py:137} INFO - [2023-03-22T14:32:49.204+0300] {dagbag.py:342} ERROR - Failed to import: /home/sgm/airflow/dags/hw_dag.py
Traceback (most recent call last):
  File "/home/sgm/anaconda3/envs/33homework/lib/python3.10/site-packages/airflow/models/dagbag.py", line 338, in parse
    loader.exec_module(new_module)
  File "<frozen importlib._bootstrap_external>", line 883, in exec_module
  File "<frozen importlib._bootstrap>", line 241, in _call_with_frames_removed
  File "/home/sgm/airflow/dags/hw_dag.py", line 8, in <module>
    from modules.pipeline import pipeline
ModuleNotFoundError: No module named 'modules.pipeline'; 'modules' is not a package
[2023-03-22T14:32:49.205+0300] {processor.py:768} WARNING - No viable dags retrieved from /home/sgm/airflow/dags/hw_dag.py
[2023-03-22T14:32:49.220+0300] {processor.py:176} INFO - Processing /home/sgm/airflow/dags/hw_dag.py took 0.022 seconds
[2023-03-22T14:33:19.427+0300] {processor.py:154} INFO - Started process (PID=11632) to work on /home/sgm/airflow/dags/hw_dag.py
[2023-03-22T14:33:19.429+0300] {processor.py:756} INFO - Processing file /home/sgm/airflow/dags/hw_dag.py for tasks to queue
[2023-03-22T14:33:19.429+0300] {logging_mixin.py:137} INFO - [2023-03-22T14:33:19.429+0300] {dagbag.py:537} INFO - Filling up the DagBag from /home/sgm/airflow/dags/hw_dag.py
[2023-03-22T14:33:19.434+0300] {logging_mixin.py:137} INFO - [2023-03-22T14:33:19.433+0300] {dagbag.py:342} ERROR - Failed to import: /home/sgm/airflow/dags/hw_dag.py
Traceback (most recent call last):
  File "/home/sgm/anaconda3/envs/33homework/lib/python3.10/site-packages/airflow/models/dagbag.py", line 338, in parse
    loader.exec_module(new_module)
  File "<frozen importlib._bootstrap_external>", line 883, in exec_module
  File "<frozen importlib._bootstrap>", line 241, in _call_with_frames_removed
  File "/home/sgm/airflow/dags/hw_dag.py", line 8, in <module>
    from modules.pipeline import pipeline
ModuleNotFoundError: No module named 'modules.pipeline'; 'modules' is not a package
[2023-03-22T14:33:19.434+0300] {processor.py:768} WARNING - No viable dags retrieved from /home/sgm/airflow/dags/hw_dag.py
[2023-03-22T14:33:19.450+0300] {processor.py:176} INFO - Processing /home/sgm/airflow/dags/hw_dag.py took 0.024 seconds
[2023-03-22T14:33:49.699+0300] {processor.py:154} INFO - Started process (PID=11761) to work on /home/sgm/airflow/dags/hw_dag.py
[2023-03-22T14:33:49.700+0300] {processor.py:756} INFO - Processing file /home/sgm/airflow/dags/hw_dag.py for tasks to queue
[2023-03-22T14:33:49.700+0300] {logging_mixin.py:137} INFO - [2023-03-22T14:33:49.700+0300] {dagbag.py:537} INFO - Filling up the DagBag from /home/sgm/airflow/dags/hw_dag.py
[2023-03-22T14:33:49.704+0300] {logging_mixin.py:137} INFO - [2023-03-22T14:33:49.704+0300] {dagbag.py:342} ERROR - Failed to import: /home/sgm/airflow/dags/hw_dag.py
Traceback (most recent call last):
  File "/home/sgm/anaconda3/envs/33homework/lib/python3.10/site-packages/airflow/models/dagbag.py", line 338, in parse
    loader.exec_module(new_module)
  File "<frozen importlib._bootstrap_external>", line 883, in exec_module
  File "<frozen importlib._bootstrap>", line 241, in _call_with_frames_removed
  File "/home/sgm/airflow/dags/hw_dag.py", line 8, in <module>
    from modules.pipeline import pipeline
ModuleNotFoundError: No module named 'modules.pipeline'; 'modules' is not a package
[2023-03-22T14:33:49.705+0300] {processor.py:768} WARNING - No viable dags retrieved from /home/sgm/airflow/dags/hw_dag.py
[2023-03-22T14:33:49.721+0300] {processor.py:176} INFO - Processing /home/sgm/airflow/dags/hw_dag.py took 0.024 seconds
[2023-03-22T14:34:19.970+0300] {processor.py:154} INFO - Started process (PID=11808) to work on /home/sgm/airflow/dags/hw_dag.py
[2023-03-22T14:34:19.970+0300] {processor.py:756} INFO - Processing file /home/sgm/airflow/dags/hw_dag.py for tasks to queue
[2023-03-22T14:34:19.971+0300] {logging_mixin.py:137} INFO - [2023-03-22T14:34:19.971+0300] {dagbag.py:537} INFO - Filling up the DagBag from /home/sgm/airflow/dags/hw_dag.py
[2023-03-22T14:34:19.973+0300] {logging_mixin.py:137} INFO - [2023-03-22T14:34:19.973+0300] {dagbag.py:342} ERROR - Failed to import: /home/sgm/airflow/dags/hw_dag.py
Traceback (most recent call last):
  File "/home/sgm/anaconda3/envs/33homework/lib/python3.10/site-packages/airflow/models/dagbag.py", line 338, in parse
    loader.exec_module(new_module)
  File "<frozen importlib._bootstrap_external>", line 883, in exec_module
  File "<frozen importlib._bootstrap>", line 241, in _call_with_frames_removed
  File "/home/sgm/airflow/dags/hw_dag.py", line 8, in <module>
    from modules.pipeline import pipeline
ModuleNotFoundError: No module named 'modules.pipeline'; 'modules' is not a package
[2023-03-22T14:34:19.974+0300] {processor.py:768} WARNING - No viable dags retrieved from /home/sgm/airflow/dags/hw_dag.py
[2023-03-22T14:34:19.990+0300] {processor.py:176} INFO - Processing /home/sgm/airflow/dags/hw_dag.py took 0.022 seconds
[2023-03-22T14:34:50.135+0300] {processor.py:154} INFO - Started process (PID=11909) to work on /home/sgm/airflow/dags/hw_dag.py
[2023-03-22T14:34:50.136+0300] {processor.py:756} INFO - Processing file /home/sgm/airflow/dags/hw_dag.py for tasks to queue
[2023-03-22T14:34:50.136+0300] {logging_mixin.py:137} INFO - [2023-03-22T14:34:50.136+0300] {dagbag.py:537} INFO - Filling up the DagBag from /home/sgm/airflow/dags/hw_dag.py
[2023-03-22T14:34:50.143+0300] {logging_mixin.py:137} INFO - [2023-03-22T14:34:50.142+0300] {dagbag.py:342} ERROR - Failed to import: /home/sgm/airflow/dags/hw_dag.py
Traceback (most recent call last):
  File "/home/sgm/anaconda3/envs/33homework/lib/python3.10/site-packages/airflow/models/dagbag.py", line 338, in parse
    loader.exec_module(new_module)
  File "<frozen importlib._bootstrap_external>", line 883, in exec_module
  File "<frozen importlib._bootstrap>", line 241, in _call_with_frames_removed
  File "/home/sgm/airflow/dags/hw_dag.py", line 8, in <module>
    from modules.pipeline import pipeline
ModuleNotFoundError: No module named 'modules.pipeline'; 'modules' is not a package
[2023-03-22T14:34:50.144+0300] {processor.py:768} WARNING - No viable dags retrieved from /home/sgm/airflow/dags/hw_dag.py
[2023-03-22T14:34:50.163+0300] {processor.py:176} INFO - Processing /home/sgm/airflow/dags/hw_dag.py took 0.032 seconds
[2023-03-22T14:35:20.424+0300] {processor.py:154} INFO - Started process (PID=11944) to work on /home/sgm/airflow/dags/hw_dag.py
[2023-03-22T14:35:20.426+0300] {processor.py:756} INFO - Processing file /home/sgm/airflow/dags/hw_dag.py for tasks to queue
[2023-03-22T14:35:20.426+0300] {logging_mixin.py:137} INFO - [2023-03-22T14:35:20.426+0300] {dagbag.py:537} INFO - Filling up the DagBag from /home/sgm/airflow/dags/hw_dag.py
[2023-03-22T14:35:20.430+0300] {logging_mixin.py:137} INFO - [2023-03-22T14:35:20.429+0300] {dagbag.py:342} ERROR - Failed to import: /home/sgm/airflow/dags/hw_dag.py
Traceback (most recent call last):
  File "/home/sgm/anaconda3/envs/33homework/lib/python3.10/site-packages/airflow/models/dagbag.py", line 338, in parse
    loader.exec_module(new_module)
  File "<frozen importlib._bootstrap_external>", line 883, in exec_module
  File "<frozen importlib._bootstrap>", line 241, in _call_with_frames_removed
  File "/home/sgm/airflow/dags/hw_dag.py", line 8, in <module>
    from modules.pipeline import pipeline
ModuleNotFoundError: No module named 'modules.pipeline'; 'modules' is not a package
[2023-03-22T14:35:20.430+0300] {processor.py:768} WARNING - No viable dags retrieved from /home/sgm/airflow/dags/hw_dag.py
[2023-03-22T14:35:20.451+0300] {processor.py:176} INFO - Processing /home/sgm/airflow/dags/hw_dag.py took 0.029 seconds
[2023-03-22T15:06:46.282+0300] {processor.py:154} INFO - Started process (PID=15671) to work on /home/sgm/airflow/dags/hw_dag.py
[2023-03-22T15:06:46.283+0300] {processor.py:756} INFO - Processing file /home/sgm/airflow/dags/hw_dag.py for tasks to queue
[2023-03-22T15:06:46.284+0300] {logging_mixin.py:137} INFO - [2023-03-22T15:06:46.284+0300] {dagbag.py:537} INFO - Filling up the DagBag from /home/sgm/airflow/dags/hw_dag.py
[2023-03-22T15:06:46.290+0300] {logging_mixin.py:137} INFO - [2023-03-22T15:06:46.289+0300] {dagbag.py:342} ERROR - Failed to import: /home/sgm/airflow/dags/hw_dag.py
Traceback (most recent call last):
  File "/home/sgm/anaconda3/envs/33homework/lib/python3.10/site-packages/airflow/models/dagbag.py", line 338, in parse
    loader.exec_module(new_module)
  File "<frozen importlib._bootstrap_external>", line 883, in exec_module
  File "<frozen importlib._bootstrap>", line 241, in _call_with_frames_removed
  File "/home/sgm/airflow/dags/hw_dag.py", line 8, in <module>
    from modules.pipeline import pipeline
ModuleNotFoundError: No module named 'modules.pipeline'; 'modules' is not a package
[2023-03-22T15:06:46.290+0300] {processor.py:768} WARNING - No viable dags retrieved from /home/sgm/airflow/dags/hw_dag.py
[2023-03-22T15:06:46.320+0300] {processor.py:176} INFO - Processing /home/sgm/airflow/dags/hw_dag.py took 0.041 seconds
[2023-03-22T16:45:56.650+0300] {processor.py:153} INFO - Started process (PID=3994) to work on /home/sgm/airflow/dags/hw_dag.py
[2023-03-22T16:45:56.651+0300] {processor.py:743} INFO - Processing file /home/sgm/airflow/dags/hw_dag.py for tasks to queue
[2023-03-22T16:45:56.651+0300] {logging_mixin.py:137} INFO - [2023-03-22T16:45:56.651+0300] {dagbag.py:532} INFO - Filling up the DagBag from /home/sgm/airflow/dags/hw_dag.py
[2023-03-22T16:45:57.212+0300] {processor.py:753} INFO - DAG(s) dict_keys(['car_price_prediction']) retrieved from /home/sgm/airflow/dags/hw_dag.py
[2023-03-22T16:45:57.262+0300] {logging_mixin.py:137} INFO - [2023-03-22T16:45:57.262+0300] {manager.py:504} INFO - Created Permission View: can edit on DAG:car_price_prediction
[2023-03-22T16:45:57.266+0300] {logging_mixin.py:137} INFO - [2023-03-22T16:45:57.266+0300] {manager.py:504} INFO - Created Permission View: can read on DAG:car_price_prediction
[2023-03-22T16:45:57.269+0300] {logging_mixin.py:137} INFO - [2023-03-22T16:45:57.269+0300] {manager.py:504} INFO - Created Permission View: can delete on DAG:car_price_prediction
[2023-03-22T16:45:57.269+0300] {logging_mixin.py:137} INFO - [2023-03-22T16:45:57.269+0300] {dag.py:2693} INFO - Sync 1 DAGs
[2023-03-22T16:45:57.274+0300] {logging_mixin.py:137} INFO - [2023-03-22T16:45:57.274+0300] {dag.py:2714} INFO - Creating ORM DAG for car_price_prediction
[2023-03-22T16:45:57.278+0300] {logging_mixin.py:137} INFO - [2023-03-22T16:45:57.278+0300] {dag.py:3440} INFO - Setting next_dagrun for car_price_prediction to 2022-06-10T15:00:00+00:00, run_after=2022-06-11T15:00:00+00:00
[2023-03-22T16:45:57.287+0300] {processor.py:175} INFO - Processing /home/sgm/airflow/dags/hw_dag.py took 0.639 seconds
[2023-03-22T16:46:27.584+0300] {processor.py:153} INFO - Started process (PID=4117) to work on /home/sgm/airflow/dags/hw_dag.py
[2023-03-22T16:46:27.585+0300] {processor.py:743} INFO - Processing file /home/sgm/airflow/dags/hw_dag.py for tasks to queue
[2023-03-22T16:46:27.585+0300] {logging_mixin.py:137} INFO - [2023-03-22T16:46:27.585+0300] {dagbag.py:532} INFO - Filling up the DagBag from /home/sgm/airflow/dags/hw_dag.py
[2023-03-22T16:46:27.963+0300] {processor.py:753} INFO - DAG(s) dict_keys(['car_price_prediction']) retrieved from /home/sgm/airflow/dags/hw_dag.py
[2023-03-22T16:46:27.976+0300] {logging_mixin.py:137} INFO - [2023-03-22T16:46:27.975+0300] {dag.py:2693} INFO - Sync 1 DAGs
[2023-03-22T16:46:27.985+0300] {logging_mixin.py:137} INFO - [2023-03-22T16:46:27.985+0300] {dag.py:3440} INFO - Setting next_dagrun for car_price_prediction to 2022-06-10T15:00:00+00:00, run_after=2022-06-11T15:00:00+00:00
[2023-03-22T16:46:27.995+0300] {processor.py:175} INFO - Processing /home/sgm/airflow/dags/hw_dag.py took 0.411 seconds
[2023-03-22T16:46:58.180+0300] {processor.py:153} INFO - Started process (PID=4154) to work on /home/sgm/airflow/dags/hw_dag.py
[2023-03-22T16:46:58.182+0300] {processor.py:743} INFO - Processing file /home/sgm/airflow/dags/hw_dag.py for tasks to queue
[2023-03-22T16:46:58.182+0300] {logging_mixin.py:137} INFO - [2023-03-22T16:46:58.182+0300] {dagbag.py:532} INFO - Filling up the DagBag from /home/sgm/airflow/dags/hw_dag.py
[2023-03-22T16:46:58.563+0300] {processor.py:753} INFO - DAG(s) dict_keys(['car_price_prediction']) retrieved from /home/sgm/airflow/dags/hw_dag.py
[2023-03-22T16:46:58.575+0300] {logging_mixin.py:137} INFO - [2023-03-22T16:46:58.575+0300] {dag.py:2693} INFO - Sync 1 DAGs
[2023-03-22T16:46:58.583+0300] {logging_mixin.py:137} INFO - [2023-03-22T16:46:58.583+0300] {dag.py:3440} INFO - Setting next_dagrun for car_price_prediction to 2022-06-10T15:00:00+00:00, run_after=2022-06-11T15:00:00+00:00
[2023-03-22T16:46:58.594+0300] {processor.py:175} INFO - Processing /home/sgm/airflow/dags/hw_dag.py took 0.416 seconds
[2023-03-22T16:47:28.906+0300] {processor.py:153} INFO - Started process (PID=4186) to work on /home/sgm/airflow/dags/hw_dag.py
[2023-03-22T16:47:28.906+0300] {processor.py:743} INFO - Processing file /home/sgm/airflow/dags/hw_dag.py for tasks to queue
[2023-03-22T16:47:28.906+0300] {logging_mixin.py:137} INFO - [2023-03-22T16:47:28.906+0300] {dagbag.py:532} INFO - Filling up the DagBag from /home/sgm/airflow/dags/hw_dag.py
[2023-03-22T16:47:29.285+0300] {processor.py:753} INFO - DAG(s) dict_keys(['car_price_prediction']) retrieved from /home/sgm/airflow/dags/hw_dag.py
[2023-03-22T16:47:29.297+0300] {logging_mixin.py:137} INFO - [2023-03-22T16:47:29.297+0300] {dag.py:2693} INFO - Sync 1 DAGs
[2023-03-22T16:47:29.306+0300] {logging_mixin.py:137} INFO - [2023-03-22T16:47:29.306+0300] {dag.py:3440} INFO - Setting next_dagrun for car_price_prediction to 2022-06-10T15:00:00+00:00, run_after=2022-06-11T15:00:00+00:00
[2023-03-22T16:47:29.317+0300] {processor.py:175} INFO - Processing /home/sgm/airflow/dags/hw_dag.py took 0.418 seconds
[2023-03-22T16:47:59.631+0300] {processor.py:153} INFO - Started process (PID=4213) to work on /home/sgm/airflow/dags/hw_dag.py
[2023-03-22T16:47:59.633+0300] {processor.py:743} INFO - Processing file /home/sgm/airflow/dags/hw_dag.py for tasks to queue
[2023-03-22T16:47:59.634+0300] {logging_mixin.py:137} INFO - [2023-03-22T16:47:59.633+0300] {dagbag.py:532} INFO - Filling up the DagBag from /home/sgm/airflow/dags/hw_dag.py
[2023-03-22T16:48:00.028+0300] {processor.py:753} INFO - DAG(s) dict_keys(['car_price_prediction']) retrieved from /home/sgm/airflow/dags/hw_dag.py
[2023-03-22T16:48:00.041+0300] {logging_mixin.py:137} INFO - [2023-03-22T16:48:00.041+0300] {dag.py:2693} INFO - Sync 1 DAGs
[2023-03-22T16:48:00.050+0300] {logging_mixin.py:137} INFO - [2023-03-22T16:48:00.050+0300] {dag.py:3440} INFO - Setting next_dagrun for car_price_prediction to 2022-06-10T15:00:00+00:00, run_after=2022-06-11T15:00:00+00:00
[2023-03-22T16:48:00.060+0300] {processor.py:175} INFO - Processing /home/sgm/airflow/dags/hw_dag.py took 0.432 seconds
[2023-03-22T16:48:30.363+0300] {processor.py:153} INFO - Started process (PID=4241) to work on /home/sgm/airflow/dags/hw_dag.py
[2023-03-22T16:48:30.363+0300] {processor.py:743} INFO - Processing file /home/sgm/airflow/dags/hw_dag.py for tasks to queue
[2023-03-22T16:48:30.364+0300] {logging_mixin.py:137} INFO - [2023-03-22T16:48:30.364+0300] {dagbag.py:532} INFO - Filling up the DagBag from /home/sgm/airflow/dags/hw_dag.py
[2023-03-22T16:48:30.741+0300] {processor.py:753} INFO - DAG(s) dict_keys(['car_price_prediction']) retrieved from /home/sgm/airflow/dags/hw_dag.py
[2023-03-22T16:48:30.753+0300] {logging_mixin.py:137} INFO - [2023-03-22T16:48:30.753+0300] {dag.py:2693} INFO - Sync 1 DAGs
[2023-03-22T16:48:30.762+0300] {logging_mixin.py:137} INFO - [2023-03-22T16:48:30.762+0300] {dag.py:3440} INFO - Setting next_dagrun for car_price_prediction to 2022-06-10T15:00:00+00:00, run_after=2022-06-11T15:00:00+00:00
[2023-03-22T16:48:30.771+0300] {processor.py:175} INFO - Processing /home/sgm/airflow/dags/hw_dag.py took 0.410 seconds
[2023-03-22T16:49:01.056+0300] {processor.py:153} INFO - Started process (PID=4368) to work on /home/sgm/airflow/dags/hw_dag.py
[2023-03-22T16:49:01.057+0300] {processor.py:743} INFO - Processing file /home/sgm/airflow/dags/hw_dag.py for tasks to queue
[2023-03-22T16:49:01.058+0300] {logging_mixin.py:137} INFO - [2023-03-22T16:49:01.058+0300] {dagbag.py:532} INFO - Filling up the DagBag from /home/sgm/airflow/dags/hw_dag.py
[2023-03-22T16:49:01.486+0300] {processor.py:753} INFO - DAG(s) dict_keys(['car_price_prediction']) retrieved from /home/sgm/airflow/dags/hw_dag.py
[2023-03-22T16:49:01.499+0300] {logging_mixin.py:137} INFO - [2023-03-22T16:49:01.499+0300] {dag.py:2693} INFO - Sync 1 DAGs
[2023-03-22T16:49:01.509+0300] {logging_mixin.py:137} INFO - [2023-03-22T16:49:01.509+0300] {dag.py:3440} INFO - Setting next_dagrun for car_price_prediction to 2022-06-10T15:00:00+00:00, run_after=2022-06-11T15:00:00+00:00
[2023-03-22T16:49:01.518+0300] {processor.py:175} INFO - Processing /home/sgm/airflow/dags/hw_dag.py took 0.465 seconds
[2023-03-22T16:49:31.731+0300] {processor.py:153} INFO - Started process (PID=4404) to work on /home/sgm/airflow/dags/hw_dag.py
[2023-03-22T16:49:31.732+0300] {processor.py:743} INFO - Processing file /home/sgm/airflow/dags/hw_dag.py for tasks to queue
[2023-03-22T16:49:31.733+0300] {logging_mixin.py:137} INFO - [2023-03-22T16:49:31.732+0300] {dagbag.py:532} INFO - Filling up the DagBag from /home/sgm/airflow/dags/hw_dag.py
[2023-03-22T16:49:32.180+0300] {processor.py:753} INFO - DAG(s) dict_keys(['car_price_prediction']) retrieved from /home/sgm/airflow/dags/hw_dag.py
[2023-03-22T16:49:32.195+0300] {logging_mixin.py:137} INFO - [2023-03-22T16:49:32.195+0300] {dag.py:2693} INFO - Sync 1 DAGs
[2023-03-22T16:49:32.205+0300] {logging_mixin.py:137} INFO - [2023-03-22T16:49:32.205+0300] {dag.py:3440} INFO - Setting next_dagrun for car_price_prediction to 2022-06-10T15:00:00+00:00, run_after=2022-06-11T15:00:00+00:00
[2023-03-22T16:49:32.218+0300] {processor.py:175} INFO - Processing /home/sgm/airflow/dags/hw_dag.py took 0.489 seconds
[2023-03-22T16:50:02.500+0300] {processor.py:153} INFO - Started process (PID=4466) to work on /home/sgm/airflow/dags/hw_dag.py
[2023-03-22T16:50:02.501+0300] {processor.py:743} INFO - Processing file /home/sgm/airflow/dags/hw_dag.py for tasks to queue
[2023-03-22T16:50:02.502+0300] {logging_mixin.py:137} INFO - [2023-03-22T16:50:02.502+0300] {dagbag.py:532} INFO - Filling up the DagBag from /home/sgm/airflow/dags/hw_dag.py
[2023-03-22T16:50:02.924+0300] {processor.py:753} INFO - DAG(s) dict_keys(['car_price_prediction']) retrieved from /home/sgm/airflow/dags/hw_dag.py
[2023-03-22T16:50:02.939+0300] {logging_mixin.py:137} INFO - [2023-03-22T16:50:02.938+0300] {dag.py:2693} INFO - Sync 1 DAGs
[2023-03-22T16:50:02.949+0300] {logging_mixin.py:137} INFO - [2023-03-22T16:50:02.948+0300] {dag.py:3440} INFO - Setting next_dagrun for car_price_prediction to 2022-06-10T15:00:00+00:00, run_after=2022-06-11T15:00:00+00:00
[2023-03-22T16:50:02.959+0300] {processor.py:175} INFO - Processing /home/sgm/airflow/dags/hw_dag.py took 0.462 seconds
[2023-03-22T16:50:33.180+0300] {processor.py:153} INFO - Started process (PID=4620) to work on /home/sgm/airflow/dags/hw_dag.py
[2023-03-22T16:50:33.180+0300] {processor.py:743} INFO - Processing file /home/sgm/airflow/dags/hw_dag.py for tasks to queue
[2023-03-22T16:50:33.181+0300] {logging_mixin.py:137} INFO - [2023-03-22T16:50:33.181+0300] {dagbag.py:532} INFO - Filling up the DagBag from /home/sgm/airflow/dags/hw_dag.py
[2023-03-22T16:50:33.554+0300] {processor.py:753} INFO - DAG(s) dict_keys(['car_price_prediction']) retrieved from /home/sgm/airflow/dags/hw_dag.py
[2023-03-22T16:50:33.566+0300] {logging_mixin.py:137} INFO - [2023-03-22T16:50:33.566+0300] {dag.py:2693} INFO - Sync 1 DAGs
[2023-03-22T16:50:33.576+0300] {logging_mixin.py:137} INFO - [2023-03-22T16:50:33.576+0300] {dag.py:3440} INFO - Setting next_dagrun for car_price_prediction to 2022-06-10T15:00:00+00:00, run_after=2022-06-11T15:00:00+00:00
[2023-03-22T16:50:33.590+0300] {processor.py:175} INFO - Processing /home/sgm/airflow/dags/hw_dag.py took 0.413 seconds
[2023-03-22T16:51:03.881+0300] {processor.py:153} INFO - Started process (PID=4679) to work on /home/sgm/airflow/dags/hw_dag.py
[2023-03-22T16:51:03.882+0300] {processor.py:743} INFO - Processing file /home/sgm/airflow/dags/hw_dag.py for tasks to queue
[2023-03-22T16:51:03.882+0300] {logging_mixin.py:137} INFO - [2023-03-22T16:51:03.882+0300] {dagbag.py:532} INFO - Filling up the DagBag from /home/sgm/airflow/dags/hw_dag.py
[2023-03-22T16:51:04.232+0300] {processor.py:753} INFO - DAG(s) dict_keys(['car_price_prediction']) retrieved from /home/sgm/airflow/dags/hw_dag.py
[2023-03-22T16:51:04.246+0300] {logging_mixin.py:137} INFO - [2023-03-22T16:51:04.245+0300] {dag.py:2693} INFO - Sync 1 DAGs
[2023-03-22T16:51:04.255+0300] {logging_mixin.py:137} INFO - [2023-03-22T16:51:04.255+0300] {dag.py:3440} INFO - Setting next_dagrun for car_price_prediction to 2022-06-10T15:00:00+00:00, run_after=2022-06-11T15:00:00+00:00
[2023-03-22T16:51:04.264+0300] {processor.py:175} INFO - Processing /home/sgm/airflow/dags/hw_dag.py took 0.385 seconds
[2023-03-22T16:51:34.570+0300] {processor.py:153} INFO - Started process (PID=4765) to work on /home/sgm/airflow/dags/hw_dag.py
[2023-03-22T16:51:34.570+0300] {processor.py:743} INFO - Processing file /home/sgm/airflow/dags/hw_dag.py for tasks to queue
[2023-03-22T16:51:34.571+0300] {logging_mixin.py:137} INFO - [2023-03-22T16:51:34.571+0300] {dagbag.py:532} INFO - Filling up the DagBag from /home/sgm/airflow/dags/hw_dag.py
[2023-03-22T16:51:34.926+0300] {processor.py:753} INFO - DAG(s) dict_keys(['car_price_prediction']) retrieved from /home/sgm/airflow/dags/hw_dag.py
[2023-03-22T16:51:34.941+0300] {logging_mixin.py:137} INFO - [2023-03-22T16:51:34.941+0300] {dag.py:2693} INFO - Sync 1 DAGs
[2023-03-22T16:51:34.951+0300] {logging_mixin.py:137} INFO - [2023-03-22T16:51:34.951+0300] {dag.py:3440} INFO - Setting next_dagrun for car_price_prediction to 2022-06-10T15:00:00+00:00, run_after=2022-06-11T15:00:00+00:00
[2023-03-22T16:51:34.963+0300] {processor.py:175} INFO - Processing /home/sgm/airflow/dags/hw_dag.py took 0.396 seconds
[2023-03-22T16:52:05.225+0300] {processor.py:153} INFO - Started process (PID=4820) to work on /home/sgm/airflow/dags/hw_dag.py
[2023-03-22T16:52:05.226+0300] {processor.py:743} INFO - Processing file /home/sgm/airflow/dags/hw_dag.py for tasks to queue
[2023-03-22T16:52:05.227+0300] {logging_mixin.py:137} INFO - [2023-03-22T16:52:05.226+0300] {dagbag.py:532} INFO - Filling up the DagBag from /home/sgm/airflow/dags/hw_dag.py
[2023-03-22T16:52:05.599+0300] {processor.py:753} INFO - DAG(s) dict_keys(['car_price_prediction']) retrieved from /home/sgm/airflow/dags/hw_dag.py
[2023-03-22T16:52:05.612+0300] {logging_mixin.py:137} INFO - [2023-03-22T16:52:05.612+0300] {dag.py:2693} INFO - Sync 1 DAGs
[2023-03-22T16:52:05.623+0300] {logging_mixin.py:137} INFO - [2023-03-22T16:52:05.623+0300] {dag.py:3440} INFO - Setting next_dagrun for car_price_prediction to 2022-06-10T15:00:00+00:00, run_after=2022-06-11T15:00:00+00:00
[2023-03-22T16:52:05.634+0300] {processor.py:175} INFO - Processing /home/sgm/airflow/dags/hw_dag.py took 0.413 seconds
[2023-03-22T16:52:35.909+0300] {processor.py:153} INFO - Started process (PID=4855) to work on /home/sgm/airflow/dags/hw_dag.py
[2023-03-22T16:52:35.910+0300] {processor.py:743} INFO - Processing file /home/sgm/airflow/dags/hw_dag.py for tasks to queue
[2023-03-22T16:52:35.910+0300] {logging_mixin.py:137} INFO - [2023-03-22T16:52:35.910+0300] {dagbag.py:532} INFO - Filling up the DagBag from /home/sgm/airflow/dags/hw_dag.py
[2023-03-22T16:52:36.259+0300] {processor.py:753} INFO - DAG(s) dict_keys(['car_price_prediction']) retrieved from /home/sgm/airflow/dags/hw_dag.py
[2023-03-22T16:52:36.272+0300] {logging_mixin.py:137} INFO - [2023-03-22T16:52:36.272+0300] {dag.py:2693} INFO - Sync 1 DAGs
[2023-03-22T16:52:36.282+0300] {logging_mixin.py:137} INFO - [2023-03-22T16:52:36.282+0300] {dag.py:3440} INFO - Setting next_dagrun for car_price_prediction to 2022-06-10T15:00:00+00:00, run_after=2022-06-11T15:00:00+00:00
[2023-03-22T16:52:36.293+0300] {processor.py:175} INFO - Processing /home/sgm/airflow/dags/hw_dag.py took 0.387 seconds
[2023-03-22T16:53:06.571+0300] {processor.py:153} INFO - Started process (PID=4891) to work on /home/sgm/airflow/dags/hw_dag.py
[2023-03-22T16:53:06.571+0300] {processor.py:743} INFO - Processing file /home/sgm/airflow/dags/hw_dag.py for tasks to queue
[2023-03-22T16:53:06.571+0300] {logging_mixin.py:137} INFO - [2023-03-22T16:53:06.571+0300] {dagbag.py:532} INFO - Filling up the DagBag from /home/sgm/airflow/dags/hw_dag.py
[2023-03-22T16:53:06.919+0300] {processor.py:753} INFO - DAG(s) dict_keys(['car_price_prediction']) retrieved from /home/sgm/airflow/dags/hw_dag.py
[2023-03-22T16:53:06.932+0300] {logging_mixin.py:137} INFO - [2023-03-22T16:53:06.932+0300] {dag.py:2693} INFO - Sync 1 DAGs
[2023-03-22T16:53:06.942+0300] {logging_mixin.py:137} INFO - [2023-03-22T16:53:06.942+0300] {dag.py:3440} INFO - Setting next_dagrun for car_price_prediction to 2022-06-10T15:00:00+00:00, run_after=2022-06-11T15:00:00+00:00
[2023-03-22T16:53:06.954+0300] {processor.py:175} INFO - Processing /home/sgm/airflow/dags/hw_dag.py took 0.385 seconds
[2023-03-22T16:53:37.261+0300] {processor.py:153} INFO - Started process (PID=4944) to work on /home/sgm/airflow/dags/hw_dag.py
[2023-03-22T16:53:37.262+0300] {processor.py:743} INFO - Processing file /home/sgm/airflow/dags/hw_dag.py for tasks to queue
[2023-03-22T16:53:37.262+0300] {logging_mixin.py:137} INFO - [2023-03-22T16:53:37.262+0300] {dagbag.py:532} INFO - Filling up the DagBag from /home/sgm/airflow/dags/hw_dag.py
[2023-03-22T16:53:37.651+0300] {processor.py:753} INFO - DAG(s) dict_keys(['car_price_prediction']) retrieved from /home/sgm/airflow/dags/hw_dag.py
[2023-03-22T16:53:37.666+0300] {logging_mixin.py:137} INFO - [2023-03-22T16:53:37.665+0300] {dag.py:2693} INFO - Sync 1 DAGs
[2023-03-22T16:53:37.677+0300] {logging_mixin.py:137} INFO - [2023-03-22T16:53:37.677+0300] {dag.py:3440} INFO - Setting next_dagrun for car_price_prediction to 2022-06-10T15:00:00+00:00, run_after=2022-06-11T15:00:00+00:00
[2023-03-22T16:53:37.689+0300] {processor.py:175} INFO - Processing /home/sgm/airflow/dags/hw_dag.py took 0.431 seconds
[2023-03-22T16:54:07.949+0300] {processor.py:153} INFO - Started process (PID=4978) to work on /home/sgm/airflow/dags/hw_dag.py
[2023-03-22T16:54:07.950+0300] {processor.py:743} INFO - Processing file /home/sgm/airflow/dags/hw_dag.py for tasks to queue
[2023-03-22T16:54:07.950+0300] {logging_mixin.py:137} INFO - [2023-03-22T16:54:07.950+0300] {dagbag.py:532} INFO - Filling up the DagBag from /home/sgm/airflow/dags/hw_dag.py
[2023-03-22T16:54:08.344+0300] {processor.py:753} INFO - DAG(s) dict_keys(['car_price_prediction']) retrieved from /home/sgm/airflow/dags/hw_dag.py
[2023-03-22T16:54:08.360+0300] {logging_mixin.py:137} INFO - [2023-03-22T16:54:08.360+0300] {dag.py:2693} INFO - Sync 1 DAGs
[2023-03-22T16:54:08.370+0300] {logging_mixin.py:137} INFO - [2023-03-22T16:54:08.370+0300] {dag.py:3440} INFO - Setting next_dagrun for car_price_prediction to 2022-06-10T15:00:00+00:00, run_after=2022-06-11T15:00:00+00:00
[2023-03-22T16:54:08.383+0300] {processor.py:175} INFO - Processing /home/sgm/airflow/dags/hw_dag.py took 0.437 seconds
[2023-03-22T16:54:38.668+0300] {processor.py:153} INFO - Started process (PID=5046) to work on /home/sgm/airflow/dags/hw_dag.py
[2023-03-22T16:54:38.669+0300] {processor.py:743} INFO - Processing file /home/sgm/airflow/dags/hw_dag.py for tasks to queue
[2023-03-22T16:54:38.670+0300] {logging_mixin.py:137} INFO - [2023-03-22T16:54:38.670+0300] {dagbag.py:532} INFO - Filling up the DagBag from /home/sgm/airflow/dags/hw_dag.py
[2023-03-22T16:54:39.031+0300] {processor.py:753} INFO - DAG(s) dict_keys(['car_price_prediction']) retrieved from /home/sgm/airflow/dags/hw_dag.py
[2023-03-22T16:54:39.043+0300] {logging_mixin.py:137} INFO - [2023-03-22T16:54:39.043+0300] {dag.py:2693} INFO - Sync 1 DAGs
[2023-03-22T16:54:39.051+0300] {logging_mixin.py:137} INFO - [2023-03-22T16:54:39.051+0300] {dag.py:3440} INFO - Setting next_dagrun for car_price_prediction to 2022-06-10T15:00:00+00:00, run_after=2022-06-11T15:00:00+00:00
[2023-03-22T16:54:39.061+0300] {processor.py:175} INFO - Processing /home/sgm/airflow/dags/hw_dag.py took 0.397 seconds
[2023-03-22T16:55:09.333+0300] {processor.py:153} INFO - Started process (PID=5086) to work on /home/sgm/airflow/dags/hw_dag.py
[2023-03-22T16:55:09.333+0300] {processor.py:743} INFO - Processing file /home/sgm/airflow/dags/hw_dag.py for tasks to queue
[2023-03-22T16:55:09.334+0300] {logging_mixin.py:137} INFO - [2023-03-22T16:55:09.334+0300] {dagbag.py:532} INFO - Filling up the DagBag from /home/sgm/airflow/dags/hw_dag.py
[2023-03-22T16:55:09.676+0300] {processor.py:753} INFO - DAG(s) dict_keys(['car_price_prediction']) retrieved from /home/sgm/airflow/dags/hw_dag.py
[2023-03-22T16:55:09.688+0300] {logging_mixin.py:137} INFO - [2023-03-22T16:55:09.688+0300] {dag.py:2693} INFO - Sync 1 DAGs
[2023-03-22T16:55:09.697+0300] {logging_mixin.py:137} INFO - [2023-03-22T16:55:09.697+0300] {dag.py:3440} INFO - Setting next_dagrun for car_price_prediction to 2022-06-10T15:00:00+00:00, run_after=2022-06-11T15:00:00+00:00
[2023-03-22T16:55:09.707+0300] {processor.py:175} INFO - Processing /home/sgm/airflow/dags/hw_dag.py took 0.376 seconds
[2023-03-22T16:55:39.896+0300] {processor.py:153} INFO - Started process (PID=5777) to work on /home/sgm/airflow/dags/hw_dag.py
[2023-03-22T16:55:39.896+0300] {processor.py:743} INFO - Processing file /home/sgm/airflow/dags/hw_dag.py for tasks to queue
[2023-03-22T16:55:39.896+0300] {logging_mixin.py:137} INFO - [2023-03-22T16:55:39.896+0300] {dagbag.py:532} INFO - Filling up the DagBag from /home/sgm/airflow/dags/hw_dag.py
[2023-03-22T16:55:40.511+0300] {processor.py:753} INFO - DAG(s) dict_keys(['car_price_prediction']) retrieved from /home/sgm/airflow/dags/hw_dag.py
[2023-03-22T16:55:40.529+0300] {logging_mixin.py:137} INFO - [2023-03-22T16:55:40.529+0300] {dag.py:2693} INFO - Sync 1 DAGs
[2023-03-22T16:55:40.559+0300] {processor.py:175} INFO - Processing /home/sgm/airflow/dags/hw_dag.py took 0.666 seconds
[2023-03-22T16:56:10.659+0300] {processor.py:153} INFO - Started process (PID=6407) to work on /home/sgm/airflow/dags/hw_dag.py
[2023-03-22T16:56:10.660+0300] {processor.py:743} INFO - Processing file /home/sgm/airflow/dags/hw_dag.py for tasks to queue
[2023-03-22T16:56:10.661+0300] {logging_mixin.py:137} INFO - [2023-03-22T16:56:10.661+0300] {dagbag.py:532} INFO - Filling up the DagBag from /home/sgm/airflow/dags/hw_dag.py
[2023-03-22T16:56:11.259+0300] {processor.py:753} INFO - DAG(s) dict_keys(['car_price_prediction']) retrieved from /home/sgm/airflow/dags/hw_dag.py
[2023-03-22T16:56:11.284+0300] {logging_mixin.py:137} INFO - [2023-03-22T16:56:11.284+0300] {dag.py:2693} INFO - Sync 1 DAGs
[2023-03-22T16:56:11.306+0300] {logging_mixin.py:137} INFO - [2023-03-22T16:56:11.305+0300] {dag.py:3440} INFO - Setting next_dagrun for car_price_prediction to 2022-06-26T15:00:00+00:00, run_after=2022-06-27T15:00:00+00:00
[2023-03-22T16:56:11.321+0300] {processor.py:175} INFO - Processing /home/sgm/airflow/dags/hw_dag.py took 0.666 seconds
[2023-03-22T16:56:41.447+0300] {processor.py:153} INFO - Started process (PID=7522) to work on /home/sgm/airflow/dags/hw_dag.py
[2023-03-22T16:56:41.449+0300] {processor.py:743} INFO - Processing file /home/sgm/airflow/dags/hw_dag.py for tasks to queue
[2023-03-22T16:56:41.450+0300] {logging_mixin.py:137} INFO - [2023-03-22T16:56:41.450+0300] {dagbag.py:532} INFO - Filling up the DagBag from /home/sgm/airflow/dags/hw_dag.py
[2023-03-22T16:56:42.064+0300] {processor.py:753} INFO - DAG(s) dict_keys(['car_price_prediction']) retrieved from /home/sgm/airflow/dags/hw_dag.py
[2023-03-22T16:56:42.083+0300] {logging_mixin.py:137} INFO - [2023-03-22T16:56:42.083+0300] {dag.py:2693} INFO - Sync 1 DAGs
[2023-03-22T16:56:42.112+0300] {processor.py:175} INFO - Processing /home/sgm/airflow/dags/hw_dag.py took 0.667 seconds
[2023-03-22T16:57:12.269+0300] {processor.py:153} INFO - Started process (PID=8140) to work on /home/sgm/airflow/dags/hw_dag.py
[2023-03-22T16:57:12.270+0300] {processor.py:743} INFO - Processing file /home/sgm/airflow/dags/hw_dag.py for tasks to queue
[2023-03-22T16:57:12.271+0300] {logging_mixin.py:137} INFO - [2023-03-22T16:57:12.271+0300] {dagbag.py:532} INFO - Filling up the DagBag from /home/sgm/airflow/dags/hw_dag.py
[2023-03-22T16:57:12.928+0300] {processor.py:753} INFO - DAG(s) dict_keys(['car_price_prediction']) retrieved from /home/sgm/airflow/dags/hw_dag.py
[2023-03-22T16:57:12.958+0300] {logging_mixin.py:137} INFO - [2023-03-22T16:57:12.958+0300] {dag.py:2693} INFO - Sync 1 DAGs
[2023-03-22T16:57:12.984+0300] {logging_mixin.py:137} INFO - [2023-03-22T16:57:12.984+0300] {dag.py:3440} INFO - Setting next_dagrun for car_price_prediction to 2022-07-12T15:00:00+00:00, run_after=2022-07-13T15:00:00+00:00
[2023-03-22T16:57:13.007+0300] {processor.py:175} INFO - Processing /home/sgm/airflow/dags/hw_dag.py took 0.741 seconds
[2023-03-22T16:57:43.125+0300] {processor.py:153} INFO - Started process (PID=9208) to work on /home/sgm/airflow/dags/hw_dag.py
[2023-03-22T16:57:43.127+0300] {processor.py:743} INFO - Processing file /home/sgm/airflow/dags/hw_dag.py for tasks to queue
[2023-03-22T16:57:43.128+0300] {logging_mixin.py:137} INFO - [2023-03-22T16:57:43.128+0300] {dagbag.py:532} INFO - Filling up the DagBag from /home/sgm/airflow/dags/hw_dag.py
[2023-03-22T16:57:43.982+0300] {processor.py:753} INFO - DAG(s) dict_keys(['car_price_prediction']) retrieved from /home/sgm/airflow/dags/hw_dag.py
[2023-03-22T16:57:44.016+0300] {logging_mixin.py:137} INFO - [2023-03-22T16:57:44.016+0300] {dag.py:2693} INFO - Sync 1 DAGs
[2023-03-22T16:57:44.061+0300] {processor.py:175} INFO - Processing /home/sgm/airflow/dags/hw_dag.py took 0.939 seconds
[2023-03-22T16:58:14.141+0300] {processor.py:153} INFO - Started process (PID=9796) to work on /home/sgm/airflow/dags/hw_dag.py
[2023-03-22T16:58:14.143+0300] {processor.py:743} INFO - Processing file /home/sgm/airflow/dags/hw_dag.py for tasks to queue
[2023-03-22T16:58:14.144+0300] {logging_mixin.py:137} INFO - [2023-03-22T16:58:14.143+0300] {dagbag.py:532} INFO - Filling up the DagBag from /home/sgm/airflow/dags/hw_dag.py
[2023-03-22T16:58:14.931+0300] {processor.py:753} INFO - DAG(s) dict_keys(['car_price_prediction']) retrieved from /home/sgm/airflow/dags/hw_dag.py
[2023-03-22T16:58:14.960+0300] {logging_mixin.py:137} INFO - [2023-03-22T16:58:14.960+0300] {dag.py:2693} INFO - Sync 1 DAGs
[2023-03-22T16:58:14.982+0300] {logging_mixin.py:137} INFO - [2023-03-22T16:58:14.982+0300] {dag.py:3440} INFO - Setting next_dagrun for car_price_prediction to 2022-07-28T15:00:00+00:00, run_after=2022-07-29T15:00:00+00:00
[2023-03-22T16:58:15.004+0300] {processor.py:175} INFO - Processing /home/sgm/airflow/dags/hw_dag.py took 0.867 seconds
[2023-03-22T16:58:45.164+0300] {processor.py:153} INFO - Started process (PID=10722) to work on /home/sgm/airflow/dags/hw_dag.py
[2023-03-22T16:58:45.167+0300] {processor.py:743} INFO - Processing file /home/sgm/airflow/dags/hw_dag.py for tasks to queue
[2023-03-22T16:58:45.167+0300] {logging_mixin.py:137} INFO - [2023-03-22T16:58:45.167+0300] {dagbag.py:532} INFO - Filling up the DagBag from /home/sgm/airflow/dags/hw_dag.py
[2023-03-22T16:58:45.834+0300] {processor.py:753} INFO - DAG(s) dict_keys(['car_price_prediction']) retrieved from /home/sgm/airflow/dags/hw_dag.py
[2023-03-22T16:58:45.860+0300] {logging_mixin.py:137} INFO - [2023-03-22T16:58:45.860+0300] {dag.py:2693} INFO - Sync 1 DAGs
[2023-03-22T16:58:45.884+0300] {logging_mixin.py:137} INFO - [2023-03-22T16:58:45.884+0300] {dag.py:3440} INFO - Setting next_dagrun for car_price_prediction to 2022-08-03T15:00:00+00:00, run_after=2022-08-04T15:00:00+00:00
[2023-03-22T16:58:45.905+0300] {processor.py:175} INFO - Processing /home/sgm/airflow/dags/hw_dag.py took 0.743 seconds
[2023-03-22T16:59:16.043+0300] {processor.py:153} INFO - Started process (PID=11582) to work on /home/sgm/airflow/dags/hw_dag.py
[2023-03-22T16:59:16.044+0300] {processor.py:743} INFO - Processing file /home/sgm/airflow/dags/hw_dag.py for tasks to queue
[2023-03-22T16:59:16.045+0300] {logging_mixin.py:137} INFO - [2023-03-22T16:59:16.045+0300] {dagbag.py:532} INFO - Filling up the DagBag from /home/sgm/airflow/dags/hw_dag.py
[2023-03-22T16:59:16.804+0300] {processor.py:753} INFO - DAG(s) dict_keys(['car_price_prediction']) retrieved from /home/sgm/airflow/dags/hw_dag.py
[2023-03-22T16:59:16.831+0300] {logging_mixin.py:137} INFO - [2023-03-22T16:59:16.830+0300] {dag.py:2693} INFO - Sync 1 DAGs
[2023-03-22T16:59:16.855+0300] {logging_mixin.py:137} INFO - [2023-03-22T16:59:16.855+0300] {dag.py:3440} INFO - Setting next_dagrun for car_price_prediction to 2022-08-12T15:00:00+00:00, run_after=2022-08-13T15:00:00+00:00
[2023-03-22T16:59:16.874+0300] {processor.py:175} INFO - Processing /home/sgm/airflow/dags/hw_dag.py took 0.833 seconds
[2023-03-22T16:59:47.007+0300] {processor.py:153} INFO - Started process (PID=12409) to work on /home/sgm/airflow/dags/hw_dag.py
[2023-03-22T16:59:47.008+0300] {processor.py:743} INFO - Processing file /home/sgm/airflow/dags/hw_dag.py for tasks to queue
[2023-03-22T16:59:47.009+0300] {logging_mixin.py:137} INFO - [2023-03-22T16:59:47.009+0300] {dagbag.py:532} INFO - Filling up the DagBag from /home/sgm/airflow/dags/hw_dag.py
[2023-03-22T16:59:47.770+0300] {processor.py:753} INFO - DAG(s) dict_keys(['car_price_prediction']) retrieved from /home/sgm/airflow/dags/hw_dag.py
[2023-03-22T16:59:47.793+0300] {logging_mixin.py:137} INFO - [2023-03-22T16:59:47.793+0300] {dag.py:2693} INFO - Sync 1 DAGs
[2023-03-22T16:59:47.814+0300] {logging_mixin.py:137} INFO - [2023-03-22T16:59:47.814+0300] {dag.py:3440} INFO - Setting next_dagrun for car_price_prediction to 2022-08-19T15:00:00+00:00, run_after=2022-08-20T15:00:00+00:00
[2023-03-22T16:59:47.832+0300] {processor.py:175} INFO - Processing /home/sgm/airflow/dags/hw_dag.py took 0.828 seconds
[2023-03-22T17:00:17.985+0300] {processor.py:153} INFO - Started process (PID=13336) to work on /home/sgm/airflow/dags/hw_dag.py
[2023-03-22T17:00:17.986+0300] {processor.py:743} INFO - Processing file /home/sgm/airflow/dags/hw_dag.py for tasks to queue
[2023-03-22T17:00:17.987+0300] {logging_mixin.py:137} INFO - [2023-03-22T17:00:17.987+0300] {dagbag.py:532} INFO - Filling up the DagBag from /home/sgm/airflow/dags/hw_dag.py
[2023-03-22T17:00:19.092+0300] {processor.py:753} INFO - DAG(s) dict_keys(['car_price_prediction']) retrieved from /home/sgm/airflow/dags/hw_dag.py
[2023-03-22T17:00:19.122+0300] {logging_mixin.py:137} INFO - [2023-03-22T17:00:19.122+0300] {dag.py:2693} INFO - Sync 1 DAGs
[2023-03-22T17:00:19.149+0300] {logging_mixin.py:137} INFO - [2023-03-22T17:00:19.149+0300] {dag.py:3440} INFO - Setting next_dagrun for car_price_prediction to 2022-08-28T15:00:00+00:00, run_after=2022-08-29T15:00:00+00:00
[2023-03-22T17:00:19.170+0300] {processor.py:175} INFO - Processing /home/sgm/airflow/dags/hw_dag.py took 1.188 seconds
[2023-03-22T17:00:49.304+0300] {processor.py:153} INFO - Started process (PID=14102) to work on /home/sgm/airflow/dags/hw_dag.py
[2023-03-22T17:00:49.305+0300] {processor.py:743} INFO - Processing file /home/sgm/airflow/dags/hw_dag.py for tasks to queue
[2023-03-22T17:00:49.306+0300] {logging_mixin.py:137} INFO - [2023-03-22T17:00:49.306+0300] {dagbag.py:532} INFO - Filling up the DagBag from /home/sgm/airflow/dags/hw_dag.py
[2023-03-22T17:00:50.409+0300] {processor.py:753} INFO - DAG(s) dict_keys(['car_price_prediction']) retrieved from /home/sgm/airflow/dags/hw_dag.py
[2023-03-22T17:00:50.446+0300] {logging_mixin.py:137} INFO - [2023-03-22T17:00:50.446+0300] {dag.py:2693} INFO - Sync 1 DAGs
[2023-03-22T17:00:50.480+0300] {logging_mixin.py:137} INFO - [2023-03-22T17:00:50.479+0300] {dag.py:3440} INFO - Setting next_dagrun for car_price_prediction to 2022-09-04T15:00:00+00:00, run_after=2022-09-05T15:00:00+00:00
[2023-03-22T17:00:50.503+0300] {processor.py:175} INFO - Processing /home/sgm/airflow/dags/hw_dag.py took 1.203 seconds
[2023-03-22T17:01:20.632+0300] {processor.py:153} INFO - Started process (PID=14829) to work on /home/sgm/airflow/dags/hw_dag.py
[2023-03-22T17:01:20.632+0300] {processor.py:743} INFO - Processing file /home/sgm/airflow/dags/hw_dag.py for tasks to queue
[2023-03-22T17:01:20.633+0300] {logging_mixin.py:137} INFO - [2023-03-22T17:01:20.633+0300] {dagbag.py:532} INFO - Filling up the DagBag from /home/sgm/airflow/dags/hw_dag.py
[2023-03-22T17:01:21.481+0300] {processor.py:753} INFO - DAG(s) dict_keys(['car_price_prediction']) retrieved from /home/sgm/airflow/dags/hw_dag.py
[2023-03-22T17:01:21.516+0300] {logging_mixin.py:137} INFO - [2023-03-22T17:01:21.516+0300] {dag.py:2693} INFO - Sync 1 DAGs
[2023-03-22T17:01:21.545+0300] {logging_mixin.py:137} INFO - [2023-03-22T17:01:21.545+0300] {dag.py:3440} INFO - Setting next_dagrun for car_price_prediction to 2022-09-06T15:00:00+00:00, run_after=2022-09-07T15:00:00+00:00
[2023-03-22T17:01:21.567+0300] {processor.py:175} INFO - Processing /home/sgm/airflow/dags/hw_dag.py took 0.939 seconds
[2023-03-22T17:01:51.605+0300] {processor.py:153} INFO - Started process (PID=15680) to work on /home/sgm/airflow/dags/hw_dag.py
[2023-03-22T17:01:51.606+0300] {processor.py:743} INFO - Processing file /home/sgm/airflow/dags/hw_dag.py for tasks to queue
[2023-03-22T17:01:51.607+0300] {logging_mixin.py:137} INFO - [2023-03-22T17:01:51.607+0300] {dagbag.py:532} INFO - Filling up the DagBag from /home/sgm/airflow/dags/hw_dag.py
[2023-03-22T17:01:52.449+0300] {processor.py:753} INFO - DAG(s) dict_keys(['car_price_prediction']) retrieved from /home/sgm/airflow/dags/hw_dag.py
[2023-03-22T17:01:52.474+0300] {logging_mixin.py:137} INFO - [2023-03-22T17:01:52.473+0300] {dag.py:2693} INFO - Sync 1 DAGs
[2023-03-22T17:01:52.501+0300] {logging_mixin.py:137} INFO - [2023-03-22T17:01:52.501+0300] {dag.py:3440} INFO - Setting next_dagrun for car_price_prediction to 2022-09-16T15:00:00+00:00, run_after=2022-09-17T15:00:00+00:00
[2023-03-22T17:01:52.525+0300] {processor.py:175} INFO - Processing /home/sgm/airflow/dags/hw_dag.py took 0.924 seconds
[2023-03-22T17:02:22.697+0300] {processor.py:153} INFO - Started process (PID=16220) to work on /home/sgm/airflow/dags/hw_dag.py
[2023-03-22T17:02:22.700+0300] {processor.py:743} INFO - Processing file /home/sgm/airflow/dags/hw_dag.py for tasks to queue
[2023-03-22T17:02:22.701+0300] {logging_mixin.py:137} INFO - [2023-03-22T17:02:22.701+0300] {dagbag.py:532} INFO - Filling up the DagBag from /home/sgm/airflow/dags/hw_dag.py
[2023-03-22T17:02:23.811+0300] {processor.py:753} INFO - DAG(s) dict_keys(['car_price_prediction']) retrieved from /home/sgm/airflow/dags/hw_dag.py
[2023-03-22T17:02:23.850+0300] {logging_mixin.py:137} INFO - [2023-03-22T17:02:23.850+0300] {dag.py:2693} INFO - Sync 1 DAGs
[2023-03-22T17:02:23.932+0300] {processor.py:175} INFO - Processing /home/sgm/airflow/dags/hw_dag.py took 1.239 seconds
[2023-03-22T17:02:54.070+0300] {processor.py:153} INFO - Started process (PID=17350) to work on /home/sgm/airflow/dags/hw_dag.py
[2023-03-22T17:02:54.071+0300] {processor.py:743} INFO - Processing file /home/sgm/airflow/dags/hw_dag.py for tasks to queue
[2023-03-22T17:02:54.072+0300] {logging_mixin.py:137} INFO - [2023-03-22T17:02:54.072+0300] {dagbag.py:532} INFO - Filling up the DagBag from /home/sgm/airflow/dags/hw_dag.py
[2023-03-22T17:02:54.744+0300] {processor.py:753} INFO - DAG(s) dict_keys(['car_price_prediction']) retrieved from /home/sgm/airflow/dags/hw_dag.py
[2023-03-22T17:02:54.769+0300] {logging_mixin.py:137} INFO - [2023-03-22T17:02:54.768+0300] {dag.py:2693} INFO - Sync 1 DAGs
[2023-03-22T17:02:54.792+0300] {logging_mixin.py:137} INFO - [2023-03-22T17:02:54.792+0300] {dag.py:3440} INFO - Setting next_dagrun for car_price_prediction to 2022-10-01T15:00:00+00:00, run_after=2022-10-02T15:00:00+00:00
[2023-03-22T17:02:54.811+0300] {processor.py:175} INFO - Processing /home/sgm/airflow/dags/hw_dag.py took 0.744 seconds
[2023-03-22T17:03:24.981+0300] {processor.py:153} INFO - Started process (PID=17977) to work on /home/sgm/airflow/dags/hw_dag.py
[2023-03-22T17:03:24.983+0300] {processor.py:743} INFO - Processing file /home/sgm/airflow/dags/hw_dag.py for tasks to queue
[2023-03-22T17:03:24.984+0300] {logging_mixin.py:137} INFO - [2023-03-22T17:03:24.984+0300] {dagbag.py:532} INFO - Filling up the DagBag from /home/sgm/airflow/dags/hw_dag.py
[2023-03-22T17:03:26.030+0300] {processor.py:753} INFO - DAG(s) dict_keys(['car_price_prediction']) retrieved from /home/sgm/airflow/dags/hw_dag.py
[2023-03-22T17:03:26.066+0300] {logging_mixin.py:137} INFO - [2023-03-22T17:03:26.066+0300] {dag.py:2693} INFO - Sync 1 DAGs
[2023-03-22T17:03:26.123+0300] {processor.py:175} INFO - Processing /home/sgm/airflow/dags/hw_dag.py took 1.146 seconds
[2023-03-22T17:03:56.282+0300] {processor.py:153} INFO - Started process (PID=18575) to work on /home/sgm/airflow/dags/hw_dag.py
[2023-03-22T17:03:56.284+0300] {processor.py:743} INFO - Processing file /home/sgm/airflow/dags/hw_dag.py for tasks to queue
[2023-03-22T17:03:56.284+0300] {logging_mixin.py:137} INFO - [2023-03-22T17:03:56.284+0300] {dagbag.py:532} INFO - Filling up the DagBag from /home/sgm/airflow/dags/hw_dag.py
[2023-03-22T17:03:57.247+0300] {processor.py:753} INFO - DAG(s) dict_keys(['car_price_prediction']) retrieved from /home/sgm/airflow/dags/hw_dag.py
[2023-03-22T17:03:57.292+0300] {logging_mixin.py:137} INFO - [2023-03-22T17:03:57.292+0300] {dag.py:2693} INFO - Sync 1 DAGs
[2023-03-22T17:03:57.333+0300] {logging_mixin.py:137} INFO - [2023-03-22T17:03:57.333+0300] {dag.py:3440} INFO - Setting next_dagrun for car_price_prediction to 2022-10-07T15:00:00+00:00, run_after=2022-10-08T15:00:00+00:00
[2023-03-22T17:03:57.370+0300] {processor.py:175} INFO - Processing /home/sgm/airflow/dags/hw_dag.py took 1.092 seconds
[2023-03-22T17:04:27.485+0300] {processor.py:153} INFO - Started process (PID=19133) to work on /home/sgm/airflow/dags/hw_dag.py
[2023-03-22T17:04:27.487+0300] {processor.py:743} INFO - Processing file /home/sgm/airflow/dags/hw_dag.py for tasks to queue
[2023-03-22T17:04:27.488+0300] {logging_mixin.py:137} INFO - [2023-03-22T17:04:27.487+0300] {dagbag.py:532} INFO - Filling up the DagBag from /home/sgm/airflow/dags/hw_dag.py
[2023-03-22T17:04:27.942+0300] {processor.py:753} INFO - DAG(s) dict_keys(['car_price_prediction']) retrieved from /home/sgm/airflow/dags/hw_dag.py
[2023-03-22T17:04:27.958+0300] {logging_mixin.py:137} INFO - [2023-03-22T17:04:27.958+0300] {dag.py:2693} INFO - Sync 1 DAGs
[2023-03-22T17:04:27.971+0300] {logging_mixin.py:137} INFO - [2023-03-22T17:04:27.970+0300] {dag.py:3440} INFO - Setting next_dagrun for car_price_prediction to 2022-10-09T15:00:00+00:00, run_after=2022-10-10T15:00:00+00:00
[2023-03-22T17:04:27.981+0300] {processor.py:175} INFO - Processing /home/sgm/airflow/dags/hw_dag.py took 0.498 seconds
[2023-03-22T17:04:58.131+0300] {processor.py:153} INFO - Started process (PID=19975) to work on /home/sgm/airflow/dags/hw_dag.py
[2023-03-22T17:04:58.132+0300] {processor.py:743} INFO - Processing file /home/sgm/airflow/dags/hw_dag.py for tasks to queue
[2023-03-22T17:04:58.132+0300] {logging_mixin.py:137} INFO - [2023-03-22T17:04:58.132+0300] {dagbag.py:532} INFO - Filling up the DagBag from /home/sgm/airflow/dags/hw_dag.py
[2023-03-22T17:04:59.060+0300] {processor.py:753} INFO - DAG(s) dict_keys(['car_price_prediction']) retrieved from /home/sgm/airflow/dags/hw_dag.py
[2023-03-22T17:04:59.091+0300] {logging_mixin.py:137} INFO - [2023-03-22T17:04:59.090+0300] {dag.py:2693} INFO - Sync 1 DAGs
[2023-03-22T17:04:59.140+0300] {processor.py:175} INFO - Processing /home/sgm/airflow/dags/hw_dag.py took 1.013 seconds
[2023-03-22T17:05:29.309+0300] {processor.py:153} INFO - Started process (PID=20341) to work on /home/sgm/airflow/dags/hw_dag.py
[2023-03-22T17:05:29.312+0300] {processor.py:743} INFO - Processing file /home/sgm/airflow/dags/hw_dag.py for tasks to queue
[2023-03-22T17:05:29.313+0300] {logging_mixin.py:137} INFO - [2023-03-22T17:05:29.313+0300] {dagbag.py:532} INFO - Filling up the DagBag from /home/sgm/airflow/dags/hw_dag.py
[2023-03-22T17:05:30.412+0300] {processor.py:753} INFO - DAG(s) dict_keys(['car_price_prediction']) retrieved from /home/sgm/airflow/dags/hw_dag.py
[2023-03-22T17:05:30.445+0300] {logging_mixin.py:137} INFO - [2023-03-22T17:05:30.445+0300] {dag.py:2693} INFO - Sync 1 DAGs
[2023-03-22T17:05:30.477+0300] {logging_mixin.py:137} INFO - [2023-03-22T17:05:30.477+0300] {dag.py:3440} INFO - Setting next_dagrun for car_price_prediction to 2022-10-25T15:00:00+00:00, run_after=2022-10-26T15:00:00+00:00
[2023-03-22T17:05:30.506+0300] {processor.py:175} INFO - Processing /home/sgm/airflow/dags/hw_dag.py took 1.201 seconds
[2023-03-22T17:06:00.650+0300] {processor.py:153} INFO - Started process (PID=21651) to work on /home/sgm/airflow/dags/hw_dag.py
[2023-03-22T17:06:00.651+0300] {processor.py:743} INFO - Processing file /home/sgm/airflow/dags/hw_dag.py for tasks to queue
[2023-03-22T17:06:00.651+0300] {logging_mixin.py:137} INFO - [2023-03-22T17:06:00.651+0300] {dagbag.py:532} INFO - Filling up the DagBag from /home/sgm/airflow/dags/hw_dag.py
[2023-03-22T17:06:01.644+0300] {processor.py:753} INFO - DAG(s) dict_keys(['car_price_prediction']) retrieved from /home/sgm/airflow/dags/hw_dag.py
[2023-03-22T17:06:01.672+0300] {logging_mixin.py:137} INFO - [2023-03-22T17:06:01.672+0300] {dag.py:2693} INFO - Sync 1 DAGs
[2023-03-22T17:06:01.715+0300] {processor.py:175} INFO - Processing /home/sgm/airflow/dags/hw_dag.py took 1.068 seconds
[2023-03-22T17:06:31.780+0300] {processor.py:153} INFO - Started process (PID=22043) to work on /home/sgm/airflow/dags/hw_dag.py
[2023-03-22T17:06:31.782+0300] {processor.py:743} INFO - Processing file /home/sgm/airflow/dags/hw_dag.py for tasks to queue
[2023-03-22T17:06:31.783+0300] {logging_mixin.py:137} INFO - [2023-03-22T17:06:31.782+0300] {dagbag.py:532} INFO - Filling up the DagBag from /home/sgm/airflow/dags/hw_dag.py
[2023-03-22T17:06:32.914+0300] {processor.py:753} INFO - DAG(s) dict_keys(['car_price_prediction']) retrieved from /home/sgm/airflow/dags/hw_dag.py
[2023-03-22T17:06:32.959+0300] {logging_mixin.py:137} INFO - [2023-03-22T17:06:32.959+0300] {dag.py:2693} INFO - Sync 1 DAGs
[2023-03-22T17:06:32.995+0300] {logging_mixin.py:137} INFO - [2023-03-22T17:06:32.995+0300] {dag.py:3440} INFO - Setting next_dagrun for car_price_prediction to 2022-11-10T15:00:00+00:00, run_after=2022-11-11T15:00:00+00:00
[2023-03-22T17:06:33.024+0300] {processor.py:175} INFO - Processing /home/sgm/airflow/dags/hw_dag.py took 1.248 seconds
[2023-03-22T17:07:03.200+0300] {processor.py:153} INFO - Started process (PID=22698) to work on /home/sgm/airflow/dags/hw_dag.py
[2023-03-22T17:07:03.201+0300] {processor.py:743} INFO - Processing file /home/sgm/airflow/dags/hw_dag.py for tasks to queue
[2023-03-22T17:07:03.202+0300] {logging_mixin.py:137} INFO - [2023-03-22T17:07:03.202+0300] {dagbag.py:532} INFO - Filling up the DagBag from /home/sgm/airflow/dags/hw_dag.py
[2023-03-22T17:07:03.962+0300] {processor.py:753} INFO - DAG(s) dict_keys(['car_price_prediction']) retrieved from /home/sgm/airflow/dags/hw_dag.py
[2023-03-22T17:07:03.993+0300] {logging_mixin.py:137} INFO - [2023-03-22T17:07:03.992+0300] {dag.py:2693} INFO - Sync 1 DAGs
[2023-03-22T17:07:04.021+0300] {logging_mixin.py:137} INFO - [2023-03-22T17:07:04.020+0300] {dag.py:3440} INFO - Setting next_dagrun for car_price_prediction to 2022-11-11T15:00:00+00:00, run_after=2022-11-12T15:00:00+00:00
[2023-03-22T17:07:04.043+0300] {processor.py:175} INFO - Processing /home/sgm/airflow/dags/hw_dag.py took 0.847 seconds
[2023-03-22T17:07:34.188+0300] {processor.py:153} INFO - Started process (PID=23717) to work on /home/sgm/airflow/dags/hw_dag.py
[2023-03-22T17:07:34.189+0300] {processor.py:743} INFO - Processing file /home/sgm/airflow/dags/hw_dag.py for tasks to queue
[2023-03-22T17:07:34.190+0300] {logging_mixin.py:137} INFO - [2023-03-22T17:07:34.190+0300] {dagbag.py:532} INFO - Filling up the DagBag from /home/sgm/airflow/dags/hw_dag.py
[2023-03-22T17:07:34.931+0300] {processor.py:753} INFO - DAG(s) dict_keys(['car_price_prediction']) retrieved from /home/sgm/airflow/dags/hw_dag.py
[2023-03-22T17:07:34.954+0300] {logging_mixin.py:137} INFO - [2023-03-22T17:07:34.954+0300] {dag.py:2693} INFO - Sync 1 DAGs
[2023-03-22T17:07:34.989+0300] {processor.py:175} INFO - Processing /home/sgm/airflow/dags/hw_dag.py took 0.804 seconds
[2023-03-22T17:08:05.145+0300] {processor.py:153} INFO - Started process (PID=24093) to work on /home/sgm/airflow/dags/hw_dag.py
[2023-03-22T17:08:05.148+0300] {processor.py:743} INFO - Processing file /home/sgm/airflow/dags/hw_dag.py for tasks to queue
[2023-03-22T17:08:05.149+0300] {logging_mixin.py:137} INFO - [2023-03-22T17:08:05.149+0300] {dagbag.py:532} INFO - Filling up the DagBag from /home/sgm/airflow/dags/hw_dag.py
[2023-03-22T17:08:06.219+0300] {processor.py:753} INFO - DAG(s) dict_keys(['car_price_prediction']) retrieved from /home/sgm/airflow/dags/hw_dag.py
[2023-03-22T17:08:06.256+0300] {logging_mixin.py:137} INFO - [2023-03-22T17:08:06.256+0300] {dag.py:2693} INFO - Sync 1 DAGs
[2023-03-22T17:08:06.318+0300] {processor.py:175} INFO - Processing /home/sgm/airflow/dags/hw_dag.py took 1.176 seconds
[2023-03-22T17:08:36.460+0300] {processor.py:153} INFO - Started process (PID=24256) to work on /home/sgm/airflow/dags/hw_dag.py
[2023-03-22T17:08:36.462+0300] {processor.py:743} INFO - Processing file /home/sgm/airflow/dags/hw_dag.py for tasks to queue
[2023-03-22T17:08:36.462+0300] {logging_mixin.py:137} INFO - [2023-03-22T17:08:36.462+0300] {dagbag.py:532} INFO - Filling up the DagBag from /home/sgm/airflow/dags/hw_dag.py
[2023-03-22T17:08:36.866+0300] {processor.py:753} INFO - DAG(s) dict_keys(['car_price_prediction']) retrieved from /home/sgm/airflow/dags/hw_dag.py
[2023-03-22T17:08:36.881+0300] {logging_mixin.py:137} INFO - [2023-03-22T17:08:36.881+0300] {dag.py:2693} INFO - Sync 1 DAGs
[2023-03-22T17:08:36.905+0300] {processor.py:175} INFO - Processing /home/sgm/airflow/dags/hw_dag.py took 0.447 seconds
[2023-03-22T17:09:07.102+0300] {processor.py:153} INFO - Started process (PID=24288) to work on /home/sgm/airflow/dags/hw_dag.py
[2023-03-22T17:09:07.104+0300] {processor.py:743} INFO - Processing file /home/sgm/airflow/dags/hw_dag.py for tasks to queue
[2023-03-22T17:09:07.104+0300] {logging_mixin.py:137} INFO - [2023-03-22T17:09:07.104+0300] {dagbag.py:532} INFO - Filling up the DagBag from /home/sgm/airflow/dags/hw_dag.py
[2023-03-22T17:09:07.487+0300] {processor.py:753} INFO - DAG(s) dict_keys(['car_price_prediction']) retrieved from /home/sgm/airflow/dags/hw_dag.py
[2023-03-22T17:09:07.500+0300] {logging_mixin.py:137} INFO - [2023-03-22T17:09:07.500+0300] {dag.py:2693} INFO - Sync 1 DAGs
[2023-03-22T17:09:07.522+0300] {processor.py:175} INFO - Processing /home/sgm/airflow/dags/hw_dag.py took 0.423 seconds
[2023-03-22T17:09:37.675+0300] {processor.py:153} INFO - Started process (PID=24378) to work on /home/sgm/airflow/dags/hw_dag.py
[2023-03-22T17:09:37.677+0300] {processor.py:743} INFO - Processing file /home/sgm/airflow/dags/hw_dag.py for tasks to queue
[2023-03-22T17:09:37.677+0300] {logging_mixin.py:137} INFO - [2023-03-22T17:09:37.677+0300] {dagbag.py:532} INFO - Filling up the DagBag from /home/sgm/airflow/dags/hw_dag.py
[2023-03-22T17:09:38.054+0300] {processor.py:753} INFO - DAG(s) dict_keys(['car_price_prediction']) retrieved from /home/sgm/airflow/dags/hw_dag.py
[2023-03-22T17:09:38.071+0300] {logging_mixin.py:137} INFO - [2023-03-22T17:09:38.071+0300] {dag.py:2693} INFO - Sync 1 DAGs
[2023-03-22T17:09:38.093+0300] {processor.py:175} INFO - Processing /home/sgm/airflow/dags/hw_dag.py took 0.420 seconds
[2023-03-22T17:10:08.344+0300] {processor.py:153} INFO - Started process (PID=24521) to work on /home/sgm/airflow/dags/hw_dag.py
[2023-03-22T17:10:08.346+0300] {processor.py:743} INFO - Processing file /home/sgm/airflow/dags/hw_dag.py for tasks to queue
[2023-03-22T17:10:08.346+0300] {logging_mixin.py:137} INFO - [2023-03-22T17:10:08.346+0300] {dagbag.py:532} INFO - Filling up the DagBag from /home/sgm/airflow/dags/hw_dag.py
[2023-03-22T17:10:08.697+0300] {processor.py:753} INFO - DAG(s) dict_keys(['car_price_prediction']) retrieved from /home/sgm/airflow/dags/hw_dag.py
[2023-03-22T17:10:08.712+0300] {logging_mixin.py:137} INFO - [2023-03-22T17:10:08.712+0300] {dag.py:2693} INFO - Sync 1 DAGs
[2023-03-22T17:10:08.733+0300] {processor.py:175} INFO - Processing /home/sgm/airflow/dags/hw_dag.py took 0.393 seconds
