[2023-03-22T16:57:35.113+0300] {taskinstance.py:1084} INFO - Dependencies all met for dep_context=non-requeueable deps ti=<TaskInstance: car_price_prediction.model_creation scheduled__2022-07-26T15:00:00+00:00 [queued]>
[2023-03-22T16:57:35.127+0300] {taskinstance.py:1084} INFO - Dependencies all met for dep_context=requeueable deps ti=<TaskInstance: car_price_prediction.model_creation scheduled__2022-07-26T15:00:00+00:00 [queued]>
[2023-03-22T16:57:35.127+0300] {taskinstance.py:1282} INFO - 
--------------------------------------------------------------------------------
[2023-03-22T16:57:35.127+0300] {taskinstance.py:1283} INFO - Starting attempt 1 of 2
[2023-03-22T16:57:35.127+0300] {taskinstance.py:1284} INFO - 
--------------------------------------------------------------------------------
[2023-03-22T16:57:35.144+0300] {taskinstance.py:1303} INFO - Executing <Task(PythonOperator): model_creation> on 2022-07-26 15:00:00+00:00
[2023-03-22T16:57:35.151+0300] {standard_task_runner.py:55} INFO - Started process 9114 to run task
[2023-03-22T16:57:35.154+0300] {standard_task_runner.py:82} INFO - Running: ['airflow', 'tasks', 'run', 'car_price_prediction', 'model_creation', 'scheduled__2022-07-26T15:00:00+00:00', '--job-id', '857', '--raw', '--subdir', 'DAGS_FOLDER/hw_dag.py', '--cfg-path', '/tmp/tmptcwo8_r7']
[2023-03-22T16:57:35.157+0300] {standard_task_runner.py:83} INFO - Job 857: Subtask model_creation
[2023-03-22T16:57:35.254+0300] {task_command.py:388} INFO - Running <TaskInstance: car_price_prediction.model_creation scheduled__2022-07-26T15:00:00+00:00 [running]> on host sgm-msi
[2023-03-22T16:57:35.354+0300] {taskinstance.py:1509} INFO - Exporting the following env vars:
AIRFLOW_CTX_DAG_OWNER=airflow
AIRFLOW_CTX_DAG_ID=car_price_prediction
AIRFLOW_CTX_TASK_ID=model_creation
AIRFLOW_CTX_EXECUTION_DATE=2022-07-26T15:00:00+00:00
AIRFLOW_CTX_TRY_NUMBER=1
AIRFLOW_CTX_DAG_RUN_ID=scheduled__2022-07-26T15:00:00+00:00
[2023-03-22T16:57:37.211+0300] {pipeline.py:121} INFO - model: LogisticRegression, acc_mean: 0.7591, acc_std: 0.0075
[2023-03-22T16:58:11.744+0300] {pipeline.py:121} INFO - model: RandomForestClassifier, acc_mean: 0.7782, acc_std: 0.0039
[2023-03-22T16:58:26.560+0300] {pipeline.py:121} INFO - model: SVC, acc_mean: 0.7871, acc_std: 0.0042
[2023-03-22T16:58:26.560+0300] {pipeline.py:126} INFO - best model: SVC, accuracy: 0.7871
[2023-03-22T16:58:30.942+0300] {pipeline.py:134} INFO - Model is saved as /home/sgm/PycharmProjects/33homework/data/models/cars_pipe.pkl
[2023-03-22T16:58:30.945+0300] {python.py:177} INFO - Done. Returned value was: None
[2023-03-22T16:58:30.959+0300] {taskinstance.py:1321} INFO - Marking task as SUCCESS. dag_id=car_price_prediction, task_id=model_creation, execution_date=20220726T150000, start_date=20230322T135735, end_date=20230322T135830
[2023-03-22T16:58:30.998+0300] {local_task_job.py:212} INFO - Task exited with return code 0
[2023-03-22T16:58:31.026+0300] {taskinstance.py:2585} INFO - 1 downstream tasks scheduled from follow-on schedule check
